;  Assembly code generated by mikroVirtualMachine - V. 5.0.0.3
;  Date/Time: 15/05/2020 17:48:45
;  Info: http://www.mikroe.com


; ADDRESS	OPCODE	ASM
; ----------------------------------------------
$0000	$2804			GOTO	_main
$04C9	$	_mul_32x32_u:
$04C9	$1303			BCF	STATUS, RP1
$04CA	$1283			BCF	STATUS, RP0
;math.ppas,1570 :: 		
;math.ppas,1578 :: 		
$04CB	$3022			MOVLW	34
;math.ppas,1579 :: 		
$04CC	$00FC			MOVWF	STACK_12
;math.ppas,1580 :: 		
$04CD	$01F8			CLRF	STACK_8
;math.ppas,1581 :: 		
$04CE	$01F9			CLRF	STACK_9
;math.ppas,1582 :: 		
$04CF	$01FA			CLRF	STACK_10
;math.ppas,1584 :: 		
$04D0	$01FB			CLRF	STACK_11
;math.ppas,1588 :: 		
$04D1	$	_NEXT:
;math.ppas,1589 :: 		
$04D1	$03FC			DECF	STACK_12, F
;math.ppas,1590 :: 		
$04D2	$1903			BTFSC	STATUS, Z
;math.ppas,1591 :: 		
$04D3	$2CFF			GOTO	_EXIT2
;math.ppas,1593 :: 		
$04D4	$1003			BCF	STATUS, C
;math.ppas,1602 :: 		
$04D5	$	_LOOP:
;math.ppas,1603 :: 		
$04D5	$0CFB			RRF	STACK_11, F
;math.ppas,1604 :: 		
$04D6	$0CFA			RRF	STACK_10, F
;math.ppas,1605 :: 		
$04D7	$0CF9			RRF	STACK_9, F
;math.ppas,1606 :: 		
$04D8	$0CF8			RRF	STACK_8, F
;math.ppas,1607 :: 		
$04D9	$0CF3			RRF	STACK_3, F
;math.ppas,1608 :: 		
$04DA	$0CF2			RRF	STACK_2, F
;math.ppas,1609 :: 		
$04DB	$0CF1			RRF	STACK_1, F
;math.ppas,1614 :: 		
$04DC	$0CF0			RRF	STACK_0, F
;math.ppas,1615 :: 		
$04DD	$1C03			BTFSS	STATUS, C
;math.ppas,1616 :: 		
$04DE	$2CD1			GOTO	_NEXT
;math.ppas,1617 :: 		
$04DF	$03FC			DECF	STACK_12, F
;math.ppas,1618 :: 		
$04E0	$1903			BTFSC	STATUS, Z
;math.ppas,1625 :: 		
$04E1	$2CF1			GOTO	_EXIT1
;math.ppas,1626 :: 		
$04E2	$0874			MOVF	STACK_4, W
;math.ppas,1627 :: 		
$04E3	$07F8			ADDWF	STACK_8, F
;math.ppas,1628 :: 		
$04E4	$0875			MOVF	STACK_5, W
;math.ppas,1629 :: 		
$04E5	$1803			BTFSC	STATUS, C
;math.ppas,1630 :: 		
$04E6	$0F75			INCFSZ	STACK_5, W
;math.ppas,1631 :: 		
$04E7	$07F9			ADDWF	STACK_9, F
;math.ppas,1632 :: 		
$04E8	$0876			MOVF	STACK_6, W
;math.ppas,1633 :: 		
$04E9	$1803			BTFSC	STATUS, C
;math.ppas,1634 :: 		
$04EA	$0F76			INCFSZ	STACK_6, W
;math.ppas,1635 :: 		
$04EB	$07FA			ADDWF	STACK_10, F
;math.ppas,1636 :: 		
$04EC	$0877			MOVF	STACK_7, W
;math.ppas,1637 :: 		
$04ED	$1803			BTFSC	STATUS, C
;math.ppas,1638 :: 		
$04EE	$0F77			INCFSZ	STACK_7, W
;math.ppas,1640 :: 		
$04EF	$07FB			ADDWF	STACK_11, F
;math.ppas,1642 :: 		
$04F0	$2CD5			GOTO	_LOOP
;math.ppas,1647 :: 		
$04F1	$	_EXIT1:
;math.ppas,1648 :: 		
$04F1	$0874			MOVF	STACK_4, W
;math.ppas,1649 :: 		
$04F2	$07F8			ADDWF	STACK_8, F
;math.ppas,1650 :: 		
$04F3	$0875			MOVF	STACK_5, W
;math.ppas,1651 :: 		
$04F4	$1803			BTFSC	STATUS, C
;math.ppas,1652 :: 		
$04F5	$0F75			INCFSZ	STACK_5, W
;math.ppas,1653 :: 		
$04F6	$07F9			ADDWF	STACK_9, F
;math.ppas,1654 :: 		
$04F7	$0876			MOVF	STACK_6, W
;math.ppas,1655 :: 		
$04F8	$1803			BTFSC	STATUS, C
;math.ppas,1656 :: 		
$04F9	$0F76			INCFSZ	STACK_6, W
;math.ppas,1657 :: 		
$04FA	$07FA			ADDWF	STACK_10, F
;math.ppas,1658 :: 		
$04FB	$0877			MOVF	STACK_7, W
;math.ppas,1659 :: 		
$04FC	$1803			BTFSC	STATUS, C
;math.ppas,1660 :: 		
$04FD	$0F77			INCFSZ	STACK_7, W
;math.ppas,1663 :: 		
$04FE	$07FB			ADDWF	STACK_11, F
;math.ppas,1664 :: 		
$04FF	$	_EXIT2:
;math.ppas,1665 :: 		
$04FF	$	math_L_13:
;math.ppas,1666 :: 		
$04FF	$0008			RETURN
$011E	$	_sdiv3232l:
$011E	$1303			BCF	STATUS, RP1
$011F	$1283			BCF	STATUS, RP0
;math.ppas,539 :: 		
;math.ppas,541 :: 		
$0120	$0874			MOVF	STACK_4, W
;math.ppas,542 :: 		
$0121	$02F8			SUBWF	STACK_8, F
;math.ppas,543 :: 		
$0122	$0875			MOVF	STACK_5, W
;math.ppas,544 :: 		
$0123	$1C03			BTFSS	STATUS, C
;math.ppas,545 :: 		
$0124	$0F75			INCFSZ	STACK_5, W
;math.ppas,546 :: 		
$0125	$02F9			SUBWF	STACK_9, F
;math.ppas,547 :: 		
$0126	$0876			MOVF	STACK_6, W
;math.ppas,548 :: 		
$0127	$1C03			BTFSS	STATUS, C
;math.ppas,549 :: 		
$0128	$0F76			INCFSZ	STACK_6, W
;math.ppas,550 :: 		
$0129	$02FA			SUBWF	STACK_10, F
;math.ppas,551 :: 		
$012A	$0877			MOVF	STACK_7, W
;math.ppas,552 :: 		
$012B	$1C03			BTFSS	STATUS, C
;math.ppas,553 :: 		
$012C	$0F77			INCFSZ	STACK_7, W
;math.ppas,554 :: 		
$012D	$02FB			SUBWF	STACK_11, F
;math.ppas,556 :: 		
$012E	$0DF3			RLF	STACK_3, F
;math.ppas,557 :: 		
$012F	$3007			MOVLW	7
;math.ppas,559 :: 		
$0130	$00FC			MOVWF	STACK_12
;math.ppas,560 :: 		
$0131	$	LOOPS3232A:
;math.ppas,561 :: 		
$0131	$0D73			RLF	STACK_3, W
;math.ppas,562 :: 		
$0132	$0DF8			RLF	STACK_8, F
;math.ppas,563 :: 		
$0133	$0DF9			RLF	STACK_9, F
;math.ppas,564 :: 		
$0134	$0DFA			RLF	STACK_10, F
;math.ppas,565 :: 		
$0135	$0DFB			RLF	STACK_11, F
;math.ppas,566 :: 		
$0136	$0874			MOVF	STACK_4, W
;math.ppas,567 :: 		
$0137	$1C73			BTFSS	STACK_3, 0
;math.ppas,569 :: 		
$0138	$2947			GOTO	SADD22LA
;math.ppas,570 :: 		
$0139	$02F8			SUBWF	STACK_8, F
;math.ppas,571 :: 		
$013A	$0875			MOVF	STACK_5, W
;math.ppas,572 :: 		
$013B	$1C03			BTFSS	STATUS, C
;math.ppas,573 :: 		
$013C	$0F75			INCFSZ	STACK_5, W
;math.ppas,574 :: 		
$013D	$02F9			SUBWF	STACK_9, F
;math.ppas,575 :: 		
$013E	$0876			MOVF	STACK_6, W
;math.ppas,576 :: 		
$013F	$1C03			BTFSS	STATUS, C
;math.ppas,577 :: 		
$0140	$0F76			INCFSZ	STACK_6, W
;math.ppas,578 :: 		
$0141	$02FA			SUBWF	STACK_10, F
;math.ppas,579 :: 		
$0142	$0877			MOVF	STACK_7, W
;math.ppas,580 :: 		
$0143	$1C03			BTFSS	STATUS, C
;math.ppas,581 :: 		
$0144	$0F77			INCFSZ	STACK_7, W
;math.ppas,582 :: 		
$0145	$02FB			SUBWF	STACK_11, F
;math.ppas,584 :: 		
$0146	$2954			GOTO	SOK22LA
;math.ppas,585 :: 		
$0147	$	SADD22LA:
;math.ppas,586 :: 		
$0147	$07F8			ADDWF	STACK_8, F
;math.ppas,587 :: 		
$0148	$0875			MOVF	STACK_5, W
;math.ppas,588 :: 		
$0149	$1803			BTFSC	STATUS, C
;math.ppas,589 :: 		
$014A	$0F75			INCFSZ	STACK_5, W
;math.ppas,590 :: 		
$014B	$07F9			ADDWF	STACK_9, F
;math.ppas,591 :: 		
$014C	$0876			MOVF	STACK_6, W
;math.ppas,592 :: 		
$014D	$1803			BTFSC	STATUS, C
;math.ppas,593 :: 		
$014E	$0F76			INCFSZ	STACK_6, W
;math.ppas,594 :: 		
$014F	$07FA			ADDWF	STACK_10, F
;math.ppas,595 :: 		
$0150	$0877			MOVF	STACK_7, W
;math.ppas,596 :: 		
$0151	$1803			BTFSC	STATUS, C
;math.ppas,597 :: 		
$0152	$0F77			INCFSZ	STACK_7, W
;math.ppas,599 :: 		
$0153	$07FB			ADDWF	STACK_11, F
;math.ppas,600 :: 		
$0154	$	SOK22LA:
;math.ppas,602 :: 		
$0154	$0DF3			RLF	STACK_3, F
;math.ppas,603 :: 		
$0155	$0BFC			DECFSZ	STACK_12, F
;math.ppas,605 :: 		
$0156	$2931			GOTO	LOOPS3232A
;math.ppas,606 :: 		
$0157	$0D72			RLF	STACK_2, W
;math.ppas,607 :: 		
$0158	$0DF8			RLF	STACK_8, F
;math.ppas,608 :: 		
$0159	$0DF9			RLF	STACK_9, F
;math.ppas,609 :: 		
$015A	$0DFA			RLF	STACK_10, F
;math.ppas,610 :: 		
$015B	$0DFB			RLF	STACK_11, F
;math.ppas,611 :: 		
$015C	$0874			MOVF	STACK_4, W
;math.ppas,612 :: 		
$015D	$1C73			BTFSS	STACK_3, 0
;math.ppas,614 :: 		
$015E	$296D			GOTO	SADD22L8
;math.ppas,615 :: 		
$015F	$02F8			SUBWF	STACK_8, F
;math.ppas,616 :: 		
$0160	$0875			MOVF	STACK_5, W
;math.ppas,617 :: 		
$0161	$1C03			BTFSS	STATUS, C
;math.ppas,618 :: 		
$0162	$0F75			INCFSZ	STACK_5, W
;math.ppas,619 :: 		
$0163	$02F9			SUBWF	STACK_9, F
;math.ppas,620 :: 		
$0164	$0876			MOVF	STACK_6, W
;math.ppas,621 :: 		
$0165	$1C03			BTFSS	STATUS, C
;math.ppas,622 :: 		
$0166	$0F76			INCFSZ	STACK_6, W
;math.ppas,623 :: 		
$0167	$02FA			SUBWF	STACK_10, F
;math.ppas,624 :: 		
$0168	$0877			MOVF	STACK_7, W
;math.ppas,625 :: 		
$0169	$1C03			BTFSS	STATUS, C
;math.ppas,626 :: 		
$016A	$0F77			INCFSZ	STACK_7, W
;math.ppas,627 :: 		
$016B	$02FB			SUBWF	STACK_11, F
;math.ppas,629 :: 		
$016C	$297A			GOTO	SOK22L8
;math.ppas,630 :: 		
$016D	$	SADD22L8:
;math.ppas,631 :: 		
$016D	$07F8			ADDWF	STACK_8, F
;math.ppas,632 :: 		
$016E	$0875			MOVF	STACK_5, W
;math.ppas,633 :: 		
$016F	$1803			BTFSC	STATUS, C
;math.ppas,634 :: 		
$0170	$0F75			INCFSZ	STACK_5, W
;math.ppas,635 :: 		
$0171	$07F9			ADDWF	STACK_9, F
;math.ppas,636 :: 		
$0172	$0876			MOVF	STACK_6, W
;math.ppas,637 :: 		
$0173	$1803			BTFSC	STATUS, C
;math.ppas,638 :: 		
$0174	$0F76			INCFSZ	STACK_6, W
;math.ppas,639 :: 		
$0175	$07FA			ADDWF	STACK_10, F
;math.ppas,640 :: 		
$0176	$0877			MOVF	STACK_7, W
;math.ppas,641 :: 		
$0177	$1803			BTFSC	STATUS, C
;math.ppas,642 :: 		
$0178	$0F77			INCFSZ	STACK_7, W
;math.ppas,644 :: 		
$0179	$07FB			ADDWF	STACK_11, F
;math.ppas,645 :: 		
$017A	$	SOK22L8:
;math.ppas,647 :: 		
$017A	$0DF2			RLF	STACK_2, F
;math.ppas,648 :: 		
$017B	$3007			MOVLW	7
;math.ppas,650 :: 		
$017C	$00FC			MOVWF	STACK_12
;math.ppas,651 :: 		
$017D	$	LOOPS3232B:
;math.ppas,652 :: 		
$017D	$0D72			RLF	STACK_2, W
;math.ppas,653 :: 		
$017E	$0DF8			RLF	STACK_8, F
;math.ppas,654 :: 		
$017F	$0DF9			RLF	STACK_9, F
;math.ppas,655 :: 		
$0180	$0DFA			RLF	STACK_10, F
;math.ppas,656 :: 		
$0181	$0DFB			RLF	STACK_11, F
;math.ppas,657 :: 		
$0182	$0874			MOVF	STACK_4, W
;math.ppas,658 :: 		
$0183	$1C72			BTFSS	STACK_2, 0
;math.ppas,660 :: 		
$0184	$2993			GOTO	SADD22LB
;math.ppas,661 :: 		
$0185	$02F8			SUBWF	STACK_8, F
;math.ppas,662 :: 		
$0186	$0875			MOVF	STACK_5, W
;math.ppas,663 :: 		
$0187	$1C03			BTFSS	STATUS, C
;math.ppas,664 :: 		
$0188	$0F75			INCFSZ	STACK_5, W
;math.ppas,665 :: 		
$0189	$02F9			SUBWF	STACK_9, F
;math.ppas,666 :: 		
$018A	$0876			MOVF	STACK_6, W
;math.ppas,667 :: 		
$018B	$1C03			BTFSS	STATUS, C
;math.ppas,668 :: 		
$018C	$0F76			INCFSZ	STACK_6, W
;math.ppas,669 :: 		
$018D	$02FA			SUBWF	STACK_10, F
;math.ppas,670 :: 		
$018E	$0877			MOVF	STACK_7, W
;math.ppas,671 :: 		
$018F	$1C03			BTFSS	STATUS, C
;math.ppas,672 :: 		
$0190	$0F77			INCFSZ	STACK_7, W
;math.ppas,673 :: 		
$0191	$02FB			SUBWF	STACK_11, F
;math.ppas,675 :: 		
$0192	$29A0			GOTO	SOK22LB
;math.ppas,676 :: 		
$0193	$	SADD22LB:
;math.ppas,677 :: 		
$0193	$07F8			ADDWF	STACK_8, F
;math.ppas,678 :: 		
$0194	$0875			MOVF	STACK_5, W
;math.ppas,679 :: 		
$0195	$1803			BTFSC	STATUS, C
;math.ppas,680 :: 		
$0196	$0F75			INCFSZ	STACK_5, W
;math.ppas,681 :: 		
$0197	$07F9			ADDWF	STACK_9, F
;math.ppas,682 :: 		
$0198	$0876			MOVF	STACK_6, W
;math.ppas,683 :: 		
$0199	$1803			BTFSC	STATUS, C
;math.ppas,684 :: 		
$019A	$0F76			INCFSZ	STACK_6, W
;math.ppas,685 :: 		
$019B	$07FA			ADDWF	STACK_10, F
;math.ppas,686 :: 		
$019C	$0877			MOVF	STACK_7, W
;math.ppas,687 :: 		
$019D	$1803			BTFSC	STATUS, C
;math.ppas,688 :: 		
$019E	$0F77			INCFSZ	STACK_7, W
;math.ppas,690 :: 		
$019F	$07FB			ADDWF	STACK_11, F
;math.ppas,691 :: 		
$01A0	$	SOK22LB:
;math.ppas,693 :: 		
$01A0	$0DF2			RLF	STACK_2, F
;math.ppas,694 :: 		
$01A1	$0BFC			DECFSZ	STACK_12, F
;math.ppas,696 :: 		
$01A2	$297D			GOTO	LOOPS3232B
;math.ppas,697 :: 		
$01A3	$0D71			RLF	STACK_1, W
;math.ppas,698 :: 		
$01A4	$0DF8			RLF	STACK_8, F
;math.ppas,699 :: 		
$01A5	$0DF9			RLF	STACK_9, F
;math.ppas,700 :: 		
$01A6	$0DFA			RLF	STACK_10, F
;math.ppas,701 :: 		
$01A7	$0DFB			RLF	STACK_11, F
;math.ppas,702 :: 		
$01A8	$0874			MOVF	STACK_4, W
;math.ppas,703 :: 		
$01A9	$1C72			BTFSS	STACK_2, 0
;math.ppas,705 :: 		
$01AA	$29B9			GOTO	SADD22L16
;math.ppas,706 :: 		
$01AB	$02F8			SUBWF	STACK_8, F
;math.ppas,707 :: 		
$01AC	$0875			MOVF	STACK_5, W
;math.ppas,708 :: 		
$01AD	$1C03			BTFSS	STATUS, C
;math.ppas,709 :: 		
$01AE	$0F75			INCFSZ	STACK_5, W
;math.ppas,710 :: 		
$01AF	$02F9			SUBWF	STACK_9, F
;math.ppas,711 :: 		
$01B0	$0876			MOVF	STACK_6, W
;math.ppas,712 :: 		
$01B1	$1C03			BTFSS	STATUS, C
;math.ppas,713 :: 		
$01B2	$0F76			INCFSZ	STACK_6, W
;math.ppas,714 :: 		
$01B3	$02FA			SUBWF	STACK_10, F
;math.ppas,715 :: 		
$01B4	$0877			MOVF	STACK_7, W
;math.ppas,716 :: 		
$01B5	$1C03			BTFSS	STATUS, C
;math.ppas,717 :: 		
$01B6	$0F77			INCFSZ	STACK_7, W
;math.ppas,718 :: 		
$01B7	$02FB			SUBWF	STACK_11, F
;math.ppas,720 :: 		
$01B8	$29C6			GOTO	SOK22L16
;math.ppas,721 :: 		
$01B9	$	SADD22L16:
;math.ppas,722 :: 		
$01B9	$07F8			ADDWF	STACK_8, F
;math.ppas,723 :: 		
$01BA	$0875			MOVF	STACK_5, W
;math.ppas,724 :: 		
$01BB	$1803			BTFSC	STATUS, C
;math.ppas,725 :: 		
$01BC	$0F75			INCFSZ	STACK_5, W
;math.ppas,726 :: 		
$01BD	$07F9			ADDWF	STACK_9, F
;math.ppas,727 :: 		
$01BE	$0876			MOVF	STACK_6, W
;math.ppas,728 :: 		
$01BF	$1803			BTFSC	STATUS, C
;math.ppas,729 :: 		
$01C0	$0F76			INCFSZ	STACK_6, W
;math.ppas,730 :: 		
$01C1	$07FA			ADDWF	STACK_10, F
;math.ppas,731 :: 		
$01C2	$0877			MOVF	STACK_7, W
;math.ppas,732 :: 		
$01C3	$1803			BTFSC	STATUS, C
;math.ppas,733 :: 		
$01C4	$0F77			INCFSZ	STACK_7, W
;math.ppas,735 :: 		
$01C5	$07FB			ADDWF	STACK_11, F
;math.ppas,736 :: 		
$01C6	$	SOK22L16:
;math.ppas,738 :: 		
$01C6	$0DF1			RLF	STACK_1, F
;math.ppas,739 :: 		
$01C7	$3007			MOVLW	7
;math.ppas,741 :: 		
$01C8	$00FC			MOVWF	STACK_12
;math.ppas,742 :: 		
$01C9	$	LOOPS3232C:
;math.ppas,743 :: 		
$01C9	$0D71			RLF	STACK_1, W
;math.ppas,744 :: 		
$01CA	$0DF8			RLF	STACK_8, F
;math.ppas,745 :: 		
$01CB	$0DF9			RLF	STACK_9, F
;math.ppas,746 :: 		
$01CC	$0DFA			RLF	STACK_10, F
;math.ppas,747 :: 		
$01CD	$0DFB			RLF	STACK_11, F
;math.ppas,748 :: 		
$01CE	$0874			MOVF	STACK_4, W
;math.ppas,749 :: 		
$01CF	$1C71			BTFSS	STACK_1, 0
;math.ppas,751 :: 		
$01D0	$29DF			GOTO	SADD22LC
;math.ppas,752 :: 		
$01D1	$02F8			SUBWF	STACK_8, F
;math.ppas,753 :: 		
$01D2	$0875			MOVF	STACK_5, W
;math.ppas,754 :: 		
$01D3	$1C03			BTFSS	STATUS, C
;math.ppas,755 :: 		
$01D4	$0F75			INCFSZ	STACK_5, W
;math.ppas,756 :: 		
$01D5	$02F9			SUBWF	STACK_9, F
;math.ppas,757 :: 		
$01D6	$0876			MOVF	STACK_6, W
;math.ppas,758 :: 		
$01D7	$1C03			BTFSS	STATUS, C
;math.ppas,759 :: 		
$01D8	$0F76			INCFSZ	STACK_6, W
;math.ppas,760 :: 		
$01D9	$02FA			SUBWF	STACK_10, F
;math.ppas,761 :: 		
$01DA	$0877			MOVF	STACK_7, W
;math.ppas,762 :: 		
$01DB	$1C03			BTFSS	STATUS, C
;math.ppas,763 :: 		
$01DC	$0F77			INCFSZ	STACK_7, W
;math.ppas,764 :: 		
$01DD	$02FB			SUBWF	STACK_11, F
;math.ppas,766 :: 		
$01DE	$29EC			GOTO	SOK22LC
;math.ppas,767 :: 		
$01DF	$	SADD22LC:
;math.ppas,768 :: 		
$01DF	$07F8			ADDWF	STACK_8, F
;math.ppas,769 :: 		
$01E0	$0875			MOVF	STACK_5, W
;math.ppas,770 :: 		
$01E1	$1803			BTFSC	STATUS, C
;math.ppas,771 :: 		
$01E2	$0F75			INCFSZ	STACK_5, W
;math.ppas,772 :: 		
$01E3	$07F9			ADDWF	STACK_9, F
;math.ppas,773 :: 		
$01E4	$0876			MOVF	STACK_6, W
;math.ppas,774 :: 		
$01E5	$1803			BTFSC	STATUS, C
;math.ppas,775 :: 		
$01E6	$0F76			INCFSZ	STACK_6, W
;math.ppas,776 :: 		
$01E7	$07FA			ADDWF	STACK_10, F
;math.ppas,777 :: 		
$01E8	$0877			MOVF	STACK_7, W
;math.ppas,778 :: 		
$01E9	$1803			BTFSC	STATUS, C
;math.ppas,779 :: 		
$01EA	$0F77			INCFSZ	STACK_7, W
;math.ppas,781 :: 		
$01EB	$07FB			ADDWF	STACK_11, F
;math.ppas,782 :: 		
$01EC	$	SOK22LC:
;math.ppas,784 :: 		
$01EC	$0DF1			RLF	STACK_1, F
;math.ppas,785 :: 		
$01ED	$0BFC			DECFSZ	STACK_12, F
;math.ppas,787 :: 		
$01EE	$29C9			GOTO	LOOPS3232C
;math.ppas,788 :: 		
$01EF	$0D70			RLF	STACK_0, W
;math.ppas,789 :: 		
$01F0	$0DF8			RLF	STACK_8, F
;math.ppas,790 :: 		
$01F1	$0DF9			RLF	STACK_9, F
;math.ppas,791 :: 		
$01F2	$0DFA			RLF	STACK_10, F
;math.ppas,792 :: 		
$01F3	$0DFB			RLF	STACK_11, F
;math.ppas,793 :: 		
$01F4	$0874			MOVF	STACK_4, W
;math.ppas,794 :: 		
$01F5	$1C71			BTFSS	STACK_1, 0
;math.ppas,796 :: 		
$01F6	$2A05			GOTO	SADD22L24
;math.ppas,797 :: 		
$01F7	$02F8			SUBWF	STACK_8, F
;math.ppas,798 :: 		
$01F8	$0875			MOVF	STACK_5, W
;math.ppas,799 :: 		
$01F9	$1C03			BTFSS	STATUS, C
;math.ppas,800 :: 		
$01FA	$0F75			INCFSZ	STACK_5, W
;math.ppas,801 :: 		
$01FB	$02F9			SUBWF	STACK_9, F
;math.ppas,802 :: 		
$01FC	$0876			MOVF	STACK_6, W
;math.ppas,803 :: 		
$01FD	$1C03			BTFSS	STATUS, C
;math.ppas,804 :: 		
$01FE	$0F76			INCFSZ	STACK_6, W
;math.ppas,805 :: 		
$01FF	$02FA			SUBWF	STACK_10, F
;math.ppas,806 :: 		
$0200	$0877			MOVF	STACK_7, W
;math.ppas,807 :: 		
$0201	$1C03			BTFSS	STATUS, C
;math.ppas,808 :: 		
$0202	$0F77			INCFSZ	STACK_7, W
;math.ppas,809 :: 		
$0203	$02FB			SUBWF	STACK_11, F
;math.ppas,811 :: 		
$0204	$2A12			GOTO	SOK22L24
;math.ppas,812 :: 		
$0205	$	SADD22L24:
;math.ppas,813 :: 		
$0205	$07F8			ADDWF	STACK_8, F
;math.ppas,814 :: 		
$0206	$0875			MOVF	STACK_5, W
;math.ppas,815 :: 		
$0207	$1803			BTFSC	STATUS, C
;math.ppas,816 :: 		
$0208	$0F75			INCFSZ	STACK_5, W
;math.ppas,817 :: 		
$0209	$07F9			ADDWF	STACK_9, F
;math.ppas,818 :: 		
$020A	$0876			MOVF	STACK_6, W
;math.ppas,819 :: 		
$020B	$1803			BTFSC	STATUS, C
;math.ppas,820 :: 		
$020C	$0F76			INCFSZ	STACK_6, W
;math.ppas,821 :: 		
$020D	$07FA			ADDWF	STACK_10, F
;math.ppas,822 :: 		
$020E	$0877			MOVF	STACK_7, W
;math.ppas,823 :: 		
$020F	$1803			BTFSC	STATUS, C
;math.ppas,824 :: 		
$0210	$0F77			INCFSZ	STACK_7, W
;math.ppas,826 :: 		
$0211	$07FB			ADDWF	STACK_11, F
;math.ppas,827 :: 		
$0212	$	SOK22L24:
;math.ppas,829 :: 		
$0212	$0DF0			RLF	STACK_0, F
;math.ppas,830 :: 		
$0213	$3007			MOVLW	7
;math.ppas,832 :: 		
$0214	$00FC			MOVWF	STACK_12
;math.ppas,833 :: 		
$0215	$	LOOPS3232D:
;math.ppas,834 :: 		
$0215	$0D70			RLF	STACK_0, W
;math.ppas,835 :: 		
$0216	$0DF8			RLF	STACK_8, F
;math.ppas,836 :: 		
$0217	$0DF9			RLF	STACK_9, F
;math.ppas,837 :: 		
$0218	$0DFA			RLF	STACK_10, F
;math.ppas,838 :: 		
$0219	$0DFB			RLF	STACK_11, F
;math.ppas,839 :: 		
$021A	$0874			MOVF	STACK_4, W
;math.ppas,840 :: 		
$021B	$1C70			BTFSS	STACK_0, 0
;math.ppas,842 :: 		
$021C	$2A2B			GOTO	SADD22LD
;math.ppas,843 :: 		
$021D	$02F8			SUBWF	STACK_8, F
;math.ppas,844 :: 		
$021E	$0875			MOVF	STACK_5, W
;math.ppas,845 :: 		
$021F	$1C03			BTFSS	STATUS, C
;math.ppas,846 :: 		
$0220	$0F75			INCFSZ	STACK_5, W
;math.ppas,847 :: 		
$0221	$02F9			SUBWF	STACK_9, F
;math.ppas,848 :: 		
$0222	$0876			MOVF	STACK_6, W
;math.ppas,849 :: 		
$0223	$1C03			BTFSS	STATUS, C
;math.ppas,850 :: 		
$0224	$0F76			INCFSZ	STACK_6, W
;math.ppas,851 :: 		
$0225	$02FA			SUBWF	STACK_10, F
;math.ppas,852 :: 		
$0226	$0877			MOVF	STACK_7, W
;math.ppas,853 :: 		
$0227	$1C03			BTFSS	STATUS, C
;math.ppas,854 :: 		
$0228	$0F77			INCFSZ	STACK_7, W
;math.ppas,855 :: 		
$0229	$02FB			SUBWF	STACK_11, F
;math.ppas,857 :: 		
$022A	$2A38			GOTO	SOK22LD
;math.ppas,858 :: 		
$022B	$	SADD22LD:
;math.ppas,859 :: 		
$022B	$07F8			ADDWF	STACK_8, F
;math.ppas,860 :: 		
$022C	$0875			MOVF	STACK_5, W
;math.ppas,861 :: 		
$022D	$1803			BTFSC	STATUS, C
;math.ppas,862 :: 		
$022E	$0F75			INCFSZ	STACK_5, W
;math.ppas,863 :: 		
$022F	$07F9			ADDWF	STACK_9, F
;math.ppas,864 :: 		
$0230	$0876			MOVF	STACK_6, W
;math.ppas,865 :: 		
$0231	$1803			BTFSC	STATUS, C
;math.ppas,866 :: 		
$0232	$0F76			INCFSZ	STACK_6, W
;math.ppas,867 :: 		
$0233	$07FA			ADDWF	STACK_10, F
;math.ppas,868 :: 		
$0234	$0877			MOVF	STACK_7, W
;math.ppas,870 :: 		
$0235	$1803			BTFSC	STATUS, C
;math.ppas,871 :: 		
$0236	$0F77			INCFSZ	STACK_7, W
;math.ppas,873 :: 		
$0237	$07FB			ADDWF	STACK_11, F
;math.ppas,874 :: 		
$0238	$	SOK22LD:
;math.ppas,876 :: 		
$0238	$0DF0			RLF	STACK_0, F
;math.ppas,877 :: 		
$0239	$0BFC			DECFSZ	STACK_12, F
;math.ppas,879 :: 		
$023A	$2A15			GOTO	LOOPS3232D
;math.ppas,880 :: 		
$023B	$1870			BTFSC	STACK_0, 0
;math.ppas,881 :: 		
$023C	$2A4B			GOTO	SOK22L
;math.ppas,882 :: 		
$023D	$0874			MOVF	STACK_4, W
;math.ppas,883 :: 		
$023E	$07F8			ADDWF	STACK_8, F
;math.ppas,884 :: 		
$023F	$0875			MOVF	STACK_5, W
;math.ppas,885 :: 		
$0240	$1803			BTFSC	STATUS, C
;math.ppas,886 :: 		
$0241	$0F75			INCFSZ	STACK_5, W
;math.ppas,887 :: 		
$0242	$07F9			ADDWF	STACK_9, F
;math.ppas,888 :: 		
$0243	$0876			MOVF	STACK_6, W
;math.ppas,889 :: 		
$0244	$1803			BTFSC	STATUS, C
;math.ppas,890 :: 		
$0245	$0F76			INCFSZ	STACK_6, W
;math.ppas,891 :: 		
$0246	$07FA			ADDWF	STACK_10, F
;math.ppas,892 :: 		
$0247	$0877			MOVF	STACK_7, W
;math.ppas,893 :: 		
$0248	$1803			BTFSC	STATUS, C
;math.ppas,894 :: 		
$0249	$0F77			INCFSZ	STACK_7, W
;math.ppas,895 :: 		
$024A	$07FB			ADDWF	STACK_11, F
;math.ppas,896 :: 		
$024B	$	SOK22L:
;math.ppas,897 :: 		
$024B	$	math_L_9:
;math.ppas,898 :: 		
$024B	$0008			RETURN
$0572	$	_comfrem:
$0572	$1303			BCF	STATUS, RP1
$0573	$1283			BCF	STATUS, RP0
;math.ppas,901 :: 		
;math.ppas,903 :: 		
$0574	$09FB			COMF	STACK_11, F
;math.ppas,904 :: 		
$0575	$09FA			COMF	STACK_10, F
;math.ppas,905 :: 		
$0576	$09F9			COMF	STACK_9, F
;math.ppas,906 :: 		
$0577	$09F8			COMF	STACK_8, F
;math.ppas,907 :: 		
$0578	$0AF8			INCF	STACK_8, F
;math.ppas,908 :: 		
$0579	$1903			BTFSC	STATUS, Z
;math.ppas,909 :: 		
$057A	$0AF9			INCF	STACK_9, F
;math.ppas,910 :: 		
$057B	$1903			BTFSC	STATUS, Z
;math.ppas,911 :: 		
$057C	$0AFA			INCF	STACK_10, F
;math.ppas,912 :: 		
$057D	$1903			BTFSC	STATUS, Z
;math.ppas,913 :: 		
$057E	$0AFB			INCF	STACK_11, F
;math.ppas,914 :: 		
$057F	$	math_L_10:
;math.ppas,915 :: 		
$057F	$0008			RETURN
$0580	$	_usart_data_ready:
;USART_b75.ppas,48 :: 		
;USART_b75.ppas,50 :: 		
$0580	$1303			BCF	STATUS, RP1
$0581	$1283			BCF	STATUS, RP0
$0582	$080C			MOVF	PIR1, 0
$0583	$00F1			MOVWF	STACK_1
$0584	$3000			MOVLW	0
$0585	$1AF1			BTFSC	STACK_1, 5
$0586	$3001			MOVLW	1
$0587	$00F1			MOVWF	STACK_1
$0588	$0871			MOVF	STACK_1, 0
$0589	$00CB			MOVWF	_usart_data_ready_local_result
$058A	$	USART_b75_L_18:
;USART_b75.ppas,51 :: 		
$058A	$084B			MOVF	_usart_data_ready_local_result, 0
$058B	$00F0			MOVWF	STACK_0
$058C	$0008			RETURN
$055F	$	_usart_read:
;USART_b75.ppas,54 :: 		
;USART_b75.ppas,55 :: 		
$055F	$1303			BCF	STATUS, RP1
$0560	$1283			BCF	STATUS, RP0
$0561	$081A			MOVF	RCREG, 0
$0562	$00CB			MOVWF	_usart_read_local_result
;USART_b75.ppas,61 :: 		
$0563	$0818			MOVF	RCSTA, 0
$0564	$00F1			MOVWF	STACK_1
$0565	$3000			MOVLW	0
$0566	$18F1			BTFSC	STACK_1, 1
$0567	$3001			MOVLW	1
$0568	$00F1			MOVWF	STACK_1
$0569	$0871			MOVF	STACK_1, 0
$056A	$3A01			XORLW	1
$056B	$1D03			BTFSS	STATUS, Z
$056C	$2D6F			GOTO	USART_b75_L_21
$056D	$	USART_b75_L_20:
;USART_b75.ppas,63 :: 		
$056D	$1218			BCF	RCSTA, 4
$056E	$	USART_b75_L_24:
;USART_b75.ppas,64 :: 		
$056E	$	USART_b75_L_25:
$056E	$1618			BSF	RCSTA, 4
$056F	$	USART_b75_L_26:
;USART_b75.ppas,65 :: 		
$056F	$	USART_b75_L_21:
$056F	$	USART_b75_L_22:
$056F	$	USART_b75_L_19:
;USART_b75.ppas,66 :: 		
$056F	$084B			MOVF	_usart_read_local_result, 0
$0570	$00F0			MOVWF	STACK_0
$0571	$0008			RETURN
$048E	$	_mul_32x32_s:
$048E	$1303			BCF	STATUS, RP1
$048F	$1283			BCF	STATUS, RP0
;math.ppas,1675 :: 		
;math.ppas,1680 :: 		
$0490	$01FD			CLRF	STACK_13
;math.ppas,1683 :: 		
$0491	$	_IF_FIRST:
;math.ppas,1684 :: 		
$0491	$1FF3			BTFSS	STACK_3, 7
;math.ppas,1686 :: 		
$0492	$2CA0			GOTO	_IF_SECOND
;math.ppas,1691 :: 		
$0493	$	_INVERCE_FIRST:
;math.ppas,1692 :: 		
$0493	$09F0			COMF	STACK_0, F
;math.ppas,1693 :: 		
$0494	$09F1			COMF	STACK_1, F
;math.ppas,1694 :: 		
$0495	$09F2			COMF	STACK_2, F
;math.ppas,1701 :: 		
$0496	$09F3			COMF	STACK_3, F
;math.ppas,1702 :: 		
$0497	$0AF0			INCF	STACK_0, F
;math.ppas,1703 :: 		
$0498	$1903			BTFSC	STATUS, Z
;math.ppas,1704 :: 		
$0499	$0AF1			INCF	STACK_1, F
;math.ppas,1705 :: 		
$049A	$1903			BTFSC	STATUS, Z
;math.ppas,1706 :: 		
$049B	$0AF2			INCF	STACK_2, F
;math.ppas,1707 :: 		
$049C	$1903			BTFSC	STATUS, Z
;math.ppas,1708 :: 		
$049D	$0AF3			INCF	STACK_3, F
;math.ppas,1709 :: 		
$049E	$3081			MOVLW	129
;math.ppas,1711 :: 		
$049F	$07FD			ADDWF	STACK_13, F
;math.ppas,1714 :: 		
$04A0	$	_IF_SECOND:
;math.ppas,1715 :: 		
$04A0	$1FF7			BTFSS	STACK_7, 7
;math.ppas,1717 :: 		
$04A1	$2CAE			GOTO	_MULT
;math.ppas,1722 :: 		
$04A2	$	_INBERSE_SECOND:
;math.ppas,1723 :: 		
$04A2	$09F4			COMF	STACK_4, F
;math.ppas,1724 :: 		
$04A3	$09F5			COMF	STACK_5, F
;math.ppas,1725 :: 		
$04A4	$09F6			COMF	STACK_6, F
;math.ppas,1732 :: 		
$04A5	$09F7			COMF	STACK_7, F
;math.ppas,1733 :: 		
$04A6	$0AF4			INCF	STACK_4, F
;math.ppas,1734 :: 		
$04A7	$1903			BTFSC	STATUS, Z
;math.ppas,1735 :: 		
$04A8	$0AF5			INCF	STACK_5, F
;math.ppas,1736 :: 		
$04A9	$1903			BTFSC	STATUS, Z
;math.ppas,1737 :: 		
$04AA	$0AF6			INCF	STACK_6, F
;math.ppas,1738 :: 		
$04AB	$1903			BTFSC	STATUS, Z
;math.ppas,1739 :: 		
$04AC	$0AF7			INCF	STACK_7, F
;math.ppas,1741 :: 		
$04AD	$0AFD			INCF	STACK_13, F
;math.ppas,1742 :: 		
$04AE	$	_MULT:
;math.ppas,1744 :: 		
$04AE	$24C9			CALL	_mul_32x32_u
;math.ppas,1748 :: 		
$04AF	$1C7D			BTFSS	STACK_13, 0
;math.ppas,1754 :: 		
$04B0	$2CC8			GOTO	_EXIT
;math.ppas,1755 :: 		
$04B1	$09F0			COMF	STACK_0, F
;math.ppas,1756 :: 		
$04B2	$09F1			COMF	STACK_1, F
;math.ppas,1757 :: 		
$04B3	$09F2			COMF	STACK_2, F
;math.ppas,1763 :: 		
$04B4	$09F3			COMF	STACK_3, F
;math.ppas,1764 :: 		
$04B5	$09F8			COMF	STACK_8, F
;math.ppas,1765 :: 		
$04B6	$09F9			COMF	STACK_9, F
;math.ppas,1766 :: 		
$04B7	$09FA			COMF	STACK_10, F
;math.ppas,1776 :: 		
$04B8	$09FB			COMF	STACK_11, F
;math.ppas,1777 :: 		
$04B9	$0AF0			INCF	STACK_0, F
;math.ppas,1778 :: 		
$04BA	$1903			BTFSC	STATUS, Z
;math.ppas,1779 :: 		
$04BB	$0AF1			INCF	STACK_1, F
;math.ppas,1780 :: 		
$04BC	$1903			BTFSC	STATUS, Z
;math.ppas,1781 :: 		
$04BD	$0AF2			INCF	STACK_2, F
;math.ppas,1782 :: 		
$04BE	$1903			BTFSC	STATUS, Z
;math.ppas,1783 :: 		
$04BF	$0AF3			INCF	STACK_3, F
;math.ppas,1784 :: 		
$04C0	$1903			BTFSC	STATUS, Z
;math.ppas,1785 :: 		
$04C1	$0AF8			INCF	STACK_8, F
;math.ppas,1786 :: 		
$04C2	$1903			BTFSC	STATUS, Z
;math.ppas,1787 :: 		
$04C3	$0AF9			INCF	STACK_9, F
;math.ppas,1788 :: 		
$04C4	$1903			BTFSC	STATUS, Z
;math.ppas,1789 :: 		
$04C5	$0AFA			INCF	STACK_10, F
;math.ppas,1790 :: 		
$04C6	$1903			BTFSC	STATUS, Z
;math.ppas,1791 :: 		
$04C7	$0AFB			INCF	STACK_11, F
;math.ppas,1792 :: 		
$04C8	$	_EXIT:
;math.ppas,1793 :: 		
$04C8	$	math_L_14:
;math.ppas,1794 :: 		
$04C8	$0008			RETURN
$052D	$	_div_16x16_u:
$052D	$1303			BCF	STATUS, RP1
$052E	$1283			BCF	STATUS, RP0
;math.ppas,108 :: 		
;math.ppas,110 :: 		
$052F	$01F8			CLRF	STACK_8
;math.ppas,111 :: 		
$0530	$01F9			CLRF	STACK_9
;math.ppas,112 :: 		
$0531	$3010			MOVLW	16
;math.ppas,113 :: 		
$0532	$00FC			MOVWF	STACK_12
;math.ppas,114 :: 		
$0533	$0D71			RLF	STACK_1, W
;math.ppas,115 :: 		
$0534	$0DF8			RLF	STACK_8, F
;math.ppas,116 :: 		
$0535	$0DF9			RLF	STACK_9, F
;math.ppas,117 :: 		
$0536	$0874			MOVF	STACK_4, W
;math.ppas,118 :: 		
$0537	$02F8			SUBWF	STACK_8, F
;math.ppas,119 :: 		
$0538	$0875			MOVF	STACK_5, W
;math.ppas,120 :: 		
$0539	$1C03			BTFSS	STATUS, C
;math.ppas,121 :: 		
$053A	$0F75			INCFSZ	STACK_5, W
;math.ppas,122 :: 		
$053B	$02F9			SUBWF	STACK_9, F
;math.ppas,123 :: 		
$053C	$1803			BTFSC	STATUS, C
;math.ppas,124 :: 		
$053D	$2D45			GOTO	$+8
;math.ppas,125 :: 		
$053E	$0874			MOVF	STACK_4, W
;math.ppas,126 :: 		
$053F	$07F8			ADDWF	STACK_8, F
;math.ppas,127 :: 		
$0540	$0875			MOVF	STACK_5, W
;math.ppas,128 :: 		
$0541	$1803			BTFSC	STATUS, C
;math.ppas,129 :: 		
$0542	$0F75			INCFSZ	STACK_5, W
;math.ppas,130 :: 		
$0543	$07F9			ADDWF	STACK_9, F
;math.ppas,131 :: 		
$0544	$1003			BCF	STATUS, C
;math.ppas,132 :: 		
$0545	$0DF0			RLF	STACK_0, F
;math.ppas,133 :: 		
$0546	$0DF1			RLF	STACK_1, F
;math.ppas,134 :: 		
$0547	$0BFC			DECFSZ	STACK_12, F
;math.ppas,135 :: 		
$0548	$2D33			GOTO	$-21
;math.ppas,136 :: 		
$0549	$	math_L_3:
;math.ppas,137 :: 		
$0549	$0008			RETURN
$030E	$	_div_32x32_s:
$030E	$1303			BCF	STATUS, RP1
$030F	$1283			BCF	STATUS, RP0
;math.ppas,925 :: 		
;math.ppas,928 :: 		
$0310	$	FXD3232S:
;math.ppas,929 :: 		
$0310	$01FC			CLRF	STACK_12
;math.ppas,930 :: 		
$0311	$1BF7			BTFSC	STACK_7, 7
;math.ppas,932 :: 		
$0312	$0AFC			INCF	STACK_12, F
;math.ppas,933 :: 		
$0313	$01FD			CLRF	STACK_13
;math.ppas,934 :: 		
$0314	$01FB			CLRF	STACK_11
;math.ppas,935 :: 		
$0315	$01FA			CLRF	STACK_10
;math.ppas,936 :: 		
$0316	$01F9			CLRF	STACK_9
;math.ppas,937 :: 		
$0317	$01F8			CLRF	STACK_8
;math.ppas,938 :: 		
$0318	$0873			MOVF	STACK_3, W
;math.ppas,939 :: 		
$0319	$0472			IORWF	STACK_2, W
;math.ppas,940 :: 		
$031A	$0471			IORWF	STACK_1, W
;math.ppas,941 :: 		
$031B	$0470			IORWF	STACK_0, W
;math.ppas,942 :: 		
$031C	$1903			BTFSC	STATUS, Z
;math.ppas,943 :: 		
$031D	$2BA2			GOTO	END_ALL
;math.ppas,944 :: 		
$031E	$0873			MOVF	STACK_3, W
;math.ppas,945 :: 		
$031F	$0677			XORWF	STACK_7, W
;math.ppas,946 :: 		
$0320	$00A0			MOVWF	MATH___MATH_TEMPB
;math.ppas,947 :: 		
$0321	$1BA0			BTFSC	MATH___MATH_TEMPB, 7
;math.ppas,951 :: 		
$0322	$09FD			COMF	STACK_13, F
;math.ppas,952 :: 		
$0323	$1FF7			BTFSS	STACK_7, 7
;math.ppas,954 :: 		
$0324	$2B30			GOTO	CA3232S
;math.ppas,955 :: 		
$0325	$09F4			COMF	STACK_4, F
;math.ppas,956 :: 		
$0326	$09F5			COMF	STACK_5, F
;math.ppas,957 :: 		
$0327	$09F6			COMF	STACK_6, F
;math.ppas,958 :: 		
$0328	$09F7			COMF	STACK_7, F
;math.ppas,959 :: 		
$0329	$0AF4			INCF	STACK_4, F
;math.ppas,960 :: 		
$032A	$1903			BTFSC	STATUS, Z
;math.ppas,961 :: 		
$032B	$0AF5			INCF	STACK_5, F
;math.ppas,962 :: 		
$032C	$1903			BTFSC	STATUS, Z
;math.ppas,963 :: 		
$032D	$0AF6			INCF	STACK_6, F
;math.ppas,964 :: 		
$032E	$1903			BTFSC	STATUS, Z
;math.ppas,966 :: 		
$032F	$0AF7			INCF	STACK_7, F
;math.ppas,967 :: 		
$0330	$	CA3232S:
;math.ppas,968 :: 		
$0330	$1FF3			BTFSS	STACK_3, 7
;math.ppas,970 :: 		
$0331	$2B3D			GOTO	C3232SX
;math.ppas,971 :: 		
$0332	$09F0			COMF	STACK_0, F
;math.ppas,972 :: 		
$0333	$09F1			COMF	STACK_1, F
;math.ppas,973 :: 		
$0334	$09F2			COMF	STACK_2, F
;math.ppas,974 :: 		
$0335	$09F3			COMF	STACK_3, F
;math.ppas,975 :: 		
$0336	$0AF0			INCF	STACK_0, F
;math.ppas,976 :: 		
$0337	$1903			BTFSC	STATUS, Z
;math.ppas,977 :: 		
$0338	$0AF1			INCF	STACK_1, F
;math.ppas,978 :: 		
$0339	$1903			BTFSC	STATUS, Z
;math.ppas,979 :: 		
$033A	$0AF2			INCF	STACK_2, F
;math.ppas,980 :: 		
$033B	$1903			BTFSC	STATUS, Z
;math.ppas,982 :: 		
$033C	$0AF3			INCF	STACK_3, F
;math.ppas,983 :: 		
$033D	$	C3232SX:
;math.ppas,984 :: 		
$033D	$0873			MOVF	STACK_3, W
;math.ppas,985 :: 		
$033E	$0477			IORWF	STACK_7, W
;math.ppas,986 :: 		
$033F	$00A0			MOVWF	MATH___MATH_TEMPB
;math.ppas,987 :: 		
$0340	$1BA0			BTFSC	MATH___MATH_TEMPB, 7
;math.ppas,988 :: 		
$0341	$2B5E			GOTO	C3232SX1
;math.ppas,989 :: 		
$0342	$	C3232S:
;math.ppas,992 :: 		
$0342	$211E			CALL	_sdiv3232l
;math.ppas,995 :: 		
$0343	$	C3232S2:
;math.ppas,996 :: 		
$0343	$1BFC			BTFSC	STACK_12, 7
;math.ppas,997 :: 		
$0344	$2B7B			GOTO	C3232SX4
;math.ppas,998 :: 		
$0345	$	C3232SOK:
;math.ppas,999 :: 		
$0345	$1FFD			BTFSS	STACK_13, 7
;math.ppas,1000 :: 		
$0346	$2BA2			GOTO	END_ALL
;math.ppas,1001 :: 		
$0347	$09F0			COMF	STACK_0, F
;math.ppas,1002 :: 		
$0348	$09F1			COMF	STACK_1, F
;math.ppas,1003 :: 		
$0349	$09F2			COMF	STACK_2, F
;math.ppas,1004 :: 		
$034A	$09F3			COMF	STACK_3, F
;math.ppas,1005 :: 		
$034B	$0AF0			INCF	STACK_0, F
;math.ppas,1006 :: 		
$034C	$1903			BTFSC	STATUS, Z
;math.ppas,1007 :: 		
$034D	$0AF1			INCF	STACK_1, F
;math.ppas,1008 :: 		
$034E	$1903			BTFSC	STATUS, Z
;math.ppas,1009 :: 		
$034F	$0AF2			INCF	STACK_2, F
;math.ppas,1010 :: 		
$0350	$1903			BTFSC	STATUS, Z
;math.ppas,1012 :: 		
$0351	$0AF3			INCF	STACK_3, F
;math.ppas,1013 :: 		
$0352	$09F8			COMF	STACK_8, F
;math.ppas,1014 :: 		
$0353	$09F9			COMF	STACK_9, F
;math.ppas,1015 :: 		
$0354	$09FA			COMF	STACK_10, F
;math.ppas,1016 :: 		
$0355	$09FB			COMF	STACK_11, F
;math.ppas,1017 :: 		
$0356	$0AF8			INCF	STACK_8, F
;math.ppas,1018 :: 		
$0357	$1903			BTFSC	STATUS, Z
;math.ppas,1019 :: 		
$0358	$0AF9			INCF	STACK_9, F
;math.ppas,1020 :: 		
$0359	$1903			BTFSC	STATUS, Z
;math.ppas,1021 :: 		
$035A	$0AFA			INCF	STACK_10, F
;math.ppas,1022 :: 		
$035B	$1903			BTFSC	STATUS, Z
;math.ppas,1024 :: 		
$035C	$0AFB			INCF	STACK_11, F
;math.ppas,1025 :: 		
$035D	$2BA2			GOTO	END_ALL
;math.ppas,1026 :: 		
$035E	$	C3232SX1:
;math.ppas,1027 :: 		
$035E	$1FF7			BTFSS	STACK_7, 7
;math.ppas,1028 :: 		
$035F	$2B75			GOTO	C3232SX3
;math.ppas,1029 :: 		
$0360	$1BF3			BTFSC	STACK_3, 7
;math.ppas,1030 :: 		
$0361	$2B6F			GOTO	C3232SX2
;math.ppas,1031 :: 		
$0362	$0873			MOVF	STACK_3, W
;math.ppas,1032 :: 		
$0363	$00FB			MOVWF	STACK_11
;math.ppas,1033 :: 		
$0364	$0872			MOVF	STACK_2, W
;math.ppas,1034 :: 		
$0365	$00FA			MOVWF	STACK_10
;math.ppas,1035 :: 		
$0366	$0871			MOVF	STACK_1, W
;math.ppas,1036 :: 		
$0367	$00F9			MOVWF	STACK_9
;math.ppas,1037 :: 		
$0368	$0870			MOVF	STACK_0, W
;math.ppas,1038 :: 		
$0369	$00F8			MOVWF	STACK_8
;math.ppas,1039 :: 		
$036A	$01F3			CLRF	STACK_3
;math.ppas,1040 :: 		
$036B	$01F2			CLRF	STACK_2
;math.ppas,1041 :: 		
$036C	$01F1			CLRF	STACK_1
;math.ppas,1042 :: 		
$036D	$01F0			CLRF	STACK_0
;math.ppas,1043 :: 		
$036E	$2B45			GOTO	C3232SOK
;math.ppas,1044 :: 		
$036F	$	C3232SX2:
;math.ppas,1045 :: 		
$036F	$01F3			CLRF	STACK_3
;math.ppas,1046 :: 		
$0370	$01F2			CLRF	STACK_2
;math.ppas,1047 :: 		
$0371	$01F1			CLRF	STACK_1
;math.ppas,1048 :: 		
$0372	$01F0			CLRF	STACK_0
;math.ppas,1049 :: 		
$0373	$0AF0			INCF	STACK_0, F
;math.ppas,1051 :: 		
$0374	$3400			RETLW	0X00
;math.ppas,1052 :: 		
$0375	$	C3232SX3:
;math.ppas,1053 :: 		
$0375	$09F3			COMF	STACK_3, F
;math.ppas,1054 :: 		
$0376	$09F2			COMF	STACK_2, F
;math.ppas,1055 :: 		
$0377	$09F1			COMF	STACK_1, F
;math.ppas,1057 :: 		
$0378	$09F0			COMF	STACK_0, F
;math.ppas,1059 :: 		
$0379	$17FC			BSF	STACK_12, 7
;math.ppas,1060 :: 		
$037A	$2B42			GOTO	C3232S
;math.ppas,1061 :: 		
$037B	$	C3232SX4:
;math.ppas,1062 :: 		
$037B	$0AF8			INCF	STACK_8, F
;math.ppas,1063 :: 		
$037C	$1903			BTFSC	STATUS, Z
;math.ppas,1064 :: 		
$037D	$0AF9			INCF	STACK_9, F
;math.ppas,1065 :: 		
$037E	$1903			BTFSC	STATUS, Z
;math.ppas,1066 :: 		
$037F	$0AFA			INCF	STACK_10, F
;math.ppas,1067 :: 		
$0380	$1903			BTFSC	STATUS, Z
;math.ppas,1068 :: 		
$0381	$0AFB			INCF	STACK_11, F
;math.ppas,1069 :: 		
$0382	$0874			MOVF	STACK_4, W
;math.ppas,1070 :: 		
$0383	$0278			SUBWF	STACK_8, W
;math.ppas,1071 :: 		
$0384	$1D03			BTFSS	STATUS, Z
;math.ppas,1072 :: 		
$0385	$2B45			GOTO	C3232SOK
;math.ppas,1073 :: 		
$0386	$0875			MOVF	STACK_5, W
;math.ppas,1074 :: 		
$0387	$0279			SUBWF	STACK_9, W
;math.ppas,1075 :: 		
$0388	$1D03			BTFSS	STATUS, Z
;math.ppas,1076 :: 		
$0389	$2B45			GOTO	C3232SOK
;math.ppas,1077 :: 		
$038A	$0876			MOVF	STACK_6, W
;math.ppas,1078 :: 		
$038B	$027A			SUBWF	STACK_10, W
;math.ppas,1079 :: 		
$038C	$1D03			BTFSS	STATUS, Z
;math.ppas,1080 :: 		
$038D	$2B45			GOTO	C3232SOK
;math.ppas,1081 :: 		
$038E	$0877			MOVF	STACK_7, W
;math.ppas,1082 :: 		
$038F	$027B			SUBWF	STACK_11, W
;math.ppas,1083 :: 		
$0390	$1D03			BTFSS	STATUS, Z
;math.ppas,1084 :: 		
$0391	$2B45			GOTO	C3232SOK
;math.ppas,1085 :: 		
$0392	$01FB			CLRF	STACK_11
;math.ppas,1086 :: 		
$0393	$01FA			CLRF	STACK_10
;math.ppas,1087 :: 		
$0394	$01F9			CLRF	STACK_9
;math.ppas,1088 :: 		
$0395	$01F8			CLRF	STACK_8
;math.ppas,1089 :: 		
$0396	$0AF0			INCF	STACK_0, F
;math.ppas,1090 :: 		
$0397	$1903			BTFSC	STATUS, Z
;math.ppas,1091 :: 		
$0398	$0AF1			INCF	STACK_1, F
;math.ppas,1092 :: 		
$0399	$1903			BTFSC	STATUS, Z
;math.ppas,1093 :: 		
$039A	$0AF2			INCF	STACK_2, F
;math.ppas,1094 :: 		
$039B	$1903			BTFSC	STATUS, Z
;math.ppas,1095 :: 		
$039C	$0AF3			INCF	STACK_3, F
;math.ppas,1096 :: 		
$039D	$1FF3			BTFSS	STACK_3, 7
;math.ppas,1097 :: 		
$039E	$2B45			GOTO	C3232SOK
;math.ppas,1098 :: 		
$039F	$01A0			CLRF	MATH___MATH_TEMPB
;math.ppas,1099 :: 		
$03A0	$1620			BSF	MATH___MATH_TEMPB, 4
;math.ppas,1100 :: 		
$03A1	$34FF			RETLW	0XFF
;math.ppas,1101 :: 		
$03A2	$	END_ALL:
;math.ppas,1102 :: 		
$03A2	$01A0			CLRF	MATH___MATH_TEMPB
;math.ppas,1103 :: 		
$03A3	$1C7C			BTFSS	STACK_12, 0
;math.ppas,1104 :: 		
$03A4	$2BA6			GOTO	AVOID_COMFREM
;math.ppas,1106 :: 		
$03A5	$2572			CALL	_comfrem
;math.ppas,1108 :: 		
$03A6	$	AVOID_COMFREM:
;math.ppas,1109 :: 		
$03A6	$3F00			ADDLW	0X00
;math.ppas,1110 :: 		
$03A7	$	math_L_11:
;math.ppas,1111 :: 		
$03A7	$0008			RETURN
$0500	$	_div_16x16_s_l:
$0500	$1303			BCF	STATUS, RP1
$0501	$1283			BCF	STATUS, RP0
;math.ppas,291 :: 		
;math.ppas,293 :: 		
$0502	$0D71			RLF	STACK_1, W
;math.ppas,294 :: 		
$0503	$0DF8			RLF	STACK_8, F
;math.ppas,295 :: 		
$0504	$0DF9			RLF	STACK_9, F
;math.ppas,296 :: 		
$0505	$0874			MOVF	STACK_4, W
;math.ppas,297 :: 		
$0506	$02F8			SUBWF	STACK_8, F
;math.ppas,298 :: 		
$0507	$0875			MOVF	STACK_5, W
;math.ppas,299 :: 		
$0508	$1C03			BTFSS	STATUS, C
;math.ppas,300 :: 		
$0509	$0F75			INCFSZ	STACK_5, W
;math.ppas,301 :: 		
$050A	$02F9			SUBWF	STACK_9, F
;math.ppas,302 :: 		
$050B	$0DF0			RLF	STACK_0, F
;math.ppas,304 :: 		
$050C	$0DF1			RLF	STACK_1, F
;math.ppas,305 :: 		
$050D	$300F			MOVLW	15
;math.ppas,307 :: 		
$050E	$00FC			MOVWF	STACK_12
;math.ppas,308 :: 		
$050F	$0D71			RLF	STACK_1, W
;math.ppas,309 :: 		
$0510	$0DF8			RLF	STACK_8, F
;math.ppas,310 :: 		
$0511	$0DF9			RLF	STACK_9, F
;math.ppas,312 :: 		
$0512	$0874			MOVF	STACK_4, W
;math.ppas,313 :: 		
$0513	$1C70			BTFSS	STACK_0, 0
;math.ppas,314 :: 		
$0514	$2D1B			GOTO	$+7
;math.ppas,315 :: 		
$0515	$02F8			SUBWF	STACK_8, F
;math.ppas,316 :: 		
$0516	$0875			MOVF	STACK_5, W
;math.ppas,317 :: 		
$0517	$1C03			BTFSS	STATUS, C
;math.ppas,318 :: 		
$0518	$0F75			INCFSZ	STACK_5, W
;math.ppas,319 :: 		
$0519	$02F9			SUBWF	STACK_9, F
;math.ppas,321 :: 		
$051A	$2D20			GOTO	$+6
;math.ppas,322 :: 		
$051B	$07F8			ADDWF	STACK_8, F
;math.ppas,323 :: 		
$051C	$0875			MOVF	STACK_5, W
;math.ppas,324 :: 		
$051D	$1803			BTFSC	STATUS, C
;math.ppas,325 :: 		
$051E	$0F75			INCFSZ	STACK_5, W
;math.ppas,327 :: 		
$051F	$07F9			ADDWF	STACK_9, F
;math.ppas,328 :: 		
$0520	$0DF0			RLF	STACK_0, F
;math.ppas,330 :: 		
$0521	$0DF1			RLF	STACK_1, F
;math.ppas,331 :: 		
$0522	$0BFC			DECFSZ	STACK_12, F
;math.ppas,333 :: 		
$0523	$2D0F			GOTO	$-20
;math.ppas,334 :: 		
$0524	$1870			BTFSC	STACK_0, 0
;math.ppas,335 :: 		
$0525	$2D2C			GOTO	$+7
;math.ppas,336 :: 		
$0526	$0874			MOVF	STACK_4, W
;math.ppas,337 :: 		
$0527	$07F8			ADDWF	STACK_8, F
;math.ppas,338 :: 		
$0528	$0875			MOVF	STACK_5, W
;math.ppas,339 :: 		
$0529	$1803			BTFSC	STATUS, C
;math.ppas,340 :: 		
$052A	$0F75			INCFSZ	STACK_5, W
;math.ppas,341 :: 		
$052B	$07F9			ADDWF	STACK_9, F
;math.ppas,342 :: 		
$052C	$	math_L_6:
;math.ppas,343 :: 		
$052C	$0008			RETURN
$0402	$	_usart_read_text:
;USART_b75.ppas,78 :: 		
;USART_b75.ppas,79 :: 		
$0402	$1303			BCF	STATUS, RP1
$0403	$1283			BCF	STATUS, RP0
$0404	$01C0			CLRF	_usart_read_text_local_i, 1
;USART_b75.ppas,80 :: 		
$0405	$01C1			CLRF	_usart_read_text_local_j, 1
;USART_b75.ppas,81 :: 		
$0406	$01C4			CLRF	_usart_read_text_local_lasti, 1
;USART_b75.ppas,82 :: 		
$0407	$083F			MOVF	FARG_Usart_Read_Text+1, 0
$0408	$0084			MOVWF	FSR
$0409	$0800			MOVF	INDF, 0
$040A	$00C3			MOVWF	_usart_read_text_local_data2
;USART_b75.ppas,83 :: 		
$040B	$	USART_b75_L_29:
;USART_b75.ppas,85 :: 		
$040B	$2580			CALL	_usart_data_ready
$040C	$0870			MOVF	STACK_0, 0
$040D	$3A00			XORLW	0
$040E	$1903			BTFSC	STATUS, Z
$040F	$2C3B			GOTO	USART_b75_L_34
$0410	$	USART_b75_L_33:
;USART_b75.ppas,87 :: 		
$0410	$255F			CALL	_usart_read
$0411	$0870			MOVF	STACK_0, 0
$0412	$00C2			MOVWF	_usart_read_text_local_data
;USART_b75.ppas,88 :: 		
$0413	$0840			MOVF	_usart_read_text_local_i, 0
$0414	$073E			ADDWF	FARG_Usart_Read_Text, 0
$0415	$00F1			MOVWF	STACK_1
$0416	$0871			MOVF	STACK_1, 0
$0417	$0084			MOVWF	FSR
$0418	$0871			MOVF	STACK_1, 0
$0419	$0084			MOVWF	FSR
$041A	$0870			MOVF	STACK_0, 0
$041B	$0080			MOVWF	INDF
;USART_b75.ppas,89 :: 		
$041C	$0842			MOVF	_usart_read_text_local_data, 0
$041D	$0643			XORWF	_usart_read_text_local_data2, 0
$041E	$1D03			BTFSS	STATUS, Z
$041F	$2C25			GOTO	USART_b75_L_37
$0420	$	USART_b75_L_36:
;USART_b75.ppas,91 :: 		
$0420	$0841			MOVF	_usart_read_text_local_j, 0
$0421	$0240			SUBWF	_usart_read_text_local_i, 0
$0422	$00C4			MOVWF	_usart_read_text_local_lasti
;USART_b75.ppas,92 :: 		
$0423	$0AC1			INCF	_usart_read_text_local_j, 1
;USART_b75.ppas,93 :: 		
$0424	$2C27			GOTO	USART_b75_L_38
;USART_b75.ppas,94 :: 		
$0425	$	USART_b75_L_37:
;USART_b75.ppas,96 :: 		
$0425	$01C1			CLRF	_usart_read_text_local_j, 1
;USART_b75.ppas,97 :: 		
$0426	$01C4			CLRF	_usart_read_text_local_lasti, 1
;USART_b75.ppas,98 :: 		
$0427	$	USART_b75_L_38:
;USART_b75.ppas,100 :: 		
$0427	$0841			MOVF	_usart_read_text_local_j, 0
$0428	$073F			ADDWF	FARG_Usart_Read_Text+1, 0
$0429	$0084			MOVWF	FSR
$042A	$0800			MOVF	INDF, 0
$042B	$00F1			MOVWF	STACK_1
$042C	$0871			MOVF	STACK_1, 0
$042D	$00C3			MOVWF	_usart_read_text_local_data2
;USART_b75.ppas,102 :: 		
$042E	$0871			MOVF	STACK_1, 0
$042F	$3A00			XORLW	0
$0430	$1D03			BTFSS	STATUS, Z
$0431	$2C33			GOTO	USART_b75_L_40
$0432	$	USART_b75_L_39:
;USART_b75.ppas,103 :: 		
$0432	$2C3C			GOTO	USART_b75_L_30
$0433	$	USART_b75_L_40:
$0433	$	USART_b75_L_41:
;USART_b75.ppas,105 :: 		
$0433	$0AC0			INCF	_usart_read_text_local_i, 1
;USART_b75.ppas,106 :: 		
$0434	$0840			MOVF	_usart_read_text_local_i, 0
$0435	$3C14			SUBLW	20
$0436	$1803			BTFSC	STATUS, C
$0437	$2C3B			GOTO	USART_b75_L_43
$0438	$	USART_b75_L_42:
;USART_b75.ppas,108 :: 		
$0438	$3013			MOVLW	19
$0439	$00C4			MOVWF	_usart_read_text_local_lasti
;USART_b75.ppas,109 :: 		
$043A	$2C3C			GOTO	USART_b75_L_30
;USART_b75.ppas,110 :: 		
$043B	$	USART_b75_L_43:
$043B	$	USART_b75_L_44:
;USART_b75.ppas,111 :: 		
$043B	$	USART_b75_L_34:
$043B	$	USART_b75_L_35:
;USART_b75.ppas,112 :: 		
$043B	$2C0B			GOTO	USART_b75_L_29
$043C	$	USART_b75_L_30:
;USART_b75.ppas,113 :: 		
$043C	$0844			MOVF	_usart_read_text_local_lasti, 0
$043D	$073E			ADDWF	FARG_Usart_Read_Text, 0
$043E	$00F0			MOVWF	STACK_0
$043F	$0870			MOVF	STACK_0, 0
$0440	$0084			MOVWF	FSR
$0441	$0870			MOVF	STACK_0, 0
$0442	$0084			MOVWF	FSR
$0443	$0180			CLRF	INDF, 1
$0444	$	USART_b75_L_27:
;USART_b75.ppas,114 :: 		
$0444	$0008			RETURN
$024C	$	_strtoint:
;conv.ppas,343 :: 		
;conv.ppas,345 :: 		
$024C	$1303			BCF	STATUS, RP1
$024D	$1283			BCF	STATUS, RP0
$024E	$01BF			CLRF	_strtoint_local_result
$024F	$01C0			CLRF	_strtoint_local_result+1
;conv.ppas,346 :: 		
$0250	$3010			MOVLW	16
$0251	$00C3			MOVWF	_strtoint_local_ep
$0252	$3027			MOVLW	39
$0253	$00C4			MOVWF	_strtoint_local_ep+1
;conv.ppas,347 :: 		
$0254	$01C1			CLRF	_strtoint_local_i
$0255	$01C2			CLRF	_strtoint_local_i+1
;conv.ppas,348 :: 		
$0256	$01C7			CLRF	_strtoint_local_tmp
$0257	$01C8			CLRF	_strtoint_local_tmp+1
$0258	$01C9			CLRF	_strtoint_local_tmp+2
$0259	$01CA			CLRF	_strtoint_local_tmp+3
;conv.ppas,349 :: 		
$025A	$01C5			CLRF	_strtoint_local_negative
$025B	$01C6			CLRF	_strtoint_local_negative+1
;conv.ppas,353 :: 		
$025C	$	conv_L_172:
$025C	$0841			MOVF	_strtoint_local_i, 0
$025D	$073E			ADDWF	FARG_StrToInt, 0
$025E	$0084			MOVWF	FSR
$025F	$0800			MOVF	INDF, 0
$0260	$00F4			MOVWF	STACK_4
$0261	$0874			MOVF	STACK_4, 0
$0262	$3A00			XORLW	0
$0263	$1903			BTFSC	STATUS, Z
$0264	$2AC8			GOTO	conv_L_173
;conv.ppas,355 :: 		
$0265	$0841			MOVF	_strtoint_local_i, 0
$0266	$073E			ADDWF	FARG_StrToInt, 0
$0267	$0084			MOVWF	FSR
$0268	$0800			MOVF	INDF, 0
$0269	$00F4			MOVWF	STACK_4
$026A	$0874			MOVF	STACK_4, 0
$026B	$3A2D			XORLW	45
$026C	$1D03			BTFSS	STATUS, Z
$026D	$2A75			GOTO	conv_L_177
$026E	$	conv_L_176:
;conv.ppas,357 :: 		
$026E	$30FF			MOVLW	255
$026F	$00C5			MOVWF	_strtoint_local_negative
$0270	$01C6			CLRF	_strtoint_local_negative+1
;conv.ppas,358 :: 		
$0271	$0AC1			INCF	_strtoint_local_i, 1
$0272	$1903			BTFSC	STATUS, Z
$0273	$0AC2			INCF	_strtoint_local_i+1, 1
;conv.ppas,359 :: 		
$0274	$2A5C			GOTO	conv_L_172
;conv.ppas,360 :: 		
$0275	$	conv_L_177:
$0275	$	conv_L_178:
;conv.ppas,361 :: 		
$0275	$0841			MOVF	_strtoint_local_i, 0
$0276	$073E			ADDWF	FARG_StrToInt, 0
$0277	$0084			MOVWF	FSR
$0278	$0800			MOVF	INDF, 0
$0279	$00F4			MOVWF	STACK_4
$027A	$0874			MOVF	STACK_4, 0
$027B	$3A20			XORLW	32
$027C	$1903			BTFSC	STATUS, Z
$027D	$2AB8			GOTO	conv_L_180
$027E	$	conv_L_179:
;conv.ppas,362 :: 		
$027E	$0841			MOVF	_strtoint_local_i, 0
$027F	$073E			ADDWF	FARG_StrToInt, 0
$0280	$0084			MOVWF	FSR
$0281	$0800			MOVF	INDF, 0
$0282	$00F0			MOVWF	STACK_0
$0283	$3030			MOVLW	48
$0284	$00F8			MOVWF	STACK_8
$0285	$01F9			CLRF	STACK_8+1
$0286	$01FA			CLRF	STACK_8+2
$0287	$01FB			CLRF	STACK_8+3
$0288	$0870			MOVF	STACK_0, 0
$0289	$00F4			MOVWF	STACK_4
$028A	$01F5			CLRF	STACK_4+1
$028B	$01F6			CLRF	STACK_4+2
$028C	$01F7			CLRF	STACK_4+3
$028D	$0874			MOVF	STACK_4, 0
$028E	$00F0			MOVWF	STACK_0
$028F	$0875			MOVF	STACK_4+1, 0
$0290	$00F1			MOVWF	STACK_0+1
$0291	$0876			MOVF	STACK_4+2, 0
$0292	$00F2			MOVWF	STACK_0+2
$0293	$0877			MOVF	STACK_4+3, 0
$0294	$00F3			MOVWF	STACK_0+3
$0295	$0878			MOVF	STACK_8, 0
$0296	$02F0			SUBWF	STACK_0, 1
$0297	$0879			MOVF	STACK_8+1, 0
$0298	$1C03			BTFSS	STATUS, C
$0299	$0F79			INCFSZ	STACK_8+1, 0
$029A	$02F1			SUBWF	STACK_0+1, 1
$029B	$087A			MOVF	STACK_8+2, 0
$029C	$1C03			BTFSS	STATUS, C
$029D	$0F7A			INCFSZ	STACK_8+2, 0
$029E	$02F2			SUBWF	STACK_0+2, 1
$029F	$087B			MOVF	STACK_8+3, 0
$02A0	$1C03			BTFSS	STATUS, C
$02A1	$0F7B			INCFSZ	STACK_8+3, 0
$02A2	$02F3			SUBWF	STACK_0+3, 1
$02A3	$0843			MOVF	_strtoint_local_ep, 0
$02A4	$00F4			MOVWF	STACK_4
$02A5	$0844			MOVF	_strtoint_local_ep+1, 0
$02A6	$00F5			MOVWF	STACK_4+1
$02A7	$01F6			CLRF	STACK_4+2
$02A8	$01F7			CLRF	STACK_4+3
$02A9	$248E			CALL	_mul_32x32_s
$02AA	$0870			MOVF	STACK_0, 0
$02AB	$07C7			ADDWF	_strtoint_local_tmp, 1
$02AC	$0871			MOVF	STACK_0+1, 0
$02AD	$1803			BTFSC	STATUS, C
$02AE	$0F71			INCFSZ	STACK_0+1, 0
$02AF	$07C8			ADDWF	_strtoint_local_tmp+1, 1
$02B0	$0872			MOVF	STACK_0+2, 0
$02B1	$1803			BTFSC	STATUS, C
$02B2	$0F72			INCFSZ	STACK_0+2, 0
$02B3	$07C9			ADDWF	_strtoint_local_tmp+2, 1
$02B4	$0873			MOVF	STACK_0+3, 0
$02B5	$1803			BTFSC	STATUS, C
$02B6	$0F73			INCFSZ	STACK_0+3, 0
$02B7	$07CA			ADDWF	_strtoint_local_tmp+3, 1
$02B8	$	conv_L_180:
$02B8	$	conv_L_181:
;conv.ppas,363 :: 		
$02B8	$300A			MOVLW	10
$02B9	$00F4			MOVWF	STACK_4
$02BA	$01F5			CLRF	STACK_4+1
$02BB	$0843			MOVF	_strtoint_local_ep, 0
$02BC	$00F0			MOVWF	STACK_0
$02BD	$0844			MOVF	_strtoint_local_ep+1, 0
$02BE	$00F1			MOVWF	STACK_0+1
$02BF	$252D			CALL	_div_16x16_u
$02C0	$0870			MOVF	STACK_0, 0
$02C1	$00C3			MOVWF	_strtoint_local_ep
$02C2	$0871			MOVF	STACK_0+1, 0
$02C3	$00C4			MOVWF	_strtoint_local_ep+1
;conv.ppas,365 :: 		
$02C4	$0AC1			INCF	_strtoint_local_i, 1
$02C5	$1903			BTFSC	STATUS, Z
$02C6	$0AC2			INCF	_strtoint_local_i+1, 1
;conv.ppas,366 :: 		
$02C7	$2A5C			GOTO	conv_L_172
$02C8	$	conv_L_173:
;conv.ppas,370 :: 		
$02C8	$0845			MOVF	_strtoint_local_negative, 0
$02C9	$0446			IORWF	_strtoint_local_negative+1, 0
$02CA	$1903			BTFSC	STATUS, Z
$02CB	$2AD0			GOTO	conv_L_183
$02CC	$	conv_L_182:
$02CC	$3006			MOVLW	6
$02CD	$00C3			MOVWF	_strtoint_local_ep
$02CE	$01C4			CLRF	_strtoint_local_ep+1
$02CF	$2AD3			GOTO	conv_L_184
;conv.ppas,371 :: 		
$02D0	$	conv_L_183:
$02D0	$3005			MOVLW	5
$02D1	$00C3			MOVWF	_strtoint_local_ep
$02D2	$01C4			CLRF	_strtoint_local_ep+1
$02D3	$	conv_L_184:
;conv.ppas,373 :: 		
$02D3	$	conv_L_186:
$02D3	$0842			MOVF	_strtoint_local_i+1, 0
$02D4	$0644			XORWF	_strtoint_local_ep+1, 0
$02D5	$1D03			BTFSS	STATUS, Z
$02D6	$2AD9			GOTO	L_StrToInt_20
$02D7	$0843			MOVF	_strtoint_local_ep, 0
$02D8	$0641			XORWF	_strtoint_local_i, 0
$02D9	$	L_StrToInt_20:
$02D9	$1903			BTFSC	STATUS, Z
$02DA	$2AF5			GOTO	conv_L_187
;conv.ppas,375 :: 		
$02DB	$300A			MOVLW	10
$02DC	$00F4			MOVWF	STACK_4
$02DD	$01F5			CLRF	STACK_4+1
$02DE	$01F6			CLRF	STACK_4+2
$02DF	$01F7			CLRF	STACK_4+3
$02E0	$0847			MOVF	_strtoint_local_tmp, 0
$02E1	$00F0			MOVWF	STACK_0
$02E2	$0848			MOVF	_strtoint_local_tmp+1, 0
$02E3	$00F1			MOVWF	STACK_0+1
$02E4	$0849			MOVF	_strtoint_local_tmp+2, 0
$02E5	$00F2			MOVWF	STACK_0+2
$02E6	$084A			MOVF	_strtoint_local_tmp+3, 0
$02E7	$00F3			MOVWF	STACK_0+3
$02E8	$230E			CALL	_div_32x32_s
$02E9	$0870			MOVF	STACK_0, 0
$02EA	$00C7			MOVWF	_strtoint_local_tmp
$02EB	$0871			MOVF	STACK_0+1, 0
$02EC	$00C8			MOVWF	_strtoint_local_tmp+1
$02ED	$0872			MOVF	STACK_0+2, 0
$02EE	$00C9			MOVWF	_strtoint_local_tmp+2
$02EF	$0873			MOVF	STACK_0+3, 0
$02F0	$00CA			MOVWF	_strtoint_local_tmp+3
;conv.ppas,376 :: 		
$02F1	$0AC1			INCF	_strtoint_local_i, 1
$02F2	$1903			BTFSC	STATUS, Z
$02F3	$0AC2			INCF	_strtoint_local_i+1, 1
;conv.ppas,377 :: 		
$02F4	$2AD3			GOTO	conv_L_186
$02F5	$	conv_L_187:
;conv.ppas,380 :: 		
$02F5	$0847			MOVF	_strtoint_local_tmp, 0
$02F6	$00BF			MOVWF	_strtoint_local_result
$02F7	$0848			MOVF	_strtoint_local_tmp+1, 0
$02F8	$00C0			MOVWF	_strtoint_local_result+1
;conv.ppas,382 :: 		
$02F9	$3000			MOVLW	0
$02FA	$0646			XORWF	_strtoint_local_negative+1, 0
$02FB	$1D03			BTFSS	STATUS, Z
$02FC	$2AFF			GOTO	L_StrToInt_21
$02FD	$30FF			MOVLW	255
$02FE	$0645			XORWF	_strtoint_local_negative, 0
$02FF	$	L_StrToInt_21:
$02FF	$1D03			BTFSS	STATUS, Z
$0300	$2B09			GOTO	conv_L_191
$0301	$	conv_L_190:
;conv.ppas,383 :: 		
$0301	$083F			MOVF	_strtoint_local_result, 0
$0302	$3C00			SUBLW	0
$0303	$00BF			MOVWF	_strtoint_local_result
$0304	$0840			MOVF	_strtoint_local_result+1, 0
$0305	$1C03			BTFSS	STATUS, C
$0306	$3F01			ADDLW	1
$0307	$01C0			CLRF	_strtoint_local_result+1
$0308	$02C0			SUBWF	_strtoint_local_result+1, 1
$0309	$	conv_L_191:
$0309	$	conv_L_192:
$0309	$	conv_L_170:
;conv.ppas,384 :: 		
$0309	$083F			MOVF	_strtoint_local_result, 0
$030A	$00F0			MOVWF	STACK_0
$030B	$0840			MOVF	_strtoint_local_result+1, 0
$030C	$00F1			MOVWF	STACK_0+1
$030D	$0008			RETURN
$054A	$	_usart_init:
;USART_b75.ppas,22 :: 		
;USART_b75.ppas,24 :: 		
$054A	$	USART_b75_L_1:
$054A	$1303			BCF	STATUS, RP1
$054B	$1683			BSF	STATUS, RP0
$054C	$1698			BSF	TXSTA, 5
$054D	$	USART_b75_L_2:
;USART_b75.ppas,25 :: 		
$054D	$3090			MOVLW	144
$054E	$1283			BCF	STATUS, RP0
$054F	$0098			MOVWF	RCSTA
;USART_b75.ppas,31 :: 		
$0550	$	USART_b75_L_3:
$0550	$1683			BSF	STATUS, RP0
$0551	$1686			BSF	TRISB, 5
$0552	$	USART_b75_L_4:
;USART_b75.ppas,32 :: 		
$0552	$	USART_b75_L_5:
$0552	$1786			BSF	TRISB, 7
$0553	$	USART_b75_L_6:
;USART_b75.ppas,35 :: 		
$0553	$	USART_b75_L_8:
$0553	$1283			BCF	STATUS, RP0
$0554	$080C			MOVF	PIR1, 0
$0555	$00F1			MOVWF	STACK_1
$0556	$3000			MOVLW	0
$0557	$1AF1			BTFSC	STACK_1, 5
$0558	$3001			MOVLW	1
$0559	$00F1			MOVWF	STACK_1
$055A	$0871			MOVF	STACK_1, 0
$055B	$3A01			XORLW	1
$055C	$1903			BTFSC	STATUS, Z
$055D	$2D53			GOTO	USART_b75_L_8
;USART_b75.ppas,36 :: 		
$055E	$	USART_b75_L_9:
$055E	$	USART_b75_L_0:
;USART_b75.ppas,37 :: 		
$055E	$0008			RETURN
$03A8	$	_div_16x16_s:
$03A8	$1303			BCF	STATUS, RP1
$03A9	$1283			BCF	STATUS, RP0
;math.ppas,346 :: 		
;math.ppas,348 :: 		
$03AA	$01FD			CLRF	STACK_13
;math.ppas,349 :: 		
$03AB	$01F9			CLRF	STACK_9
;math.ppas,350 :: 		
$03AC	$01F8			CLRF	STACK_8
;math.ppas,351 :: 		
$03AD	$0871			MOVF	STACK_1, W
;math.ppas,352 :: 		
$03AE	$0470			IORWF	STACK_0, W
;math.ppas,353 :: 		
$03AF	$1903			BTFSC	STATUS, Z
;math.ppas,355 :: 		
$03B0	$3400			RETLW	0
;math.ppas,356 :: 		
$03B1	$0871			MOVF	STACK_1, W
;math.ppas,357 :: 		
$03B2	$0675			XORWF	STACK_5, W
;math.ppas,358 :: 		
$03B3	$00FA			MOVWF	STACK_10
;math.ppas,359 :: 		
$03B4	$1BFA			BTFSC	STACK_10, 7
;math.ppas,361 :: 		
$03B5	$09FD			COMF	STACK_13, F
;math.ppas,363 :: 		
$03B6	$01FB			CLRF	STACK_11
;math.ppas,364 :: 		
$03B7	$1FF5			BTFSS	STACK_5, 7
;math.ppas,366 :: 		
$03B8	$2BBE			GOTO	$+6
;math.ppas,367 :: 		
$03B9	$09F4			COMF	STACK_4, F
;math.ppas,368 :: 		
$03BA	$09F5			COMF	STACK_5, F
;math.ppas,369 :: 		
$03BB	$0AF4			INCF	STACK_4, F
;math.ppas,370 :: 		
$03BC	$1903			BTFSC	STATUS, Z
;math.ppas,372 :: 		
$03BD	$0AF5			INCF	STACK_5, F
;math.ppas,373 :: 		
$03BE	$1FF1			BTFSS	STACK_1, 7
;math.ppas,375 :: 		
$03BF	$2BC5			GOTO	$+6
;math.ppas,376 :: 		
$03C0	$09F0			COMF	STACK_0, F
;math.ppas,377 :: 		
$03C1	$09F1			COMF	STACK_1, F
;math.ppas,378 :: 		
$03C2	$0AF0			INCF	STACK_0, F
;math.ppas,379 :: 		
$03C3	$1903			BTFSC	STATUS, Z
;math.ppas,381 :: 		
$03C4	$0AF1			INCF	STACK_1, F
;math.ppas,382 :: 		
$03C5	$0871			MOVF	STACK_1, W
;math.ppas,383 :: 		
$03C6	$0475			IORWF	STACK_5, W
;math.ppas,384 :: 		
$03C7	$00FA			MOVWF	STACK_10
;math.ppas,385 :: 		
$03C8	$1BFA			BTFSC	STACK_10, 7
;math.ppas,386 :: 		
$03C9	$2BDA			GOTO	$+17
;math.ppas,388 :: 		
$03CA	$2500			CALL	_div_16x16_s_l
;math.ppas,390 :: 		
$03CB	$187B			BTFSC	STACK_11, 0
;math.ppas,392 :: 		
$03CC	$2BED			GOTO	$+33
;math.ppas,393 :: 		
$03CD	$1FFD			BTFSS	STACK_13, 7
;math.ppas,395 :: 		
$03CE	$3400			RETLW	0
;math.ppas,396 :: 		
$03CF	$09F0			COMF	STACK_0, F
;math.ppas,397 :: 		
$03D0	$09F1			COMF	STACK_1, F
;math.ppas,398 :: 		
$03D1	$0AF0			INCF	STACK_0, F
;math.ppas,399 :: 		
$03D2	$1903			BTFSC	STATUS, Z
;math.ppas,401 :: 		
$03D3	$0AF1			INCF	STACK_1, F
;math.ppas,402 :: 		
$03D4	$09F8			COMF	STACK_8, F
;math.ppas,403 :: 		
$03D5	$09F9			COMF	STACK_9, F
;math.ppas,404 :: 		
$03D6	$0AF8			INCF	STACK_8, F
;math.ppas,405 :: 		
$03D7	$1903			BTFSC	STATUS, Z
;math.ppas,407 :: 		
$03D8	$0AF9			INCF	STACK_9, F
;math.ppas,409 :: 		
$03D9	$3400			RETLW	0
;math.ppas,410 :: 		
$03DA	$1FF5			BTFSS	STACK_5, 7
;math.ppas,411 :: 		
$03DB	$2BE9			GOTO	$+14
;math.ppas,412 :: 		
$03DC	$1BF1			BTFSC	STACK_1, 7
;math.ppas,413 :: 		
$03DD	$2BE5			GOTO	$+8
;math.ppas,414 :: 		
$03DE	$0871			MOVF	STACK_1, W
;math.ppas,415 :: 		
$03DF	$00F9			MOVWF	STACK_9
;math.ppas,416 :: 		
$03E0	$0870			MOVF	STACK_0, W
;math.ppas,417 :: 		
$03E1	$00F8			MOVWF	STACK_8
;math.ppas,418 :: 		
$03E2	$01F1			CLRF	STACK_1
;math.ppas,419 :: 		
$03E3	$01F0			CLRF	STACK_0
;math.ppas,420 :: 		
$03E4	$2BCD			GOTO	$-23
;math.ppas,421 :: 		
$03E5	$01F1			CLRF	STACK_1
;math.ppas,422 :: 		
$03E6	$01F0			CLRF	STACK_0
;math.ppas,423 :: 		
$03E7	$0AF0			INCF	STACK_0, F
;math.ppas,425 :: 		
$03E8	$3400			RETLW	0
;math.ppas,426 :: 		
$03E9	$09F1			COMF	STACK_1, F
;math.ppas,427 :: 		
$03EA	$09F0			COMF	STACK_0, F
;math.ppas,428 :: 		
$03EB	$0AFB			INCF	STACK_11, F
;math.ppas,430 :: 		
$03EC	$2BCA			GOTO	$-34
;math.ppas,431 :: 		
$03ED	$0AF8			INCF	STACK_8, F
;math.ppas,432 :: 		
$03EE	$1903			BTFSC	STATUS, Z
;math.ppas,433 :: 		
$03EF	$0AF9			INCF	STACK_9, F
;math.ppas,434 :: 		
$03F0	$0874			MOVF	STACK_4, W
;math.ppas,435 :: 		
$03F1	$0278			SUBWF	STACK_8, W
;math.ppas,436 :: 		
$03F2	$1D03			BTFSS	STATUS, Z
;math.ppas,437 :: 		
$03F3	$2BCD			GOTO	$-38
;math.ppas,438 :: 		
$03F4	$0875			MOVF	STACK_5, W
;math.ppas,439 :: 		
$03F5	$0279			SUBWF	STACK_9, W
;math.ppas,440 :: 		
$03F6	$1D03			BTFSS	STATUS, Z
;math.ppas,441 :: 		
$03F7	$2BCD			GOTO	$-42
;math.ppas,442 :: 		
$03F8	$01F9			CLRF	STACK_9
;math.ppas,443 :: 		
$03F9	$01F8			CLRF	STACK_8
;math.ppas,444 :: 		
$03FA	$0AF0			INCF	STACK_0, F
;math.ppas,445 :: 		
$03FB	$1903			BTFSC	STATUS, Z
;math.ppas,446 :: 		
$03FC	$0AF1			INCF	STACK_1, F
;math.ppas,447 :: 		
$03FD	$1FF1			BTFSS	STACK_1, 7
;math.ppas,448 :: 		
$03FE	$2BCD			GOTO	$-49
;math.ppas,449 :: 		
$03FF	$0000			NOP
;math.ppas,450 :: 		
$0400	$34FF			RETLW	255
;math.ppas,451 :: 		
$0401	$	math_L_7:
;math.ppas,452 :: 		
$0401	$0008			RETURN
$0445	$	_mul_16x16_s:
$0445	$1303			BCF	STATUS, RP1
$0446	$1283			BCF	STATUS, RP0
;math.ppas,203 :: 		
;math.ppas,205 :: 		
$0447	$01FB			CLRF	STACK_11
;math.ppas,206 :: 		
$0448	$01FA			CLRF	STACK_10
;math.ppas,207 :: 		
$0449	$01F9			CLRF	STACK_9
;math.ppas,208 :: 		
$044A	$3080			MOVLW	128
;math.ppas,210 :: 		
$044B	$00F8			MOVWF	STACK_8
;math.ppas,212 :: 		
$044C	$01FD			CLRF	STACK_13
;math.ppas,213 :: 		
$044D	$1FF1			BTFSS	STACK_1, 7
;math.ppas,214 :: 		
$044E	$2C55			GOTO	$+7
;math.ppas,215 :: 		
$044F	$09F1			COMF	STACK_1, F
;math.ppas,216 :: 		
$0450	$09F0			COMF	STACK_0, F
;math.ppas,217 :: 		
$0451	$0AF0			INCF	STACK_0, F
;math.ppas,218 :: 		
$0452	$1903			BTFSC	STATUS, Z
;math.ppas,219 :: 		
$0453	$0AF1			INCF	STACK_1, F
;math.ppas,221 :: 		
$0454	$0AFD			INCF	STACK_13, F
;math.ppas,222 :: 		
$0455	$1FF5			BTFSS	STACK_5, 7
;math.ppas,223 :: 		
$0456	$2C5D			GOTO	$+7
;math.ppas,224 :: 		
$0457	$09F5			COMF	STACK_5, F
;math.ppas,225 :: 		
$0458	$09F4			COMF	STACK_4, F
;math.ppas,226 :: 		
$0459	$0AF4			INCF	STACK_4, F
;math.ppas,227 :: 		
$045A	$1903			BTFSC	STATUS, Z
;math.ppas,228 :: 		
$045B	$0AF5			INCF	STACK_5, F
;math.ppas,230 :: 		
$045C	$0AFD			INCF	STACK_13, F
;math.ppas,231 :: 		
$045D	$0CF1			RRF	STACK_1, F
;math.ppas,233 :: 		
$045E	$0CF0			RRF	STACK_0, F
;math.ppas,234 :: 		
$045F	$1C03			BTFSS	STATUS, C
;math.ppas,235 :: 		
$0460	$2C6A			GOTO	$+10
;math.ppas,236 :: 		
$0461	$0874			MOVF	STACK_4, W
;math.ppas,238 :: 		
$0462	$07F9			ADDWF	STACK_9, F
;math.ppas,239 :: 		
$0463	$0875			MOVF	STACK_5, W
;math.ppas,240 :: 		
$0464	$1803			BTFSC	STATUS, C
;math.ppas,241 :: 		
$0465	$0F75			INCFSZ	STACK_5, W
;math.ppas,242 :: 		
$0466	$07FA			ADDWF	STACK_10, F
;math.ppas,243 :: 		
$0467	$1803			BTFSC	STATUS, C
;math.ppas,244 :: 		
$0468	$0AFB			INCF	STACK_11, F
;math.ppas,246 :: 		
$0469	$1003			BCF	STATUS, C
;math.ppas,247 :: 		
$046A	$1FF0			BTFSS	STACK_0, 7
;math.ppas,248 :: 		
$046B	$2C72			GOTO	$+7
;math.ppas,249 :: 		
$046C	$0874			MOVF	STACK_4, W
;math.ppas,250 :: 		
$046D	$07FA			ADDWF	STACK_10, F
;math.ppas,251 :: 		
$046E	$1803			BTFSC	STATUS, C
;math.ppas,252 :: 		
$046F	$0AFB			INCF	STACK_11, F
;math.ppas,253 :: 		
$0470	$0875			MOVF	STACK_5, W
;math.ppas,255 :: 		
$0471	$07FB			ADDWF	STACK_11, F
;math.ppas,256 :: 		
$0472	$0CFB			RRF	STACK_11, F
;math.ppas,257 :: 		
$0473	$0CFA			RRF	STACK_10, F
;math.ppas,258 :: 		
$0474	$0CF9			RRF	STACK_9, F
;math.ppas,260 :: 		
$0475	$0CF8			RRF	STACK_8, F
;math.ppas,261 :: 		
$0476	$1C03			BTFSS	STATUS, C
;math.ppas,262 :: 		
$0477	$2C5D			GOTO	$-26
;math.ppas,263 :: 		
$0478	$1C7D			BTFSS	STACK_13, 0
;math.ppas,265 :: 		
$0479	$2C85			GOTO	$+12
;math.ppas,266 :: 		
$047A	$09FB			COMF	STACK_11, F
;math.ppas,267 :: 		
$047B	$09FA			COMF	STACK_10, F
;math.ppas,268 :: 		
$047C	$09F9			COMF	STACK_9, F
;math.ppas,270 :: 		
$047D	$09F8			COMF	STACK_8, F
;math.ppas,271 :: 		
$047E	$0AF8			INCF	STACK_8, F
;math.ppas,272 :: 		
$047F	$1903			BTFSC	STATUS, Z
;math.ppas,273 :: 		
$0480	$0AF9			INCF	STACK_9, F
;math.ppas,274 :: 		
$0481	$1903			BTFSC	STATUS, Z
;math.ppas,275 :: 		
$0482	$0AFA			INCF	STACK_10, F
;math.ppas,276 :: 		
$0483	$1903			BTFSC	STATUS, Z
;math.ppas,278 :: 		
$0484	$0AFB			INCF	STACK_11, F
;math.ppas,279 :: 		
$0485	$087B			MOVF	STACK_11, W
;math.ppas,280 :: 		
$0486	$00F3			MOVWF	STACK_3
;math.ppas,281 :: 		
$0487	$087A			MOVF	STACK_10, W
;math.ppas,282 :: 		
$0488	$00F2			MOVWF	STACK_2
;math.ppas,283 :: 		
$0489	$0879			MOVF	STACK_9, W
;math.ppas,284 :: 		
$048A	$00F1			MOVWF	STACK_1
;math.ppas,285 :: 		
$048B	$0878			MOVF	STACK_8, W
;math.ppas,286 :: 		
$048C	$00F0			MOVWF	STACK_0
;math.ppas,287 :: 		
$048D	$	math_L_5:
;math.ppas,288 :: 		
$048D	$0008			RETURN
$0004	$	_main:
;MCU2.pbas,9 :: 		dim tipo  as integer
$0004	$	_main_main:
;MCU2.pbas,11 :: 		inicio:
$0004	$	_main_inicio:
;MCU2.pbas,12 :: 		TRISA=%11011111
$0004	$30DF			MOVLW	223
$0005	$1303			BCF	STATUS, RP1
$0006	$1683			BSF	STATUS, RP0
$0007	$0085			MOVWF	TRISA
;MCU2.pbas,13 :: 		TRISB=%01111111
$0008	$307F			MOVLW	127
$0009	$0086			MOVWF	TRISB
;MCU2.pbas,14 :: 		TRISC=%00000000
$000A	$0187			CLRF	TRISC, 1
;MCU2.pbas,15 :: 		INTCON=%00000000
$000B	$018B			CLRF	INTCON, 1
;MCU2.pbas,16 :: 		ANSEL=%00000000
$000C	$1703			BSF	STATUS, RP1
$000D	$1283			BCF	STATUS, RP0
$000E	$019E			CLRF	ANSEL, 1
;MCU2.pbas,17 :: 		ANSELH=%00000000
$000F	$019F			CLRF	ANSELH, 1
;MCU2.pbas,19 :: 		USART_INIT(9600)
$0010	$3019			MOVLW	25
$0011	$1303			BCF	STATUS, RP1
$0012	$1683			BSF	STATUS, RP0
$0013	$0099			MOVWF	SPBRG
$0014	$1518			BSF	TXSTA, BRGH
$0015	$254A			CALL	_usart_init
;MCU2.pbas,20 :: 		PORTC = 0
$0016	$0187			CLRF	PORTC, 1
;MCU2.pbas,21 :: 		portA.5 = 0
$0017	$1285			BCF	PORTA, 5
$0018	$	MCU2_L_2:
;MCU2.pbas,23 :: 		executa:
$0018	$	_main_executa:
;MCU2.pbas,25 :: 		Usart_Read_Text(recebe,"/")
$0018	$3021			MOVLW	_recebe
$0019	$00BE			MOVWF	FARG_Usart_Read_Text
$001A	$302F			MOVLW	47
$001B	$00B2			MOVWF	?main_Local_Text+0
$001C	$01B3			CLRF	?main_Local_Text+1
$001D	$3032			MOVLW	?main_Local_Text
$001E	$00BF			MOVWF	FARG_Usart_Read_Text+1
$001F	$2402			CALL	_usart_read_text
;MCU2.pbas,26 :: 		senha = StrToInt(recebe)
$0020	$3021			MOVLW	_recebe
$0021	$00BE			MOVWF	FARG_StrToInt
$0022	$224C			CALL	_strtoint
$0023	$0870			MOVF	STACK_0, 0
$0024	$00BC			MOVWF	FLOC_main+10
$0025	$0871			MOVF	STACK_0+1, 0
$0026	$00BD			MOVWF	FLOC_main+11
$0027	$083C			MOVF	FLOC_main+10, 0
$0028	$00A8			MOVWF	_senha
$0029	$083D			MOVF	FLOC_main+11, 0
$002A	$00A9			MOVWF	_senha+1
;MCU2.pbas,28 :: 		mil = senha div 1000
$002B	$30E8			MOVLW	232
$002C	$00F4			MOVWF	STACK_4
$002D	$3003			MOVLW	3
$002E	$00F5			MOVWF	STACK_4+1
$002F	$083C			MOVF	FLOC_main+10, 0
$0030	$00F0			MOVWF	STACK_0
$0031	$083D			MOVF	FLOC_main+11, 0
$0032	$00F1			MOVWF	STACK_0+1
$0033	$23A8			CALL	_div_16x16_s
$0034	$0870			MOVF	STACK_0, 0
$0035	$00BA			MOVWF	FLOC_main+8
$0036	$0871			MOVF	STACK_0+1, 0
$0037	$00BB			MOVWF	FLOC_main+9
$0038	$083A			MOVF	FLOC_main+8, 0
$0039	$00AA			MOVWF	_mil
$003A	$083B			MOVF	FLOC_main+9, 0
$003B	$00AB			MOVWF	_mil+1
;MCU2.pbas,29 :: 		cen = senha div 100 - (mil * 10)
$003C	$3064			MOVLW	100
$003D	$00F4			MOVWF	STACK_4
$003E	$01F5			CLRF	STACK_4+1
$003F	$083C			MOVF	FLOC_main+10, 0
$0040	$00F0			MOVWF	STACK_0
$0041	$083D			MOVF	FLOC_main+11, 0
$0042	$00F1			MOVWF	STACK_0+1
$0043	$23A8			CALL	_div_16x16_s
$0044	$0870			MOVF	STACK_0, 0
$0045	$00B4			MOVWF	FLOC_main+2
$0046	$0871			MOVF	STACK_0+1, 0
$0047	$00B5			MOVWF	FLOC_main+3
$0048	$083A			MOVF	FLOC_main+8, 0
$0049	$00F0			MOVWF	STACK_0
$004A	$083B			MOVF	FLOC_main+9, 0
$004B	$00F1			MOVWF	STACK_0+1
$004C	$300A			MOVLW	10
$004D	$00F4			MOVWF	STACK_4
$004E	$01F5			CLRF	STACK_4+1
$004F	$2445			CALL	_mul_16x16_s
$0050	$0870			MOVF	STACK_0, 0
$0051	$0234			SUBWF	FLOC_main+2, 0
$0052	$00B8			MOVWF	FLOC_main+6
$0053	$0871			MOVF	STACK_0+1, 0
$0054	$1C03			BTFSS	STATUS, C
$0055	$3F01			ADDLW	1
$0056	$0235			SUBWF	FLOC_main+3, 0
$0057	$00B9			MOVWF	FLOC_main+7
$0058	$0838			MOVF	FLOC_main+6, 0
$0059	$00AC			MOVWF	_cen
$005A	$0839			MOVF	FLOC_main+7, 0
$005B	$00AD			MOVWF	_cen+1
;MCU2.pbas,30 :: 		dez = senha div 10 - (cen * 10) - (mil * 100)
$005C	$300A			MOVLW	10
$005D	$00F4			MOVWF	STACK_4
$005E	$01F5			CLRF	STACK_4+1
$005F	$083C			MOVF	FLOC_main+10, 0
$0060	$00F0			MOVWF	STACK_0
$0061	$083D			MOVF	FLOC_main+11, 0
$0062	$00F1			MOVWF	STACK_0+1
$0063	$23A8			CALL	_div_16x16_s
$0064	$0870			MOVF	STACK_0, 0
$0065	$00B4			MOVWF	FLOC_main+2
$0066	$0871			MOVF	STACK_0+1, 0
$0067	$00B5			MOVWF	FLOC_main+3
$0068	$0838			MOVF	FLOC_main+6, 0
$0069	$00F0			MOVWF	STACK_0
$006A	$0839			MOVF	FLOC_main+7, 0
$006B	$00F1			MOVWF	STACK_0+1
$006C	$300A			MOVLW	10
$006D	$00F4			MOVWF	STACK_4
$006E	$01F5			CLRF	STACK_4+1
$006F	$2445			CALL	_mul_16x16_s
$0070	$0870			MOVF	STACK_0, 0
$0071	$02B4			SUBWF	FLOC_main+2, 1
$0072	$1C03			BTFSS	STATUS, C
$0073	$03B5			DECF	FLOC_main+3, 1
$0074	$0871			MOVF	STACK_0+1, 0
$0075	$02B5			SUBWF	FLOC_main+3, 1
$0076	$083A			MOVF	FLOC_main+8, 0
$0077	$00F0			MOVWF	STACK_0
$0078	$083B			MOVF	FLOC_main+9, 0
$0079	$00F1			MOVWF	STACK_0+1
$007A	$3064			MOVLW	100
$007B	$00F4			MOVWF	STACK_4
$007C	$01F5			CLRF	STACK_4+1
$007D	$2445			CALL	_mul_16x16_s
$007E	$0870			MOVF	STACK_0, 0
$007F	$0234			SUBWF	FLOC_main+2, 0
$0080	$00B6			MOVWF	FLOC_main+4
$0081	$0871			MOVF	STACK_0+1, 0
$0082	$1C03			BTFSS	STATUS, C
$0083	$3F01			ADDLW	1
$0084	$0235			SUBWF	FLOC_main+3, 0
$0085	$00B7			MOVWF	FLOC_main+5
$0086	$0836			MOVF	FLOC_main+4, 0
$0087	$00AE			MOVWF	_dez
$0088	$0837			MOVF	FLOC_main+5, 0
$0089	$00AF			MOVWF	_dez+1
;MCU2.pbas,31 :: 		uni = senha - (dez * 10) - (cen * 100) - (mil * 1000)
$008A	$0836			MOVF	FLOC_main+4, 0
$008B	$00F0			MOVWF	STACK_0
$008C	$0837			MOVF	FLOC_main+5, 0
$008D	$00F1			MOVWF	STACK_0+1
$008E	$300A			MOVLW	10
$008F	$00F4			MOVWF	STACK_4
$0090	$01F5			CLRF	STACK_4+1
$0091	$2445			CALL	_mul_16x16_s
$0092	$0870			MOVF	STACK_0, 0
$0093	$023C			SUBWF	FLOC_main+10, 0
$0094	$00B4			MOVWF	FLOC_main+2
$0095	$0871			MOVF	STACK_0+1, 0
$0096	$1C03			BTFSS	STATUS, C
$0097	$3F01			ADDLW	1
$0098	$023D			SUBWF	FLOC_main+11, 0
$0099	$00B5			MOVWF	FLOC_main+3
$009A	$0838			MOVF	FLOC_main+6, 0
$009B	$00F0			MOVWF	STACK_0
$009C	$0839			MOVF	FLOC_main+7, 0
$009D	$00F1			MOVWF	STACK_0+1
$009E	$3064			MOVLW	100
$009F	$00F4			MOVWF	STACK_4
$00A0	$01F5			CLRF	STACK_4+1
$00A1	$2445			CALL	_mul_16x16_s
$00A2	$0870			MOVF	STACK_0, 0
$00A3	$02B4			SUBWF	FLOC_main+2, 1
$00A4	$1C03			BTFSS	STATUS, C
$00A5	$03B5			DECF	FLOC_main+3, 1
$00A6	$0871			MOVF	STACK_0+1, 0
$00A7	$02B5			SUBWF	FLOC_main+3, 1
$00A8	$083A			MOVF	FLOC_main+8, 0
$00A9	$00F0			MOVWF	STACK_0
$00AA	$083B			MOVF	FLOC_main+9, 0
$00AB	$00F1			MOVWF	STACK_0+1
$00AC	$30E8			MOVLW	232
$00AD	$00F4			MOVWF	STACK_4
$00AE	$3003			MOVLW	3
$00AF	$00F5			MOVWF	STACK_4+1
$00B0	$2445			CALL	_mul_16x16_s
$00B1	$0870			MOVF	STACK_0, 0
$00B2	$0234			SUBWF	FLOC_main+2, 0
$00B3	$00F0			MOVWF	STACK_0
$00B4	$0871			MOVF	STACK_0+1, 0
$00B5	$1C03			BTFSS	STATUS, C
$00B6	$3F01			ADDLW	1
$00B7	$0235			SUBWF	FLOC_main+3, 0
$00B8	$00F1			MOVWF	STACK_0+1
$00B9	$0870			MOVF	STACK_0, 0
$00BA	$00B0			MOVWF	_uni
$00BB	$0871			MOVF	STACK_0+1, 0
$00BC	$00B1			MOVWF	_uni+1
;MCU2.pbas,33 :: 		PORTC = uni + 16
$00BD	$3010			MOVLW	16
$00BE	$07F0			ADDWF	STACK_0, 1
$00BF	$1803			BTFSC	STATUS, C
$00C0	$0AF1			INCF	STACK_0+1, 1
$00C1	$0870			MOVF	STACK_0, 0
$00C2	$0087			MOVWF	PORTC
;MCU2.pbas,34 :: 		delay_ms(3)
$00C3	$3004			MOVLW	4
$00C4	$00FB			MOVWF	STACK_11
$00C5	$30FF			MOVLW	255
$00C6	$00FA			MOVWF	STACK_10
$00C7	$0BFB			DECFSZ	STACK_11, F
$00C8	$28CA			GOTO	$+2
$00C9	$28CD			GOTO	$+4
$00CA	$0BFA			DECFSZ	STACK_10, F
$00CB	$28CA			GOTO	$-1
$00CC	$28C7			GOTO	$-5
$00CD	$30E2			MOVLW	226
$00CE	$00FA			MOVWF	STACK_10
$00CF	$0BFA			DECFSZ	STACK_10, F
$00D0	$28CF			GOTO	$-1
;MCU2.pbas,36 :: 		PORTC = dez + 32
$00D1	$3020			MOVLW	32
$00D2	$0736			ADDWF	FLOC_main+4, 0
$00D3	$00F0			MOVWF	STACK_0
$00D4	$0837			MOVF	FLOC_main+5, 0
$00D5	$1803			BTFSC	STATUS, C
$00D6	$3F01			ADDLW	1
$00D7	$00F1			MOVWF	STACK_0+1
$00D8	$3000			MOVLW	0
$00D9	$07F1			ADDWF	STACK_0+1, 1
$00DA	$0870			MOVF	STACK_0, 0
$00DB	$0087			MOVWF	PORTC
;MCU2.pbas,37 :: 		delay_ms(3)
$00DC	$3004			MOVLW	4
$00DD	$00FB			MOVWF	STACK_11
$00DE	$30FF			MOVLW	255
$00DF	$00FA			MOVWF	STACK_10
$00E0	$0BFB			DECFSZ	STACK_11, F
$00E1	$28E3			GOTO	$+2
$00E2	$28E6			GOTO	$+4
$00E3	$0BFA			DECFSZ	STACK_10, F
$00E4	$28E3			GOTO	$-1
$00E5	$28E0			GOTO	$-5
$00E6	$30E2			MOVLW	226
$00E7	$00FA			MOVWF	STACK_10
$00E8	$0BFA			DECFSZ	STACK_10, F
$00E9	$28E8			GOTO	$-1
;MCU2.pbas,39 :: 		PORTC = cen + 64
$00EA	$3040			MOVLW	64
$00EB	$0738			ADDWF	FLOC_main+6, 0
$00EC	$00F0			MOVWF	STACK_0
$00ED	$0839			MOVF	FLOC_main+7, 0
$00EE	$1803			BTFSC	STATUS, C
$00EF	$3F01			ADDLW	1
$00F0	$00F1			MOVWF	STACK_0+1
$00F1	$3000			MOVLW	0
$00F2	$07F1			ADDWF	STACK_0+1, 1
$00F3	$0870			MOVF	STACK_0, 0
$00F4	$0087			MOVWF	PORTC
;MCU2.pbas,40 :: 		delay_ms(3)
$00F5	$3004			MOVLW	4
$00F6	$00FB			MOVWF	STACK_11
$00F7	$30FF			MOVLW	255
$00F8	$00FA			MOVWF	STACK_10
$00F9	$0BFB			DECFSZ	STACK_11, F
$00FA	$28FC			GOTO	$+2
$00FB	$28FF			GOTO	$+4
$00FC	$0BFA			DECFSZ	STACK_10, F
$00FD	$28FC			GOTO	$-1
$00FE	$28F9			GOTO	$-5
$00FF	$30E2			MOVLW	226
$0100	$00FA			MOVWF	STACK_10
$0101	$0BFA			DECFSZ	STACK_10, F
$0102	$2901			GOTO	$-1
;MCU2.pbas,42 :: 		PORTC = mil + 128
$0103	$3080			MOVLW	128
$0104	$073A			ADDWF	FLOC_main+8, 0
$0105	$00F0			MOVWF	STACK_0
$0106	$083B			MOVF	FLOC_main+9, 0
$0107	$1803			BTFSC	STATUS, C
$0108	$3F01			ADDLW	1
$0109	$00F1			MOVWF	STACK_0+1
$010A	$3000			MOVLW	0
$010B	$07F1			ADDWF	STACK_0+1, 1
$010C	$0870			MOVF	STACK_0, 0
$010D	$0087			MOVWF	PORTC
;MCU2.pbas,43 :: 		delay_ms(3)
$010E	$3004			MOVLW	4
$010F	$00FB			MOVWF	STACK_11
$0110	$30FF			MOVLW	255
$0111	$00FA			MOVWF	STACK_10
$0112	$0BFB			DECFSZ	STACK_11, F
$0113	$2915			GOTO	$+2
$0114	$2918			GOTO	$+4
$0115	$0BFA			DECFSZ	STACK_10, F
$0116	$2915			GOTO	$-1
$0117	$2912			GOTO	$-5
$0118	$30E2			MOVLW	226
$0119	$00FA			MOVWF	STACK_10
$011A	$0BFA			DECFSZ	STACK_10, F
$011B	$291A			GOTO	$-1
;MCU2.pbas,45 :: 		goto executa
$011C	$2818			GOTO	_main_executa
$011D	$291D			GOTO	$


//** Procedures locations **
//ADDRESS		PROCEDURE
//----------------------------------------------
$0004		main
$011E		SDIV3232L
$024C		StrToInt
$030E		Div_32x32_S
$03A8		Div_16x16_S
$0402		Usart_Read_Text
$0445		Mul_16x16_S
$048E		Mul_32x32_S
$04C9		Mul_32x32_U
$0500		Div_16x16_S_L
$052D		Div_16x16_U
$054A		USART_Init
$055F		USART_Read
$0572		COMFREM
$0580		USART_Data_Ready


//** Labels locations **
//ADDRESS		LABEL
//----------------------------------------------
$0004		_main:
$0004		_main_inicio:
$0004		_main_main:
$0018		_main_executa:
$0018		MCU2_L_2:
$011E		_sdiv3232l:
$0131		LOOPS3232A:
$0147		SADD22LA:
$0154		SOK22LA:
$016D		SADD22L8:
$017A		SOK22L8:
$017D		LOOPS3232B:
$0193		SADD22LB:
$01A0		SOK22LB:
$01B9		SADD22L16:
$01C6		SOK22L16:
$01C9		LOOPS3232C:
$01DF		SADD22LC:
$01EC		SOK22LC:
$0205		SADD22L24:
$0212		SOK22L24:
$0215		LOOPS3232D:
$022B		SADD22LD:
$0238		SOK22LD:
$024B		math_L_9:
$024B		SOK22L:
$024C		_strtoint:
$025C		conv_L_172:
$026E		conv_L_176:
$0275		conv_L_177:
$0275		conv_L_178:
$027E		conv_L_179:
$02B8		conv_L_180:
$02B8		conv_L_181:
$02C8		conv_L_173:
$02CC		conv_L_182:
$02D0		conv_L_183:
$02D3		conv_L_184:
$02D3		conv_L_186:
$02D9		L_StrToInt_20:
$02F5		conv_L_187:
$02FF		L_StrToInt_21:
$0301		conv_L_190:
$0309		conv_L_170:
$0309		conv_L_191:
$0309		conv_L_192:
$030E		_div_32x32_s:
$0310		FXD3232S:
$0330		CA3232S:
$033D		C3232SX:
$0342		C3232S:
$0343		C3232S2:
$0345		C3232SOK:
$035E		C3232SX1:
$036F		C3232SX2:
$0375		C3232SX3:
$037B		C3232SX4:
$03A2		END_ALL:
$03A6		AVOID_COMFREM:
$03A7		math_L_11:
$03A8		_div_16x16_s:
$0401		math_L_7:
$0402		_usart_read_text:
$040B		USART_b75_L_29:
$0410		USART_b75_L_33:
$0420		USART_b75_L_36:
$0425		USART_b75_L_37:
$0427		USART_b75_L_38:
$0432		USART_b75_L_39:
$0433		USART_b75_L_40:
$0433		USART_b75_L_41:
$0438		USART_b75_L_42:
$043B		USART_b75_L_34:
$043B		USART_b75_L_35:
$043B		USART_b75_L_43:
$043B		USART_b75_L_44:
$043C		USART_b75_L_30:
$0444		USART_b75_L_27:
$0445		_mul_16x16_s:
$048D		math_L_5:
$048E		_mul_32x32_s:
$0491		_IF_FIRST:
$0493		_INVERCE_FIRST:
$04A0		_IF_SECOND:
$04A2		_INBERSE_SECOND:
$04AE		_MULT:
$04C8		_EXIT:
$04C8		math_L_14:
$04C9		_mul_32x32_u:
$04D1		_NEXT:
$04D5		_LOOP:
$04F1		_EXIT1:
$04FF		_EXIT2:
$04FF		math_L_13:
$0500		_div_16x16_s_l:
$052C		math_L_6:
$052D		_div_16x16_u:
$0549		math_L_3:
$054A		_usart_init:
$054A		USART_b75_L_1:
$054D		USART_b75_L_2:
$0550		USART_b75_L_3:
$0552		USART_b75_L_4:
$0552		USART_b75_L_5:
$0553		USART_b75_L_6:
$0553		USART_b75_L_8:
$055E		USART_b75_L_0:
$055E		USART_b75_L_9:
$055F		_usart_read:
$056D		USART_b75_L_20:
$056E		USART_b75_L_24:
$056E		USART_b75_L_25:
$056F		USART_b75_L_19:
$056F		USART_b75_L_21:
$056F		USART_b75_L_22:
$056F		USART_b75_L_26:
$0572		_comfrem:
$057F		math_L_10:
$0580		_usart_data_ready:
$058A		USART_b75_L_18:


//** Variables locations **
//ADDRESS		VARIABLE
//----------------------------------------------
$0000		INDF
$0002		PCL
$0003		STATUS
$0004		FSR
$0005		PORTA
$0007		PORTC
$000A		PCLATH
$000B		INTCON
$000C		PIR1
$0018		RCSTA
$001A		RCREG
$0020		math___math_tempb
$0021		_recebe
$0028		_senha
$002A		_mil
$002C		_cen
$002E		_dez
$0030		_uni
$0032		?main_Local_Text
$0034		?T3__main
$003E		FARG_StrToInt
$003E		FARG_USART_Init
$003E		FARG_Usart_Read_Text
$003F		_strtoint_local_result
$003F		FARG_Usart_Read_Text+1
$0040		_usart_read_text_local_i
$0041		_strtoint_local_i
$0041		_usart_read_text_local_j
$0042		_usart_read_text_local_data
$0043		_strtoint_local_ep
$0043		_usart_read_text_local_data2
$0044		_usart_read_text_local_lasti
$0045		_strtoint_local_negative
$0047		_strtoint_local_tmp
$004B		_usart_data_ready_local_result
$004B		_usart_read_local_result
$0070		STACK_0
$0071		STACK_1
$0072		STACK_2
$0073		STACK_3
$0074		STACK_4
$0075		STACK_5
$0076		STACK_6
$0077		STACK_7
$0078		STACK_8
$0079		STACK_9
$007A		STACK_10
$007B		STACK_11
$007C		STACK_12
$007D		STACK_13
$007E		STACK_14
$007F		STACK_15
$0085		TRISA
$0086		TRISB
$0087		TRISC
$0098		TXSTA
$0099		SPBRG
$011E		ANSEL
$011F		ANSELH


