;  Assembly code generated by mikroVirtualMachine - V. 5.0.0.3
;  Date/Time: 24/04/2020 22:18:29
;  Info: http://www.mikroe.com


; ADDRESS	OPCODE	ASM
; ----------------------------------------------
$0000	$2804			GOTO	_main
$0533	$	_mul_32x32_u:
$0533	$1303			BCF	STATUS, RP1
$0534	$1283			BCF	STATUS, RP0
;math.ppas,1570 :: 		
;math.ppas,1578 :: 		
$0535	$3022			MOVLW	34
;math.ppas,1579 :: 		
$0536	$00FC			MOVWF	STACK_12
;math.ppas,1580 :: 		
$0537	$01F8			CLRF	STACK_8
;math.ppas,1581 :: 		
$0538	$01F9			CLRF	STACK_9
;math.ppas,1582 :: 		
$0539	$01FA			CLRF	STACK_10
;math.ppas,1584 :: 		
$053A	$01FB			CLRF	STACK_11
;math.ppas,1588 :: 		
$053B	$	_NEXT:
;math.ppas,1589 :: 		
$053B	$03FC			DECF	STACK_12, F
;math.ppas,1590 :: 		
$053C	$1903			BTFSC	STATUS, Z
;math.ppas,1591 :: 		
$053D	$2D69			GOTO	_EXIT2
;math.ppas,1593 :: 		
$053E	$1003			BCF	STATUS, C
;math.ppas,1602 :: 		
$053F	$	_LOOP:
;math.ppas,1603 :: 		
$053F	$0CFB			RRF	STACK_11, F
;math.ppas,1604 :: 		
$0540	$0CFA			RRF	STACK_10, F
;math.ppas,1605 :: 		
$0541	$0CF9			RRF	STACK_9, F
;math.ppas,1606 :: 		
$0542	$0CF8			RRF	STACK_8, F
;math.ppas,1607 :: 		
$0543	$0CF3			RRF	STACK_3, F
;math.ppas,1608 :: 		
$0544	$0CF2			RRF	STACK_2, F
;math.ppas,1609 :: 		
$0545	$0CF1			RRF	STACK_1, F
;math.ppas,1614 :: 		
$0546	$0CF0			RRF	STACK_0, F
;math.ppas,1615 :: 		
$0547	$1C03			BTFSS	STATUS, C
;math.ppas,1616 :: 		
$0548	$2D3B			GOTO	_NEXT
;math.ppas,1617 :: 		
$0549	$03FC			DECF	STACK_12, F
;math.ppas,1618 :: 		
$054A	$1903			BTFSC	STATUS, Z
;math.ppas,1625 :: 		
$054B	$2D5B			GOTO	_EXIT1
;math.ppas,1626 :: 		
$054C	$0874			MOVF	STACK_4, W
;math.ppas,1627 :: 		
$054D	$07F8			ADDWF	STACK_8, F
;math.ppas,1628 :: 		
$054E	$0875			MOVF	STACK_5, W
;math.ppas,1629 :: 		
$054F	$1803			BTFSC	STATUS, C
;math.ppas,1630 :: 		
$0550	$0F75			INCFSZ	STACK_5, W
;math.ppas,1631 :: 		
$0551	$07F9			ADDWF	STACK_9, F
;math.ppas,1632 :: 		
$0552	$0876			MOVF	STACK_6, W
;math.ppas,1633 :: 		
$0553	$1803			BTFSC	STATUS, C
;math.ppas,1634 :: 		
$0554	$0F76			INCFSZ	STACK_6, W
;math.ppas,1635 :: 		
$0555	$07FA			ADDWF	STACK_10, F
;math.ppas,1636 :: 		
$0556	$0877			MOVF	STACK_7, W
;math.ppas,1637 :: 		
$0557	$1803			BTFSC	STATUS, C
;math.ppas,1638 :: 		
$0558	$0F77			INCFSZ	STACK_7, W
;math.ppas,1640 :: 		
$0559	$07FB			ADDWF	STACK_11, F
;math.ppas,1642 :: 		
$055A	$2D3F			GOTO	_LOOP
;math.ppas,1647 :: 		
$055B	$	_EXIT1:
;math.ppas,1648 :: 		
$055B	$0874			MOVF	STACK_4, W
;math.ppas,1649 :: 		
$055C	$07F8			ADDWF	STACK_8, F
;math.ppas,1650 :: 		
$055D	$0875			MOVF	STACK_5, W
;math.ppas,1651 :: 		
$055E	$1803			BTFSC	STATUS, C
;math.ppas,1652 :: 		
$055F	$0F75			INCFSZ	STACK_5, W
;math.ppas,1653 :: 		
$0560	$07F9			ADDWF	STACK_9, F
;math.ppas,1654 :: 		
$0561	$0876			MOVF	STACK_6, W
;math.ppas,1655 :: 		
$0562	$1803			BTFSC	STATUS, C
;math.ppas,1656 :: 		
$0563	$0F76			INCFSZ	STACK_6, W
;math.ppas,1657 :: 		
$0564	$07FA			ADDWF	STACK_10, F
;math.ppas,1658 :: 		
$0565	$0877			MOVF	STACK_7, W
;math.ppas,1659 :: 		
$0566	$1803			BTFSC	STATUS, C
;math.ppas,1660 :: 		
$0567	$0F77			INCFSZ	STACK_7, W
;math.ppas,1663 :: 		
$0568	$07FB			ADDWF	STACK_11, F
;math.ppas,1664 :: 		
$0569	$	_EXIT2:
;math.ppas,1665 :: 		
$0569	$	math_L_13:
;math.ppas,1666 :: 		
$0569	$0008			RETURN
$0188	$	_sdiv3232l:
$0188	$1303			BCF	STATUS, RP1
$0189	$1283			BCF	STATUS, RP0
;math.ppas,539 :: 		
;math.ppas,541 :: 		
$018A	$0874			MOVF	STACK_4, W
;math.ppas,542 :: 		
$018B	$02F8			SUBWF	STACK_8, F
;math.ppas,543 :: 		
$018C	$0875			MOVF	STACK_5, W
;math.ppas,544 :: 		
$018D	$1C03			BTFSS	STATUS, C
;math.ppas,545 :: 		
$018E	$0F75			INCFSZ	STACK_5, W
;math.ppas,546 :: 		
$018F	$02F9			SUBWF	STACK_9, F
;math.ppas,547 :: 		
$0190	$0876			MOVF	STACK_6, W
;math.ppas,548 :: 		
$0191	$1C03			BTFSS	STATUS, C
;math.ppas,549 :: 		
$0192	$0F76			INCFSZ	STACK_6, W
;math.ppas,550 :: 		
$0193	$02FA			SUBWF	STACK_10, F
;math.ppas,551 :: 		
$0194	$0877			MOVF	STACK_7, W
;math.ppas,552 :: 		
$0195	$1C03			BTFSS	STATUS, C
;math.ppas,553 :: 		
$0196	$0F77			INCFSZ	STACK_7, W
;math.ppas,554 :: 		
$0197	$02FB			SUBWF	STACK_11, F
;math.ppas,556 :: 		
$0198	$0DF3			RLF	STACK_3, F
;math.ppas,557 :: 		
$0199	$3007			MOVLW	7
;math.ppas,559 :: 		
$019A	$00FC			MOVWF	STACK_12
;math.ppas,560 :: 		
$019B	$	LOOPS3232A:
;math.ppas,561 :: 		
$019B	$0D73			RLF	STACK_3, W
;math.ppas,562 :: 		
$019C	$0DF8			RLF	STACK_8, F
;math.ppas,563 :: 		
$019D	$0DF9			RLF	STACK_9, F
;math.ppas,564 :: 		
$019E	$0DFA			RLF	STACK_10, F
;math.ppas,565 :: 		
$019F	$0DFB			RLF	STACK_11, F
;math.ppas,566 :: 		
$01A0	$0874			MOVF	STACK_4, W
;math.ppas,567 :: 		
$01A1	$1C73			BTFSS	STACK_3, 0
;math.ppas,569 :: 		
$01A2	$29B1			GOTO	SADD22LA
;math.ppas,570 :: 		
$01A3	$02F8			SUBWF	STACK_8, F
;math.ppas,571 :: 		
$01A4	$0875			MOVF	STACK_5, W
;math.ppas,572 :: 		
$01A5	$1C03			BTFSS	STATUS, C
;math.ppas,573 :: 		
$01A6	$0F75			INCFSZ	STACK_5, W
;math.ppas,574 :: 		
$01A7	$02F9			SUBWF	STACK_9, F
;math.ppas,575 :: 		
$01A8	$0876			MOVF	STACK_6, W
;math.ppas,576 :: 		
$01A9	$1C03			BTFSS	STATUS, C
;math.ppas,577 :: 		
$01AA	$0F76			INCFSZ	STACK_6, W
;math.ppas,578 :: 		
$01AB	$02FA			SUBWF	STACK_10, F
;math.ppas,579 :: 		
$01AC	$0877			MOVF	STACK_7, W
;math.ppas,580 :: 		
$01AD	$1C03			BTFSS	STATUS, C
;math.ppas,581 :: 		
$01AE	$0F77			INCFSZ	STACK_7, W
;math.ppas,582 :: 		
$01AF	$02FB			SUBWF	STACK_11, F
;math.ppas,584 :: 		
$01B0	$29BE			GOTO	SOK22LA
;math.ppas,585 :: 		
$01B1	$	SADD22LA:
;math.ppas,586 :: 		
$01B1	$07F8			ADDWF	STACK_8, F
;math.ppas,587 :: 		
$01B2	$0875			MOVF	STACK_5, W
;math.ppas,588 :: 		
$01B3	$1803			BTFSC	STATUS, C
;math.ppas,589 :: 		
$01B4	$0F75			INCFSZ	STACK_5, W
;math.ppas,590 :: 		
$01B5	$07F9			ADDWF	STACK_9, F
;math.ppas,591 :: 		
$01B6	$0876			MOVF	STACK_6, W
;math.ppas,592 :: 		
$01B7	$1803			BTFSC	STATUS, C
;math.ppas,593 :: 		
$01B8	$0F76			INCFSZ	STACK_6, W
;math.ppas,594 :: 		
$01B9	$07FA			ADDWF	STACK_10, F
;math.ppas,595 :: 		
$01BA	$0877			MOVF	STACK_7, W
;math.ppas,596 :: 		
$01BB	$1803			BTFSC	STATUS, C
;math.ppas,597 :: 		
$01BC	$0F77			INCFSZ	STACK_7, W
;math.ppas,599 :: 		
$01BD	$07FB			ADDWF	STACK_11, F
;math.ppas,600 :: 		
$01BE	$	SOK22LA:
;math.ppas,602 :: 		
$01BE	$0DF3			RLF	STACK_3, F
;math.ppas,603 :: 		
$01BF	$0BFC			DECFSZ	STACK_12, F
;math.ppas,605 :: 		
$01C0	$299B			GOTO	LOOPS3232A
;math.ppas,606 :: 		
$01C1	$0D72			RLF	STACK_2, W
;math.ppas,607 :: 		
$01C2	$0DF8			RLF	STACK_8, F
;math.ppas,608 :: 		
$01C3	$0DF9			RLF	STACK_9, F
;math.ppas,609 :: 		
$01C4	$0DFA			RLF	STACK_10, F
;math.ppas,610 :: 		
$01C5	$0DFB			RLF	STACK_11, F
;math.ppas,611 :: 		
$01C6	$0874			MOVF	STACK_4, W
;math.ppas,612 :: 		
$01C7	$1C73			BTFSS	STACK_3, 0
;math.ppas,614 :: 		
$01C8	$29D7			GOTO	SADD22L8
;math.ppas,615 :: 		
$01C9	$02F8			SUBWF	STACK_8, F
;math.ppas,616 :: 		
$01CA	$0875			MOVF	STACK_5, W
;math.ppas,617 :: 		
$01CB	$1C03			BTFSS	STATUS, C
;math.ppas,618 :: 		
$01CC	$0F75			INCFSZ	STACK_5, W
;math.ppas,619 :: 		
$01CD	$02F9			SUBWF	STACK_9, F
;math.ppas,620 :: 		
$01CE	$0876			MOVF	STACK_6, W
;math.ppas,621 :: 		
$01CF	$1C03			BTFSS	STATUS, C
;math.ppas,622 :: 		
$01D0	$0F76			INCFSZ	STACK_6, W
;math.ppas,623 :: 		
$01D1	$02FA			SUBWF	STACK_10, F
;math.ppas,624 :: 		
$01D2	$0877			MOVF	STACK_7, W
;math.ppas,625 :: 		
$01D3	$1C03			BTFSS	STATUS, C
;math.ppas,626 :: 		
$01D4	$0F77			INCFSZ	STACK_7, W
;math.ppas,627 :: 		
$01D5	$02FB			SUBWF	STACK_11, F
;math.ppas,629 :: 		
$01D6	$29E4			GOTO	SOK22L8
;math.ppas,630 :: 		
$01D7	$	SADD22L8:
;math.ppas,631 :: 		
$01D7	$07F8			ADDWF	STACK_8, F
;math.ppas,632 :: 		
$01D8	$0875			MOVF	STACK_5, W
;math.ppas,633 :: 		
$01D9	$1803			BTFSC	STATUS, C
;math.ppas,634 :: 		
$01DA	$0F75			INCFSZ	STACK_5, W
;math.ppas,635 :: 		
$01DB	$07F9			ADDWF	STACK_9, F
;math.ppas,636 :: 		
$01DC	$0876			MOVF	STACK_6, W
;math.ppas,637 :: 		
$01DD	$1803			BTFSC	STATUS, C
;math.ppas,638 :: 		
$01DE	$0F76			INCFSZ	STACK_6, W
;math.ppas,639 :: 		
$01DF	$07FA			ADDWF	STACK_10, F
;math.ppas,640 :: 		
$01E0	$0877			MOVF	STACK_7, W
;math.ppas,641 :: 		
$01E1	$1803			BTFSC	STATUS, C
;math.ppas,642 :: 		
$01E2	$0F77			INCFSZ	STACK_7, W
;math.ppas,644 :: 		
$01E3	$07FB			ADDWF	STACK_11, F
;math.ppas,645 :: 		
$01E4	$	SOK22L8:
;math.ppas,647 :: 		
$01E4	$0DF2			RLF	STACK_2, F
;math.ppas,648 :: 		
$01E5	$3007			MOVLW	7
;math.ppas,650 :: 		
$01E6	$00FC			MOVWF	STACK_12
;math.ppas,651 :: 		
$01E7	$	LOOPS3232B:
;math.ppas,652 :: 		
$01E7	$0D72			RLF	STACK_2, W
;math.ppas,653 :: 		
$01E8	$0DF8			RLF	STACK_8, F
;math.ppas,654 :: 		
$01E9	$0DF9			RLF	STACK_9, F
;math.ppas,655 :: 		
$01EA	$0DFA			RLF	STACK_10, F
;math.ppas,656 :: 		
$01EB	$0DFB			RLF	STACK_11, F
;math.ppas,657 :: 		
$01EC	$0874			MOVF	STACK_4, W
;math.ppas,658 :: 		
$01ED	$1C72			BTFSS	STACK_2, 0
;math.ppas,660 :: 		
$01EE	$29FD			GOTO	SADD22LB
;math.ppas,661 :: 		
$01EF	$02F8			SUBWF	STACK_8, F
;math.ppas,662 :: 		
$01F0	$0875			MOVF	STACK_5, W
;math.ppas,663 :: 		
$01F1	$1C03			BTFSS	STATUS, C
;math.ppas,664 :: 		
$01F2	$0F75			INCFSZ	STACK_5, W
;math.ppas,665 :: 		
$01F3	$02F9			SUBWF	STACK_9, F
;math.ppas,666 :: 		
$01F4	$0876			MOVF	STACK_6, W
;math.ppas,667 :: 		
$01F5	$1C03			BTFSS	STATUS, C
;math.ppas,668 :: 		
$01F6	$0F76			INCFSZ	STACK_6, W
;math.ppas,669 :: 		
$01F7	$02FA			SUBWF	STACK_10, F
;math.ppas,670 :: 		
$01F8	$0877			MOVF	STACK_7, W
;math.ppas,671 :: 		
$01F9	$1C03			BTFSS	STATUS, C
;math.ppas,672 :: 		
$01FA	$0F77			INCFSZ	STACK_7, W
;math.ppas,673 :: 		
$01FB	$02FB			SUBWF	STACK_11, F
;math.ppas,675 :: 		
$01FC	$2A0A			GOTO	SOK22LB
;math.ppas,676 :: 		
$01FD	$	SADD22LB:
;math.ppas,677 :: 		
$01FD	$07F8			ADDWF	STACK_8, F
;math.ppas,678 :: 		
$01FE	$0875			MOVF	STACK_5, W
;math.ppas,679 :: 		
$01FF	$1803			BTFSC	STATUS, C
;math.ppas,680 :: 		
$0200	$0F75			INCFSZ	STACK_5, W
;math.ppas,681 :: 		
$0201	$07F9			ADDWF	STACK_9, F
;math.ppas,682 :: 		
$0202	$0876			MOVF	STACK_6, W
;math.ppas,683 :: 		
$0203	$1803			BTFSC	STATUS, C
;math.ppas,684 :: 		
$0204	$0F76			INCFSZ	STACK_6, W
;math.ppas,685 :: 		
$0205	$07FA			ADDWF	STACK_10, F
;math.ppas,686 :: 		
$0206	$0877			MOVF	STACK_7, W
;math.ppas,687 :: 		
$0207	$1803			BTFSC	STATUS, C
;math.ppas,688 :: 		
$0208	$0F77			INCFSZ	STACK_7, W
;math.ppas,690 :: 		
$0209	$07FB			ADDWF	STACK_11, F
;math.ppas,691 :: 		
$020A	$	SOK22LB:
;math.ppas,693 :: 		
$020A	$0DF2			RLF	STACK_2, F
;math.ppas,694 :: 		
$020B	$0BFC			DECFSZ	STACK_12, F
;math.ppas,696 :: 		
$020C	$29E7			GOTO	LOOPS3232B
;math.ppas,697 :: 		
$020D	$0D71			RLF	STACK_1, W
;math.ppas,698 :: 		
$020E	$0DF8			RLF	STACK_8, F
;math.ppas,699 :: 		
$020F	$0DF9			RLF	STACK_9, F
;math.ppas,700 :: 		
$0210	$0DFA			RLF	STACK_10, F
;math.ppas,701 :: 		
$0211	$0DFB			RLF	STACK_11, F
;math.ppas,702 :: 		
$0212	$0874			MOVF	STACK_4, W
;math.ppas,703 :: 		
$0213	$1C72			BTFSS	STACK_2, 0
;math.ppas,705 :: 		
$0214	$2A23			GOTO	SADD22L16
;math.ppas,706 :: 		
$0215	$02F8			SUBWF	STACK_8, F
;math.ppas,707 :: 		
$0216	$0875			MOVF	STACK_5, W
;math.ppas,708 :: 		
$0217	$1C03			BTFSS	STATUS, C
;math.ppas,709 :: 		
$0218	$0F75			INCFSZ	STACK_5, W
;math.ppas,710 :: 		
$0219	$02F9			SUBWF	STACK_9, F
;math.ppas,711 :: 		
$021A	$0876			MOVF	STACK_6, W
;math.ppas,712 :: 		
$021B	$1C03			BTFSS	STATUS, C
;math.ppas,713 :: 		
$021C	$0F76			INCFSZ	STACK_6, W
;math.ppas,714 :: 		
$021D	$02FA			SUBWF	STACK_10, F
;math.ppas,715 :: 		
$021E	$0877			MOVF	STACK_7, W
;math.ppas,716 :: 		
$021F	$1C03			BTFSS	STATUS, C
;math.ppas,717 :: 		
$0220	$0F77			INCFSZ	STACK_7, W
;math.ppas,718 :: 		
$0221	$02FB			SUBWF	STACK_11, F
;math.ppas,720 :: 		
$0222	$2A30			GOTO	SOK22L16
;math.ppas,721 :: 		
$0223	$	SADD22L16:
;math.ppas,722 :: 		
$0223	$07F8			ADDWF	STACK_8, F
;math.ppas,723 :: 		
$0224	$0875			MOVF	STACK_5, W
;math.ppas,724 :: 		
$0225	$1803			BTFSC	STATUS, C
;math.ppas,725 :: 		
$0226	$0F75			INCFSZ	STACK_5, W
;math.ppas,726 :: 		
$0227	$07F9			ADDWF	STACK_9, F
;math.ppas,727 :: 		
$0228	$0876			MOVF	STACK_6, W
;math.ppas,728 :: 		
$0229	$1803			BTFSC	STATUS, C
;math.ppas,729 :: 		
$022A	$0F76			INCFSZ	STACK_6, W
;math.ppas,730 :: 		
$022B	$07FA			ADDWF	STACK_10, F
;math.ppas,731 :: 		
$022C	$0877			MOVF	STACK_7, W
;math.ppas,732 :: 		
$022D	$1803			BTFSC	STATUS, C
;math.ppas,733 :: 		
$022E	$0F77			INCFSZ	STACK_7, W
;math.ppas,735 :: 		
$022F	$07FB			ADDWF	STACK_11, F
;math.ppas,736 :: 		
$0230	$	SOK22L16:
;math.ppas,738 :: 		
$0230	$0DF1			RLF	STACK_1, F
;math.ppas,739 :: 		
$0231	$3007			MOVLW	7
;math.ppas,741 :: 		
$0232	$00FC			MOVWF	STACK_12
;math.ppas,742 :: 		
$0233	$	LOOPS3232C:
;math.ppas,743 :: 		
$0233	$0D71			RLF	STACK_1, W
;math.ppas,744 :: 		
$0234	$0DF8			RLF	STACK_8, F
;math.ppas,745 :: 		
$0235	$0DF9			RLF	STACK_9, F
;math.ppas,746 :: 		
$0236	$0DFA			RLF	STACK_10, F
;math.ppas,747 :: 		
$0237	$0DFB			RLF	STACK_11, F
;math.ppas,748 :: 		
$0238	$0874			MOVF	STACK_4, W
;math.ppas,749 :: 		
$0239	$1C71			BTFSS	STACK_1, 0
;math.ppas,751 :: 		
$023A	$2A49			GOTO	SADD22LC
;math.ppas,752 :: 		
$023B	$02F8			SUBWF	STACK_8, F
;math.ppas,753 :: 		
$023C	$0875			MOVF	STACK_5, W
;math.ppas,754 :: 		
$023D	$1C03			BTFSS	STATUS, C
;math.ppas,755 :: 		
$023E	$0F75			INCFSZ	STACK_5, W
;math.ppas,756 :: 		
$023F	$02F9			SUBWF	STACK_9, F
;math.ppas,757 :: 		
$0240	$0876			MOVF	STACK_6, W
;math.ppas,758 :: 		
$0241	$1C03			BTFSS	STATUS, C
;math.ppas,759 :: 		
$0242	$0F76			INCFSZ	STACK_6, W
;math.ppas,760 :: 		
$0243	$02FA			SUBWF	STACK_10, F
;math.ppas,761 :: 		
$0244	$0877			MOVF	STACK_7, W
;math.ppas,762 :: 		
$0245	$1C03			BTFSS	STATUS, C
;math.ppas,763 :: 		
$0246	$0F77			INCFSZ	STACK_7, W
;math.ppas,764 :: 		
$0247	$02FB			SUBWF	STACK_11, F
;math.ppas,766 :: 		
$0248	$2A56			GOTO	SOK22LC
;math.ppas,767 :: 		
$0249	$	SADD22LC:
;math.ppas,768 :: 		
$0249	$07F8			ADDWF	STACK_8, F
;math.ppas,769 :: 		
$024A	$0875			MOVF	STACK_5, W
;math.ppas,770 :: 		
$024B	$1803			BTFSC	STATUS, C
;math.ppas,771 :: 		
$024C	$0F75			INCFSZ	STACK_5, W
;math.ppas,772 :: 		
$024D	$07F9			ADDWF	STACK_9, F
;math.ppas,773 :: 		
$024E	$0876			MOVF	STACK_6, W
;math.ppas,774 :: 		
$024F	$1803			BTFSC	STATUS, C
;math.ppas,775 :: 		
$0250	$0F76			INCFSZ	STACK_6, W
;math.ppas,776 :: 		
$0251	$07FA			ADDWF	STACK_10, F
;math.ppas,777 :: 		
$0252	$0877			MOVF	STACK_7, W
;math.ppas,778 :: 		
$0253	$1803			BTFSC	STATUS, C
;math.ppas,779 :: 		
$0254	$0F77			INCFSZ	STACK_7, W
;math.ppas,781 :: 		
$0255	$07FB			ADDWF	STACK_11, F
;math.ppas,782 :: 		
$0256	$	SOK22LC:
;math.ppas,784 :: 		
$0256	$0DF1			RLF	STACK_1, F
;math.ppas,785 :: 		
$0257	$0BFC			DECFSZ	STACK_12, F
;math.ppas,787 :: 		
$0258	$2A33			GOTO	LOOPS3232C
;math.ppas,788 :: 		
$0259	$0D70			RLF	STACK_0, W
;math.ppas,789 :: 		
$025A	$0DF8			RLF	STACK_8, F
;math.ppas,790 :: 		
$025B	$0DF9			RLF	STACK_9, F
;math.ppas,791 :: 		
$025C	$0DFA			RLF	STACK_10, F
;math.ppas,792 :: 		
$025D	$0DFB			RLF	STACK_11, F
;math.ppas,793 :: 		
$025E	$0874			MOVF	STACK_4, W
;math.ppas,794 :: 		
$025F	$1C71			BTFSS	STACK_1, 0
;math.ppas,796 :: 		
$0260	$2A6F			GOTO	SADD22L24
;math.ppas,797 :: 		
$0261	$02F8			SUBWF	STACK_8, F
;math.ppas,798 :: 		
$0262	$0875			MOVF	STACK_5, W
;math.ppas,799 :: 		
$0263	$1C03			BTFSS	STATUS, C
;math.ppas,800 :: 		
$0264	$0F75			INCFSZ	STACK_5, W
;math.ppas,801 :: 		
$0265	$02F9			SUBWF	STACK_9, F
;math.ppas,802 :: 		
$0266	$0876			MOVF	STACK_6, W
;math.ppas,803 :: 		
$0267	$1C03			BTFSS	STATUS, C
;math.ppas,804 :: 		
$0268	$0F76			INCFSZ	STACK_6, W
;math.ppas,805 :: 		
$0269	$02FA			SUBWF	STACK_10, F
;math.ppas,806 :: 		
$026A	$0877			MOVF	STACK_7, W
;math.ppas,807 :: 		
$026B	$1C03			BTFSS	STATUS, C
;math.ppas,808 :: 		
$026C	$0F77			INCFSZ	STACK_7, W
;math.ppas,809 :: 		
$026D	$02FB			SUBWF	STACK_11, F
;math.ppas,811 :: 		
$026E	$2A7C			GOTO	SOK22L24
;math.ppas,812 :: 		
$026F	$	SADD22L24:
;math.ppas,813 :: 		
$026F	$07F8			ADDWF	STACK_8, F
;math.ppas,814 :: 		
$0270	$0875			MOVF	STACK_5, W
;math.ppas,815 :: 		
$0271	$1803			BTFSC	STATUS, C
;math.ppas,816 :: 		
$0272	$0F75			INCFSZ	STACK_5, W
;math.ppas,817 :: 		
$0273	$07F9			ADDWF	STACK_9, F
;math.ppas,818 :: 		
$0274	$0876			MOVF	STACK_6, W
;math.ppas,819 :: 		
$0275	$1803			BTFSC	STATUS, C
;math.ppas,820 :: 		
$0276	$0F76			INCFSZ	STACK_6, W
;math.ppas,821 :: 		
$0277	$07FA			ADDWF	STACK_10, F
;math.ppas,822 :: 		
$0278	$0877			MOVF	STACK_7, W
;math.ppas,823 :: 		
$0279	$1803			BTFSC	STATUS, C
;math.ppas,824 :: 		
$027A	$0F77			INCFSZ	STACK_7, W
;math.ppas,826 :: 		
$027B	$07FB			ADDWF	STACK_11, F
;math.ppas,827 :: 		
$027C	$	SOK22L24:
;math.ppas,829 :: 		
$027C	$0DF0			RLF	STACK_0, F
;math.ppas,830 :: 		
$027D	$3007			MOVLW	7
;math.ppas,832 :: 		
$027E	$00FC			MOVWF	STACK_12
;math.ppas,833 :: 		
$027F	$	LOOPS3232D:
;math.ppas,834 :: 		
$027F	$0D70			RLF	STACK_0, W
;math.ppas,835 :: 		
$0280	$0DF8			RLF	STACK_8, F
;math.ppas,836 :: 		
$0281	$0DF9			RLF	STACK_9, F
;math.ppas,837 :: 		
$0282	$0DFA			RLF	STACK_10, F
;math.ppas,838 :: 		
$0283	$0DFB			RLF	STACK_11, F
;math.ppas,839 :: 		
$0284	$0874			MOVF	STACK_4, W
;math.ppas,840 :: 		
$0285	$1C70			BTFSS	STACK_0, 0
;math.ppas,842 :: 		
$0286	$2A95			GOTO	SADD22LD
;math.ppas,843 :: 		
$0287	$02F8			SUBWF	STACK_8, F
;math.ppas,844 :: 		
$0288	$0875			MOVF	STACK_5, W
;math.ppas,845 :: 		
$0289	$1C03			BTFSS	STATUS, C
;math.ppas,846 :: 		
$028A	$0F75			INCFSZ	STACK_5, W
;math.ppas,847 :: 		
$028B	$02F9			SUBWF	STACK_9, F
;math.ppas,848 :: 		
$028C	$0876			MOVF	STACK_6, W
;math.ppas,849 :: 		
$028D	$1C03			BTFSS	STATUS, C
;math.ppas,850 :: 		
$028E	$0F76			INCFSZ	STACK_6, W
;math.ppas,851 :: 		
$028F	$02FA			SUBWF	STACK_10, F
;math.ppas,852 :: 		
$0290	$0877			MOVF	STACK_7, W
;math.ppas,853 :: 		
$0291	$1C03			BTFSS	STATUS, C
;math.ppas,854 :: 		
$0292	$0F77			INCFSZ	STACK_7, W
;math.ppas,855 :: 		
$0293	$02FB			SUBWF	STACK_11, F
;math.ppas,857 :: 		
$0294	$2AA2			GOTO	SOK22LD
;math.ppas,858 :: 		
$0295	$	SADD22LD:
;math.ppas,859 :: 		
$0295	$07F8			ADDWF	STACK_8, F
;math.ppas,860 :: 		
$0296	$0875			MOVF	STACK_5, W
;math.ppas,861 :: 		
$0297	$1803			BTFSC	STATUS, C
;math.ppas,862 :: 		
$0298	$0F75			INCFSZ	STACK_5, W
;math.ppas,863 :: 		
$0299	$07F9			ADDWF	STACK_9, F
;math.ppas,864 :: 		
$029A	$0876			MOVF	STACK_6, W
;math.ppas,865 :: 		
$029B	$1803			BTFSC	STATUS, C
;math.ppas,866 :: 		
$029C	$0F76			INCFSZ	STACK_6, W
;math.ppas,867 :: 		
$029D	$07FA			ADDWF	STACK_10, F
;math.ppas,868 :: 		
$029E	$0877			MOVF	STACK_7, W
;math.ppas,870 :: 		
$029F	$1803			BTFSC	STATUS, C
;math.ppas,871 :: 		
$02A0	$0F77			INCFSZ	STACK_7, W
;math.ppas,873 :: 		
$02A1	$07FB			ADDWF	STACK_11, F
;math.ppas,874 :: 		
$02A2	$	SOK22LD:
;math.ppas,876 :: 		
$02A2	$0DF0			RLF	STACK_0, F
;math.ppas,877 :: 		
$02A3	$0BFC			DECFSZ	STACK_12, F
;math.ppas,879 :: 		
$02A4	$2A7F			GOTO	LOOPS3232D
;math.ppas,880 :: 		
$02A5	$1870			BTFSC	STACK_0, 0
;math.ppas,881 :: 		
$02A6	$2AB5			GOTO	SOK22L
;math.ppas,882 :: 		
$02A7	$0874			MOVF	STACK_4, W
;math.ppas,883 :: 		
$02A8	$07F8			ADDWF	STACK_8, F
;math.ppas,884 :: 		
$02A9	$0875			MOVF	STACK_5, W
;math.ppas,885 :: 		
$02AA	$1803			BTFSC	STATUS, C
;math.ppas,886 :: 		
$02AB	$0F75			INCFSZ	STACK_5, W
;math.ppas,887 :: 		
$02AC	$07F9			ADDWF	STACK_9, F
;math.ppas,888 :: 		
$02AD	$0876			MOVF	STACK_6, W
;math.ppas,889 :: 		
$02AE	$1803			BTFSC	STATUS, C
;math.ppas,890 :: 		
$02AF	$0F76			INCFSZ	STACK_6, W
;math.ppas,891 :: 		
$02B0	$07FA			ADDWF	STACK_10, F
;math.ppas,892 :: 		
$02B1	$0877			MOVF	STACK_7, W
;math.ppas,893 :: 		
$02B2	$1803			BTFSC	STATUS, C
;math.ppas,894 :: 		
$02B3	$0F77			INCFSZ	STACK_7, W
;math.ppas,895 :: 		
$02B4	$07FB			ADDWF	STACK_11, F
;math.ppas,896 :: 		
$02B5	$	SOK22L:
;math.ppas,897 :: 		
$02B5	$	math_L_9:
;math.ppas,898 :: 		
$02B5	$0008			RETURN
$05DC	$	_comfrem:
$05DC	$1303			BCF	STATUS, RP1
$05DD	$1283			BCF	STATUS, RP0
;math.ppas,901 :: 		
;math.ppas,903 :: 		
$05DE	$09FB			COMF	STACK_11, F
;math.ppas,904 :: 		
$05DF	$09FA			COMF	STACK_10, F
;math.ppas,905 :: 		
$05E0	$09F9			COMF	STACK_9, F
;math.ppas,906 :: 		
$05E1	$09F8			COMF	STACK_8, F
;math.ppas,907 :: 		
$05E2	$0AF8			INCF	STACK_8, F
;math.ppas,908 :: 		
$05E3	$1903			BTFSC	STATUS, Z
;math.ppas,909 :: 		
$05E4	$0AF9			INCF	STACK_9, F
;math.ppas,910 :: 		
$05E5	$1903			BTFSC	STATUS, Z
;math.ppas,911 :: 		
$05E6	$0AFA			INCF	STACK_10, F
;math.ppas,912 :: 		
$05E7	$1903			BTFSC	STATUS, Z
;math.ppas,913 :: 		
$05E8	$0AFB			INCF	STACK_11, F
;math.ppas,914 :: 		
$05E9	$	math_L_10:
;math.ppas,915 :: 		
$05E9	$0008			RETURN
$05EA	$	_usart_data_ready:
;USART_b75.ppas,48 :: 		
;USART_b75.ppas,50 :: 		
$05EA	$1303			BCF	STATUS, RP1
$05EB	$1283			BCF	STATUS, RP0
$05EC	$080C			MOVF	PIR1, 0
$05ED	$00F1			MOVWF	STACK_1
$05EE	$3000			MOVLW	0
$05EF	$1AF1			BTFSC	STACK_1, 5
$05F0	$3001			MOVLW	1
$05F1	$00F1			MOVWF	STACK_1
$05F2	$0871			MOVF	STACK_1, 0
$05F3	$00C5			MOVWF	_usart_data_ready_local_result
$05F4	$	USART_b75_L_18:
;USART_b75.ppas,51 :: 		
$05F4	$0845			MOVF	_usart_data_ready_local_result, 0
$05F5	$00F0			MOVWF	STACK_0
$05F6	$0008			RETURN
$05C9	$	_usart_read:
;USART_b75.ppas,54 :: 		
;USART_b75.ppas,55 :: 		
$05C9	$1303			BCF	STATUS, RP1
$05CA	$1283			BCF	STATUS, RP0
$05CB	$081A			MOVF	RCREG, 0
$05CC	$00C5			MOVWF	_usart_read_local_result
;USART_b75.ppas,61 :: 		
$05CD	$0818			MOVF	RCSTA, 0
$05CE	$00F1			MOVWF	STACK_1
$05CF	$3000			MOVLW	0
$05D0	$18F1			BTFSC	STACK_1, 1
$05D1	$3001			MOVLW	1
$05D2	$00F1			MOVWF	STACK_1
$05D3	$0871			MOVF	STACK_1, 0
$05D4	$3A01			XORLW	1
$05D5	$1D03			BTFSS	STATUS, Z
$05D6	$2DD9			GOTO	USART_b75_L_21
$05D7	$	USART_b75_L_20:
;USART_b75.ppas,63 :: 		
$05D7	$1218			BCF	RCSTA, 4
$05D8	$	USART_b75_L_24:
;USART_b75.ppas,64 :: 		
$05D8	$	USART_b75_L_25:
$05D8	$1618			BSF	RCSTA, 4
$05D9	$	USART_b75_L_26:
;USART_b75.ppas,65 :: 		
$05D9	$	USART_b75_L_21:
$05D9	$	USART_b75_L_22:
$05D9	$	USART_b75_L_19:
;USART_b75.ppas,66 :: 		
$05D9	$0845			MOVF	_usart_read_local_result, 0
$05DA	$00F0			MOVWF	STACK_0
$05DB	$0008			RETURN
$04F8	$	_mul_32x32_s:
$04F8	$1303			BCF	STATUS, RP1
$04F9	$1283			BCF	STATUS, RP0
;math.ppas,1675 :: 		
;math.ppas,1680 :: 		
$04FA	$01FD			CLRF	STACK_13
;math.ppas,1683 :: 		
$04FB	$	_IF_FIRST:
;math.ppas,1684 :: 		
$04FB	$1FF3			BTFSS	STACK_3, 7
;math.ppas,1686 :: 		
$04FC	$2D0A			GOTO	_IF_SECOND
;math.ppas,1691 :: 		
$04FD	$	_INVERCE_FIRST:
;math.ppas,1692 :: 		
$04FD	$09F0			COMF	STACK_0, F
;math.ppas,1693 :: 		
$04FE	$09F1			COMF	STACK_1, F
;math.ppas,1694 :: 		
$04FF	$09F2			COMF	STACK_2, F
;math.ppas,1701 :: 		
$0500	$09F3			COMF	STACK_3, F
;math.ppas,1702 :: 		
$0501	$0AF0			INCF	STACK_0, F
;math.ppas,1703 :: 		
$0502	$1903			BTFSC	STATUS, Z
;math.ppas,1704 :: 		
$0503	$0AF1			INCF	STACK_1, F
;math.ppas,1705 :: 		
$0504	$1903			BTFSC	STATUS, Z
;math.ppas,1706 :: 		
$0505	$0AF2			INCF	STACK_2, F
;math.ppas,1707 :: 		
$0506	$1903			BTFSC	STATUS, Z
;math.ppas,1708 :: 		
$0507	$0AF3			INCF	STACK_3, F
;math.ppas,1709 :: 		
$0508	$3081			MOVLW	129
;math.ppas,1711 :: 		
$0509	$07FD			ADDWF	STACK_13, F
;math.ppas,1714 :: 		
$050A	$	_IF_SECOND:
;math.ppas,1715 :: 		
$050A	$1FF7			BTFSS	STACK_7, 7
;math.ppas,1717 :: 		
$050B	$2D18			GOTO	_MULT
;math.ppas,1722 :: 		
$050C	$	_INBERSE_SECOND:
;math.ppas,1723 :: 		
$050C	$09F4			COMF	STACK_4, F
;math.ppas,1724 :: 		
$050D	$09F5			COMF	STACK_5, F
;math.ppas,1725 :: 		
$050E	$09F6			COMF	STACK_6, F
;math.ppas,1732 :: 		
$050F	$09F7			COMF	STACK_7, F
;math.ppas,1733 :: 		
$0510	$0AF4			INCF	STACK_4, F
;math.ppas,1734 :: 		
$0511	$1903			BTFSC	STATUS, Z
;math.ppas,1735 :: 		
$0512	$0AF5			INCF	STACK_5, F
;math.ppas,1736 :: 		
$0513	$1903			BTFSC	STATUS, Z
;math.ppas,1737 :: 		
$0514	$0AF6			INCF	STACK_6, F
;math.ppas,1738 :: 		
$0515	$1903			BTFSC	STATUS, Z
;math.ppas,1739 :: 		
$0516	$0AF7			INCF	STACK_7, F
;math.ppas,1741 :: 		
$0517	$0AFD			INCF	STACK_13, F
;math.ppas,1742 :: 		
$0518	$	_MULT:
;math.ppas,1744 :: 		
$0518	$2533			CALL	_mul_32x32_u
;math.ppas,1748 :: 		
$0519	$1C7D			BTFSS	STACK_13, 0
;math.ppas,1754 :: 		
$051A	$2D32			GOTO	_EXIT
;math.ppas,1755 :: 		
$051B	$09F0			COMF	STACK_0, F
;math.ppas,1756 :: 		
$051C	$09F1			COMF	STACK_1, F
;math.ppas,1757 :: 		
$051D	$09F2			COMF	STACK_2, F
;math.ppas,1763 :: 		
$051E	$09F3			COMF	STACK_3, F
;math.ppas,1764 :: 		
$051F	$09F8			COMF	STACK_8, F
;math.ppas,1765 :: 		
$0520	$09F9			COMF	STACK_9, F
;math.ppas,1766 :: 		
$0521	$09FA			COMF	STACK_10, F
;math.ppas,1776 :: 		
$0522	$09FB			COMF	STACK_11, F
;math.ppas,1777 :: 		
$0523	$0AF0			INCF	STACK_0, F
;math.ppas,1778 :: 		
$0524	$1903			BTFSC	STATUS, Z
;math.ppas,1779 :: 		
$0525	$0AF1			INCF	STACK_1, F
;math.ppas,1780 :: 		
$0526	$1903			BTFSC	STATUS, Z
;math.ppas,1781 :: 		
$0527	$0AF2			INCF	STACK_2, F
;math.ppas,1782 :: 		
$0528	$1903			BTFSC	STATUS, Z
;math.ppas,1783 :: 		
$0529	$0AF3			INCF	STACK_3, F
;math.ppas,1784 :: 		
$052A	$1903			BTFSC	STATUS, Z
;math.ppas,1785 :: 		
$052B	$0AF8			INCF	STACK_8, F
;math.ppas,1786 :: 		
$052C	$1903			BTFSC	STATUS, Z
;math.ppas,1787 :: 		
$052D	$0AF9			INCF	STACK_9, F
;math.ppas,1788 :: 		
$052E	$1903			BTFSC	STATUS, Z
;math.ppas,1789 :: 		
$052F	$0AFA			INCF	STACK_10, F
;math.ppas,1790 :: 		
$0530	$1903			BTFSC	STATUS, Z
;math.ppas,1791 :: 		
$0531	$0AFB			INCF	STACK_11, F
;math.ppas,1792 :: 		
$0532	$	_EXIT:
;math.ppas,1793 :: 		
$0532	$	math_L_14:
;math.ppas,1794 :: 		
$0532	$0008			RETURN
$0597	$	_div_16x16_u:
$0597	$1303			BCF	STATUS, RP1
$0598	$1283			BCF	STATUS, RP0
;math.ppas,108 :: 		
;math.ppas,110 :: 		
$0599	$01F8			CLRF	STACK_8
;math.ppas,111 :: 		
$059A	$01F9			CLRF	STACK_9
;math.ppas,112 :: 		
$059B	$3010			MOVLW	16
;math.ppas,113 :: 		
$059C	$00FC			MOVWF	STACK_12
;math.ppas,114 :: 		
$059D	$0D71			RLF	STACK_1, W
;math.ppas,115 :: 		
$059E	$0DF8			RLF	STACK_8, F
;math.ppas,116 :: 		
$059F	$0DF9			RLF	STACK_9, F
;math.ppas,117 :: 		
$05A0	$0874			MOVF	STACK_4, W
;math.ppas,118 :: 		
$05A1	$02F8			SUBWF	STACK_8, F
;math.ppas,119 :: 		
$05A2	$0875			MOVF	STACK_5, W
;math.ppas,120 :: 		
$05A3	$1C03			BTFSS	STATUS, C
;math.ppas,121 :: 		
$05A4	$0F75			INCFSZ	STACK_5, W
;math.ppas,122 :: 		
$05A5	$02F9			SUBWF	STACK_9, F
;math.ppas,123 :: 		
$05A6	$1803			BTFSC	STATUS, C
;math.ppas,124 :: 		
$05A7	$2DAF			GOTO	$+8
;math.ppas,125 :: 		
$05A8	$0874			MOVF	STACK_4, W
;math.ppas,126 :: 		
$05A9	$07F8			ADDWF	STACK_8, F
;math.ppas,127 :: 		
$05AA	$0875			MOVF	STACK_5, W
;math.ppas,128 :: 		
$05AB	$1803			BTFSC	STATUS, C
;math.ppas,129 :: 		
$05AC	$0F75			INCFSZ	STACK_5, W
;math.ppas,130 :: 		
$05AD	$07F9			ADDWF	STACK_9, F
;math.ppas,131 :: 		
$05AE	$1003			BCF	STATUS, C
;math.ppas,132 :: 		
$05AF	$0DF0			RLF	STACK_0, F
;math.ppas,133 :: 		
$05B0	$0DF1			RLF	STACK_1, F
;math.ppas,134 :: 		
$05B1	$0BFC			DECFSZ	STACK_12, F
;math.ppas,135 :: 		
$05B2	$2D9D			GOTO	$-21
;math.ppas,136 :: 		
$05B3	$	math_L_3:
;math.ppas,137 :: 		
$05B3	$0008			RETURN
$0378	$	_div_32x32_s:
$0378	$1303			BCF	STATUS, RP1
$0379	$1283			BCF	STATUS, RP0
;math.ppas,925 :: 		
;math.ppas,928 :: 		
$037A	$	FXD3232S:
;math.ppas,929 :: 		
$037A	$01FC			CLRF	STACK_12
;math.ppas,930 :: 		
$037B	$1BF7			BTFSC	STACK_7, 7
;math.ppas,932 :: 		
$037C	$0AFC			INCF	STACK_12, F
;math.ppas,933 :: 		
$037D	$01FD			CLRF	STACK_13
;math.ppas,934 :: 		
$037E	$01FB			CLRF	STACK_11
;math.ppas,935 :: 		
$037F	$01FA			CLRF	STACK_10
;math.ppas,936 :: 		
$0380	$01F9			CLRF	STACK_9
;math.ppas,937 :: 		
$0381	$01F8			CLRF	STACK_8
;math.ppas,938 :: 		
$0382	$0873			MOVF	STACK_3, W
;math.ppas,939 :: 		
$0383	$0472			IORWF	STACK_2, W
;math.ppas,940 :: 		
$0384	$0471			IORWF	STACK_1, W
;math.ppas,941 :: 		
$0385	$0470			IORWF	STACK_0, W
;math.ppas,942 :: 		
$0386	$1903			BTFSC	STATUS, Z
;math.ppas,943 :: 		
$0387	$2C0C			GOTO	END_ALL
;math.ppas,944 :: 		
$0388	$0873			MOVF	STACK_3, W
;math.ppas,945 :: 		
$0389	$0677			XORWF	STACK_7, W
;math.ppas,946 :: 		
$038A	$00A0			MOVWF	MATH___MATH_TEMPB
;math.ppas,947 :: 		
$038B	$1BA0			BTFSC	MATH___MATH_TEMPB, 7
;math.ppas,951 :: 		
$038C	$09FD			COMF	STACK_13, F
;math.ppas,952 :: 		
$038D	$1FF7			BTFSS	STACK_7, 7
;math.ppas,954 :: 		
$038E	$2B9A			GOTO	CA3232S
;math.ppas,955 :: 		
$038F	$09F4			COMF	STACK_4, F
;math.ppas,956 :: 		
$0390	$09F5			COMF	STACK_5, F
;math.ppas,957 :: 		
$0391	$09F6			COMF	STACK_6, F
;math.ppas,958 :: 		
$0392	$09F7			COMF	STACK_7, F
;math.ppas,959 :: 		
$0393	$0AF4			INCF	STACK_4, F
;math.ppas,960 :: 		
$0394	$1903			BTFSC	STATUS, Z
;math.ppas,961 :: 		
$0395	$0AF5			INCF	STACK_5, F
;math.ppas,962 :: 		
$0396	$1903			BTFSC	STATUS, Z
;math.ppas,963 :: 		
$0397	$0AF6			INCF	STACK_6, F
;math.ppas,964 :: 		
$0398	$1903			BTFSC	STATUS, Z
;math.ppas,966 :: 		
$0399	$0AF7			INCF	STACK_7, F
;math.ppas,967 :: 		
$039A	$	CA3232S:
;math.ppas,968 :: 		
$039A	$1FF3			BTFSS	STACK_3, 7
;math.ppas,970 :: 		
$039B	$2BA7			GOTO	C3232SX
;math.ppas,971 :: 		
$039C	$09F0			COMF	STACK_0, F
;math.ppas,972 :: 		
$039D	$09F1			COMF	STACK_1, F
;math.ppas,973 :: 		
$039E	$09F2			COMF	STACK_2, F
;math.ppas,974 :: 		
$039F	$09F3			COMF	STACK_3, F
;math.ppas,975 :: 		
$03A0	$0AF0			INCF	STACK_0, F
;math.ppas,976 :: 		
$03A1	$1903			BTFSC	STATUS, Z
;math.ppas,977 :: 		
$03A2	$0AF1			INCF	STACK_1, F
;math.ppas,978 :: 		
$03A3	$1903			BTFSC	STATUS, Z
;math.ppas,979 :: 		
$03A4	$0AF2			INCF	STACK_2, F
;math.ppas,980 :: 		
$03A5	$1903			BTFSC	STATUS, Z
;math.ppas,982 :: 		
$03A6	$0AF3			INCF	STACK_3, F
;math.ppas,983 :: 		
$03A7	$	C3232SX:
;math.ppas,984 :: 		
$03A7	$0873			MOVF	STACK_3, W
;math.ppas,985 :: 		
$03A8	$0477			IORWF	STACK_7, W
;math.ppas,986 :: 		
$03A9	$00A0			MOVWF	MATH___MATH_TEMPB
;math.ppas,987 :: 		
$03AA	$1BA0			BTFSC	MATH___MATH_TEMPB, 7
;math.ppas,988 :: 		
$03AB	$2BC8			GOTO	C3232SX1
;math.ppas,989 :: 		
$03AC	$	C3232S:
;math.ppas,992 :: 		
$03AC	$2188			CALL	_sdiv3232l
;math.ppas,995 :: 		
$03AD	$	C3232S2:
;math.ppas,996 :: 		
$03AD	$1BFC			BTFSC	STACK_12, 7
;math.ppas,997 :: 		
$03AE	$2BE5			GOTO	C3232SX4
;math.ppas,998 :: 		
$03AF	$	C3232SOK:
;math.ppas,999 :: 		
$03AF	$1FFD			BTFSS	STACK_13, 7
;math.ppas,1000 :: 		
$03B0	$2C0C			GOTO	END_ALL
;math.ppas,1001 :: 		
$03B1	$09F0			COMF	STACK_0, F
;math.ppas,1002 :: 		
$03B2	$09F1			COMF	STACK_1, F
;math.ppas,1003 :: 		
$03B3	$09F2			COMF	STACK_2, F
;math.ppas,1004 :: 		
$03B4	$09F3			COMF	STACK_3, F
;math.ppas,1005 :: 		
$03B5	$0AF0			INCF	STACK_0, F
;math.ppas,1006 :: 		
$03B6	$1903			BTFSC	STATUS, Z
;math.ppas,1007 :: 		
$03B7	$0AF1			INCF	STACK_1, F
;math.ppas,1008 :: 		
$03B8	$1903			BTFSC	STATUS, Z
;math.ppas,1009 :: 		
$03B9	$0AF2			INCF	STACK_2, F
;math.ppas,1010 :: 		
$03BA	$1903			BTFSC	STATUS, Z
;math.ppas,1012 :: 		
$03BB	$0AF3			INCF	STACK_3, F
;math.ppas,1013 :: 		
$03BC	$09F8			COMF	STACK_8, F
;math.ppas,1014 :: 		
$03BD	$09F9			COMF	STACK_9, F
;math.ppas,1015 :: 		
$03BE	$09FA			COMF	STACK_10, F
;math.ppas,1016 :: 		
$03BF	$09FB			COMF	STACK_11, F
;math.ppas,1017 :: 		
$03C0	$0AF8			INCF	STACK_8, F
;math.ppas,1018 :: 		
$03C1	$1903			BTFSC	STATUS, Z
;math.ppas,1019 :: 		
$03C2	$0AF9			INCF	STACK_9, F
;math.ppas,1020 :: 		
$03C3	$1903			BTFSC	STATUS, Z
;math.ppas,1021 :: 		
$03C4	$0AFA			INCF	STACK_10, F
;math.ppas,1022 :: 		
$03C5	$1903			BTFSC	STATUS, Z
;math.ppas,1024 :: 		
$03C6	$0AFB			INCF	STACK_11, F
;math.ppas,1025 :: 		
$03C7	$2C0C			GOTO	END_ALL
;math.ppas,1026 :: 		
$03C8	$	C3232SX1:
;math.ppas,1027 :: 		
$03C8	$1FF7			BTFSS	STACK_7, 7
;math.ppas,1028 :: 		
$03C9	$2BDF			GOTO	C3232SX3
;math.ppas,1029 :: 		
$03CA	$1BF3			BTFSC	STACK_3, 7
;math.ppas,1030 :: 		
$03CB	$2BD9			GOTO	C3232SX2
;math.ppas,1031 :: 		
$03CC	$0873			MOVF	STACK_3, W
;math.ppas,1032 :: 		
$03CD	$00FB			MOVWF	STACK_11
;math.ppas,1033 :: 		
$03CE	$0872			MOVF	STACK_2, W
;math.ppas,1034 :: 		
$03CF	$00FA			MOVWF	STACK_10
;math.ppas,1035 :: 		
$03D0	$0871			MOVF	STACK_1, W
;math.ppas,1036 :: 		
$03D1	$00F9			MOVWF	STACK_9
;math.ppas,1037 :: 		
$03D2	$0870			MOVF	STACK_0, W
;math.ppas,1038 :: 		
$03D3	$00F8			MOVWF	STACK_8
;math.ppas,1039 :: 		
$03D4	$01F3			CLRF	STACK_3
;math.ppas,1040 :: 		
$03D5	$01F2			CLRF	STACK_2
;math.ppas,1041 :: 		
$03D6	$01F1			CLRF	STACK_1
;math.ppas,1042 :: 		
$03D7	$01F0			CLRF	STACK_0
;math.ppas,1043 :: 		
$03D8	$2BAF			GOTO	C3232SOK
;math.ppas,1044 :: 		
$03D9	$	C3232SX2:
;math.ppas,1045 :: 		
$03D9	$01F3			CLRF	STACK_3
;math.ppas,1046 :: 		
$03DA	$01F2			CLRF	STACK_2
;math.ppas,1047 :: 		
$03DB	$01F1			CLRF	STACK_1
;math.ppas,1048 :: 		
$03DC	$01F0			CLRF	STACK_0
;math.ppas,1049 :: 		
$03DD	$0AF0			INCF	STACK_0, F
;math.ppas,1051 :: 		
$03DE	$3400			RETLW	0X00
;math.ppas,1052 :: 		
$03DF	$	C3232SX3:
;math.ppas,1053 :: 		
$03DF	$09F3			COMF	STACK_3, F
;math.ppas,1054 :: 		
$03E0	$09F2			COMF	STACK_2, F
;math.ppas,1055 :: 		
$03E1	$09F1			COMF	STACK_1, F
;math.ppas,1057 :: 		
$03E2	$09F0			COMF	STACK_0, F
;math.ppas,1059 :: 		
$03E3	$17FC			BSF	STACK_12, 7
;math.ppas,1060 :: 		
$03E4	$2BAC			GOTO	C3232S
;math.ppas,1061 :: 		
$03E5	$	C3232SX4:
;math.ppas,1062 :: 		
$03E5	$0AF8			INCF	STACK_8, F
;math.ppas,1063 :: 		
$03E6	$1903			BTFSC	STATUS, Z
;math.ppas,1064 :: 		
$03E7	$0AF9			INCF	STACK_9, F
;math.ppas,1065 :: 		
$03E8	$1903			BTFSC	STATUS, Z
;math.ppas,1066 :: 		
$03E9	$0AFA			INCF	STACK_10, F
;math.ppas,1067 :: 		
$03EA	$1903			BTFSC	STATUS, Z
;math.ppas,1068 :: 		
$03EB	$0AFB			INCF	STACK_11, F
;math.ppas,1069 :: 		
$03EC	$0874			MOVF	STACK_4, W
;math.ppas,1070 :: 		
$03ED	$0278			SUBWF	STACK_8, W
;math.ppas,1071 :: 		
$03EE	$1D03			BTFSS	STATUS, Z
;math.ppas,1072 :: 		
$03EF	$2BAF			GOTO	C3232SOK
;math.ppas,1073 :: 		
$03F0	$0875			MOVF	STACK_5, W
;math.ppas,1074 :: 		
$03F1	$0279			SUBWF	STACK_9, W
;math.ppas,1075 :: 		
$03F2	$1D03			BTFSS	STATUS, Z
;math.ppas,1076 :: 		
$03F3	$2BAF			GOTO	C3232SOK
;math.ppas,1077 :: 		
$03F4	$0876			MOVF	STACK_6, W
;math.ppas,1078 :: 		
$03F5	$027A			SUBWF	STACK_10, W
;math.ppas,1079 :: 		
$03F6	$1D03			BTFSS	STATUS, Z
;math.ppas,1080 :: 		
$03F7	$2BAF			GOTO	C3232SOK
;math.ppas,1081 :: 		
$03F8	$0877			MOVF	STACK_7, W
;math.ppas,1082 :: 		
$03F9	$027B			SUBWF	STACK_11, W
;math.ppas,1083 :: 		
$03FA	$1D03			BTFSS	STATUS, Z
;math.ppas,1084 :: 		
$03FB	$2BAF			GOTO	C3232SOK
;math.ppas,1085 :: 		
$03FC	$01FB			CLRF	STACK_11
;math.ppas,1086 :: 		
$03FD	$01FA			CLRF	STACK_10
;math.ppas,1087 :: 		
$03FE	$01F9			CLRF	STACK_9
;math.ppas,1088 :: 		
$03FF	$01F8			CLRF	STACK_8
;math.ppas,1089 :: 		
$0400	$0AF0			INCF	STACK_0, F
;math.ppas,1090 :: 		
$0401	$1903			BTFSC	STATUS, Z
;math.ppas,1091 :: 		
$0402	$0AF1			INCF	STACK_1, F
;math.ppas,1092 :: 		
$0403	$1903			BTFSC	STATUS, Z
;math.ppas,1093 :: 		
$0404	$0AF2			INCF	STACK_2, F
;math.ppas,1094 :: 		
$0405	$1903			BTFSC	STATUS, Z
;math.ppas,1095 :: 		
$0406	$0AF3			INCF	STACK_3, F
;math.ppas,1096 :: 		
$0407	$1FF3			BTFSS	STACK_3, 7
;math.ppas,1097 :: 		
$0408	$2BAF			GOTO	C3232SOK
;math.ppas,1098 :: 		
$0409	$01A0			CLRF	MATH___MATH_TEMPB
;math.ppas,1099 :: 		
$040A	$1620			BSF	MATH___MATH_TEMPB, 4
;math.ppas,1100 :: 		
$040B	$34FF			RETLW	0XFF
;math.ppas,1101 :: 		
$040C	$	END_ALL:
;math.ppas,1102 :: 		
$040C	$01A0			CLRF	MATH___MATH_TEMPB
;math.ppas,1103 :: 		
$040D	$1C7C			BTFSS	STACK_12, 0
;math.ppas,1104 :: 		
$040E	$2C10			GOTO	AVOID_COMFREM
;math.ppas,1106 :: 		
$040F	$25DC			CALL	_comfrem
;math.ppas,1108 :: 		
$0410	$	AVOID_COMFREM:
;math.ppas,1109 :: 		
$0410	$3F00			ADDLW	0X00
;math.ppas,1110 :: 		
$0411	$	math_L_11:
;math.ppas,1111 :: 		
$0411	$0008			RETURN
$056A	$	_div_16x16_s_l:
$056A	$1303			BCF	STATUS, RP1
$056B	$1283			BCF	STATUS, RP0
;math.ppas,291 :: 		
;math.ppas,293 :: 		
$056C	$0D71			RLF	STACK_1, W
;math.ppas,294 :: 		
$056D	$0DF8			RLF	STACK_8, F
;math.ppas,295 :: 		
$056E	$0DF9			RLF	STACK_9, F
;math.ppas,296 :: 		
$056F	$0874			MOVF	STACK_4, W
;math.ppas,297 :: 		
$0570	$02F8			SUBWF	STACK_8, F
;math.ppas,298 :: 		
$0571	$0875			MOVF	STACK_5, W
;math.ppas,299 :: 		
$0572	$1C03			BTFSS	STATUS, C
;math.ppas,300 :: 		
$0573	$0F75			INCFSZ	STACK_5, W
;math.ppas,301 :: 		
$0574	$02F9			SUBWF	STACK_9, F
;math.ppas,302 :: 		
$0575	$0DF0			RLF	STACK_0, F
;math.ppas,304 :: 		
$0576	$0DF1			RLF	STACK_1, F
;math.ppas,305 :: 		
$0577	$300F			MOVLW	15
;math.ppas,307 :: 		
$0578	$00FC			MOVWF	STACK_12
;math.ppas,308 :: 		
$0579	$0D71			RLF	STACK_1, W
;math.ppas,309 :: 		
$057A	$0DF8			RLF	STACK_8, F
;math.ppas,310 :: 		
$057B	$0DF9			RLF	STACK_9, F
;math.ppas,312 :: 		
$057C	$0874			MOVF	STACK_4, W
;math.ppas,313 :: 		
$057D	$1C70			BTFSS	STACK_0, 0
;math.ppas,314 :: 		
$057E	$2D85			GOTO	$+7
;math.ppas,315 :: 		
$057F	$02F8			SUBWF	STACK_8, F
;math.ppas,316 :: 		
$0580	$0875			MOVF	STACK_5, W
;math.ppas,317 :: 		
$0581	$1C03			BTFSS	STATUS, C
;math.ppas,318 :: 		
$0582	$0F75			INCFSZ	STACK_5, W
;math.ppas,319 :: 		
$0583	$02F9			SUBWF	STACK_9, F
;math.ppas,321 :: 		
$0584	$2D8A			GOTO	$+6
;math.ppas,322 :: 		
$0585	$07F8			ADDWF	STACK_8, F
;math.ppas,323 :: 		
$0586	$0875			MOVF	STACK_5, W
;math.ppas,324 :: 		
$0587	$1803			BTFSC	STATUS, C
;math.ppas,325 :: 		
$0588	$0F75			INCFSZ	STACK_5, W
;math.ppas,327 :: 		
$0589	$07F9			ADDWF	STACK_9, F
;math.ppas,328 :: 		
$058A	$0DF0			RLF	STACK_0, F
;math.ppas,330 :: 		
$058B	$0DF1			RLF	STACK_1, F
;math.ppas,331 :: 		
$058C	$0BFC			DECFSZ	STACK_12, F
;math.ppas,333 :: 		
$058D	$2D79			GOTO	$-20
;math.ppas,334 :: 		
$058E	$1870			BTFSC	STACK_0, 0
;math.ppas,335 :: 		
$058F	$2D96			GOTO	$+7
;math.ppas,336 :: 		
$0590	$0874			MOVF	STACK_4, W
;math.ppas,337 :: 		
$0591	$07F8			ADDWF	STACK_8, F
;math.ppas,338 :: 		
$0592	$0875			MOVF	STACK_5, W
;math.ppas,339 :: 		
$0593	$1803			BTFSC	STATUS, C
;math.ppas,340 :: 		
$0594	$0F75			INCFSZ	STACK_5, W
;math.ppas,341 :: 		
$0595	$07F9			ADDWF	STACK_9, F
;math.ppas,342 :: 		
$0596	$	math_L_6:
;math.ppas,343 :: 		
$0596	$0008			RETURN
$046C	$	_usart_read_text:
;USART_b75.ppas,78 :: 		
;USART_b75.ppas,79 :: 		
$046C	$1303			BCF	STATUS, RP1
$046D	$1283			BCF	STATUS, RP0
$046E	$01BA			CLRF	_usart_read_text_local_i, 1
;USART_b75.ppas,80 :: 		
$046F	$01BB			CLRF	_usart_read_text_local_j, 1
;USART_b75.ppas,81 :: 		
$0470	$01BE			CLRF	_usart_read_text_local_lasti, 1
;USART_b75.ppas,82 :: 		
$0471	$0839			MOVF	FARG_Usart_Read_Text+1, 0
$0472	$0084			MOVWF	FSR
$0473	$0800			MOVF	INDF, 0
$0474	$00BD			MOVWF	_usart_read_text_local_data2
;USART_b75.ppas,83 :: 		
$0475	$	USART_b75_L_29:
;USART_b75.ppas,85 :: 		
$0475	$25EA			CALL	_usart_data_ready
$0476	$0870			MOVF	STACK_0, 0
$0477	$3A00			XORLW	0
$0478	$1903			BTFSC	STATUS, Z
$0479	$2CA5			GOTO	USART_b75_L_34
$047A	$	USART_b75_L_33:
;USART_b75.ppas,87 :: 		
$047A	$25C9			CALL	_usart_read
$047B	$0870			MOVF	STACK_0, 0
$047C	$00BC			MOVWF	_usart_read_text_local_data
;USART_b75.ppas,88 :: 		
$047D	$083A			MOVF	_usart_read_text_local_i, 0
$047E	$0738			ADDWF	FARG_Usart_Read_Text, 0
$047F	$00F1			MOVWF	STACK_1
$0480	$0871			MOVF	STACK_1, 0
$0481	$0084			MOVWF	FSR
$0482	$0871			MOVF	STACK_1, 0
$0483	$0084			MOVWF	FSR
$0484	$0870			MOVF	STACK_0, 0
$0485	$0080			MOVWF	INDF
;USART_b75.ppas,89 :: 		
$0486	$083C			MOVF	_usart_read_text_local_data, 0
$0487	$063D			XORWF	_usart_read_text_local_data2, 0
$0488	$1D03			BTFSS	STATUS, Z
$0489	$2C8F			GOTO	USART_b75_L_37
$048A	$	USART_b75_L_36:
;USART_b75.ppas,91 :: 		
$048A	$083B			MOVF	_usart_read_text_local_j, 0
$048B	$023A			SUBWF	_usart_read_text_local_i, 0
$048C	$00BE			MOVWF	_usart_read_text_local_lasti
;USART_b75.ppas,92 :: 		
$048D	$0ABB			INCF	_usart_read_text_local_j, 1
;USART_b75.ppas,93 :: 		
$048E	$2C91			GOTO	USART_b75_L_38
;USART_b75.ppas,94 :: 		
$048F	$	USART_b75_L_37:
;USART_b75.ppas,96 :: 		
$048F	$01BB			CLRF	_usart_read_text_local_j, 1
;USART_b75.ppas,97 :: 		
$0490	$01BE			CLRF	_usart_read_text_local_lasti, 1
;USART_b75.ppas,98 :: 		
$0491	$	USART_b75_L_38:
;USART_b75.ppas,100 :: 		
$0491	$083B			MOVF	_usart_read_text_local_j, 0
$0492	$0739			ADDWF	FARG_Usart_Read_Text+1, 0
$0493	$0084			MOVWF	FSR
$0494	$0800			MOVF	INDF, 0
$0495	$00F1			MOVWF	STACK_1
$0496	$0871			MOVF	STACK_1, 0
$0497	$00BD			MOVWF	_usart_read_text_local_data2
;USART_b75.ppas,102 :: 		
$0498	$0871			MOVF	STACK_1, 0
$0499	$3A00			XORLW	0
$049A	$1D03			BTFSS	STATUS, Z
$049B	$2C9D			GOTO	USART_b75_L_40
$049C	$	USART_b75_L_39:
;USART_b75.ppas,103 :: 		
$049C	$2CA6			GOTO	USART_b75_L_30
$049D	$	USART_b75_L_40:
$049D	$	USART_b75_L_41:
;USART_b75.ppas,105 :: 		
$049D	$0ABA			INCF	_usart_read_text_local_i, 1
;USART_b75.ppas,106 :: 		
$049E	$083A			MOVF	_usart_read_text_local_i, 0
$049F	$3C14			SUBLW	20
$04A0	$1803			BTFSC	STATUS, C
$04A1	$2CA5			GOTO	USART_b75_L_43
$04A2	$	USART_b75_L_42:
;USART_b75.ppas,108 :: 		
$04A2	$3013			MOVLW	19
$04A3	$00BE			MOVWF	_usart_read_text_local_lasti
;USART_b75.ppas,109 :: 		
$04A4	$2CA6			GOTO	USART_b75_L_30
;USART_b75.ppas,110 :: 		
$04A5	$	USART_b75_L_43:
$04A5	$	USART_b75_L_44:
;USART_b75.ppas,111 :: 		
$04A5	$	USART_b75_L_34:
$04A5	$	USART_b75_L_35:
;USART_b75.ppas,112 :: 		
$04A5	$2C75			GOTO	USART_b75_L_29
$04A6	$	USART_b75_L_30:
;USART_b75.ppas,113 :: 		
$04A6	$083E			MOVF	_usart_read_text_local_lasti, 0
$04A7	$0738			ADDWF	FARG_Usart_Read_Text, 0
$04A8	$00F0			MOVWF	STACK_0
$04A9	$0870			MOVF	STACK_0, 0
$04AA	$0084			MOVWF	FSR
$04AB	$0870			MOVF	STACK_0, 0
$04AC	$0084			MOVWF	FSR
$04AD	$0180			CLRF	INDF, 1
$04AE	$	USART_b75_L_27:
;USART_b75.ppas,114 :: 		
$04AE	$0008			RETURN
$02B6	$	_strtoint:
;conv.ppas,343 :: 		
;conv.ppas,345 :: 		
$02B6	$1303			BCF	STATUS, RP1
$02B7	$1283			BCF	STATUS, RP0
$02B8	$01B9			CLRF	_strtoint_local_result
$02B9	$01BA			CLRF	_strtoint_local_result+1
;conv.ppas,346 :: 		
$02BA	$3010			MOVLW	16
$02BB	$00BD			MOVWF	_strtoint_local_ep
$02BC	$3027			MOVLW	39
$02BD	$00BE			MOVWF	_strtoint_local_ep+1
;conv.ppas,347 :: 		
$02BE	$01BB			CLRF	_strtoint_local_i
$02BF	$01BC			CLRF	_strtoint_local_i+1
;conv.ppas,348 :: 		
$02C0	$01C1			CLRF	_strtoint_local_tmp
$02C1	$01C2			CLRF	_strtoint_local_tmp+1
$02C2	$01C3			CLRF	_strtoint_local_tmp+2
$02C3	$01C4			CLRF	_strtoint_local_tmp+3
;conv.ppas,349 :: 		
$02C4	$01BF			CLRF	_strtoint_local_negative
$02C5	$01C0			CLRF	_strtoint_local_negative+1
;conv.ppas,353 :: 		
$02C6	$	conv_L_172:
$02C6	$083B			MOVF	_strtoint_local_i, 0
$02C7	$0738			ADDWF	FARG_StrToInt, 0
$02C8	$0084			MOVWF	FSR
$02C9	$0800			MOVF	INDF, 0
$02CA	$00F4			MOVWF	STACK_4
$02CB	$0874			MOVF	STACK_4, 0
$02CC	$3A00			XORLW	0
$02CD	$1903			BTFSC	STATUS, Z
$02CE	$2B32			GOTO	conv_L_173
;conv.ppas,355 :: 		
$02CF	$083B			MOVF	_strtoint_local_i, 0
$02D0	$0738			ADDWF	FARG_StrToInt, 0
$02D1	$0084			MOVWF	FSR
$02D2	$0800			MOVF	INDF, 0
$02D3	$00F4			MOVWF	STACK_4
$02D4	$0874			MOVF	STACK_4, 0
$02D5	$3A2D			XORLW	45
$02D6	$1D03			BTFSS	STATUS, Z
$02D7	$2ADF			GOTO	conv_L_177
$02D8	$	conv_L_176:
;conv.ppas,357 :: 		
$02D8	$30FF			MOVLW	255
$02D9	$00BF			MOVWF	_strtoint_local_negative
$02DA	$01C0			CLRF	_strtoint_local_negative+1
;conv.ppas,358 :: 		
$02DB	$0ABB			INCF	_strtoint_local_i, 1
$02DC	$1903			BTFSC	STATUS, Z
$02DD	$0ABC			INCF	_strtoint_local_i+1, 1
;conv.ppas,359 :: 		
$02DE	$2AC6			GOTO	conv_L_172
;conv.ppas,360 :: 		
$02DF	$	conv_L_177:
$02DF	$	conv_L_178:
;conv.ppas,361 :: 		
$02DF	$083B			MOVF	_strtoint_local_i, 0
$02E0	$0738			ADDWF	FARG_StrToInt, 0
$02E1	$0084			MOVWF	FSR
$02E2	$0800			MOVF	INDF, 0
$02E3	$00F4			MOVWF	STACK_4
$02E4	$0874			MOVF	STACK_4, 0
$02E5	$3A20			XORLW	32
$02E6	$1903			BTFSC	STATUS, Z
$02E7	$2B22			GOTO	conv_L_180
$02E8	$	conv_L_179:
;conv.ppas,362 :: 		
$02E8	$083B			MOVF	_strtoint_local_i, 0
$02E9	$0738			ADDWF	FARG_StrToInt, 0
$02EA	$0084			MOVWF	FSR
$02EB	$0800			MOVF	INDF, 0
$02EC	$00F0			MOVWF	STACK_0
$02ED	$3030			MOVLW	48
$02EE	$00F8			MOVWF	STACK_8
$02EF	$01F9			CLRF	STACK_8+1
$02F0	$01FA			CLRF	STACK_8+2
$02F1	$01FB			CLRF	STACK_8+3
$02F2	$0870			MOVF	STACK_0, 0
$02F3	$00F4			MOVWF	STACK_4
$02F4	$01F5			CLRF	STACK_4+1
$02F5	$01F6			CLRF	STACK_4+2
$02F6	$01F7			CLRF	STACK_4+3
$02F7	$0874			MOVF	STACK_4, 0
$02F8	$00F0			MOVWF	STACK_0
$02F9	$0875			MOVF	STACK_4+1, 0
$02FA	$00F1			MOVWF	STACK_0+1
$02FB	$0876			MOVF	STACK_4+2, 0
$02FC	$00F2			MOVWF	STACK_0+2
$02FD	$0877			MOVF	STACK_4+3, 0
$02FE	$00F3			MOVWF	STACK_0+3
$02FF	$0878			MOVF	STACK_8, 0
$0300	$02F0			SUBWF	STACK_0, 1
$0301	$0879			MOVF	STACK_8+1, 0
$0302	$1C03			BTFSS	STATUS, C
$0303	$0F79			INCFSZ	STACK_8+1, 0
$0304	$02F1			SUBWF	STACK_0+1, 1
$0305	$087A			MOVF	STACK_8+2, 0
$0306	$1C03			BTFSS	STATUS, C
$0307	$0F7A			INCFSZ	STACK_8+2, 0
$0308	$02F2			SUBWF	STACK_0+2, 1
$0309	$087B			MOVF	STACK_8+3, 0
$030A	$1C03			BTFSS	STATUS, C
$030B	$0F7B			INCFSZ	STACK_8+3, 0
$030C	$02F3			SUBWF	STACK_0+3, 1
$030D	$083D			MOVF	_strtoint_local_ep, 0
$030E	$00F4			MOVWF	STACK_4
$030F	$083E			MOVF	_strtoint_local_ep+1, 0
$0310	$00F5			MOVWF	STACK_4+1
$0311	$01F6			CLRF	STACK_4+2
$0312	$01F7			CLRF	STACK_4+3
$0313	$24F8			CALL	_mul_32x32_s
$0314	$0870			MOVF	STACK_0, 0
$0315	$07C1			ADDWF	_strtoint_local_tmp, 1
$0316	$0871			MOVF	STACK_0+1, 0
$0317	$1803			BTFSC	STATUS, C
$0318	$0F71			INCFSZ	STACK_0+1, 0
$0319	$07C2			ADDWF	_strtoint_local_tmp+1, 1
$031A	$0872			MOVF	STACK_0+2, 0
$031B	$1803			BTFSC	STATUS, C
$031C	$0F72			INCFSZ	STACK_0+2, 0
$031D	$07C3			ADDWF	_strtoint_local_tmp+2, 1
$031E	$0873			MOVF	STACK_0+3, 0
$031F	$1803			BTFSC	STATUS, C
$0320	$0F73			INCFSZ	STACK_0+3, 0
$0321	$07C4			ADDWF	_strtoint_local_tmp+3, 1
$0322	$	conv_L_180:
$0322	$	conv_L_181:
;conv.ppas,363 :: 		
$0322	$300A			MOVLW	10
$0323	$00F4			MOVWF	STACK_4
$0324	$01F5			CLRF	STACK_4+1
$0325	$083D			MOVF	_strtoint_local_ep, 0
$0326	$00F0			MOVWF	STACK_0
$0327	$083E			MOVF	_strtoint_local_ep+1, 0
$0328	$00F1			MOVWF	STACK_0+1
$0329	$2597			CALL	_div_16x16_u
$032A	$0870			MOVF	STACK_0, 0
$032B	$00BD			MOVWF	_strtoint_local_ep
$032C	$0871			MOVF	STACK_0+1, 0
$032D	$00BE			MOVWF	_strtoint_local_ep+1
;conv.ppas,365 :: 		
$032E	$0ABB			INCF	_strtoint_local_i, 1
$032F	$1903			BTFSC	STATUS, Z
$0330	$0ABC			INCF	_strtoint_local_i+1, 1
;conv.ppas,366 :: 		
$0331	$2AC6			GOTO	conv_L_172
$0332	$	conv_L_173:
;conv.ppas,370 :: 		
$0332	$083F			MOVF	_strtoint_local_negative, 0
$0333	$0440			IORWF	_strtoint_local_negative+1, 0
$0334	$1903			BTFSC	STATUS, Z
$0335	$2B3A			GOTO	conv_L_183
$0336	$	conv_L_182:
$0336	$3006			MOVLW	6
$0337	$00BD			MOVWF	_strtoint_local_ep
$0338	$01BE			CLRF	_strtoint_local_ep+1
$0339	$2B3D			GOTO	conv_L_184
;conv.ppas,371 :: 		
$033A	$	conv_L_183:
$033A	$3005			MOVLW	5
$033B	$00BD			MOVWF	_strtoint_local_ep
$033C	$01BE			CLRF	_strtoint_local_ep+1
$033D	$	conv_L_184:
;conv.ppas,373 :: 		
$033D	$	conv_L_186:
$033D	$083C			MOVF	_strtoint_local_i+1, 0
$033E	$063E			XORWF	_strtoint_local_ep+1, 0
$033F	$1D03			BTFSS	STATUS, Z
$0340	$2B43			GOTO	L_StrToInt_20
$0341	$083D			MOVF	_strtoint_local_ep, 0
$0342	$063B			XORWF	_strtoint_local_i, 0
$0343	$	L_StrToInt_20:
$0343	$1903			BTFSC	STATUS, Z
$0344	$2B5F			GOTO	conv_L_187
;conv.ppas,375 :: 		
$0345	$300A			MOVLW	10
$0346	$00F4			MOVWF	STACK_4
$0347	$01F5			CLRF	STACK_4+1
$0348	$01F6			CLRF	STACK_4+2
$0349	$01F7			CLRF	STACK_4+3
$034A	$0841			MOVF	_strtoint_local_tmp, 0
$034B	$00F0			MOVWF	STACK_0
$034C	$0842			MOVF	_strtoint_local_tmp+1, 0
$034D	$00F1			MOVWF	STACK_0+1
$034E	$0843			MOVF	_strtoint_local_tmp+2, 0
$034F	$00F2			MOVWF	STACK_0+2
$0350	$0844			MOVF	_strtoint_local_tmp+3, 0
$0351	$00F3			MOVWF	STACK_0+3
$0352	$2378			CALL	_div_32x32_s
$0353	$0870			MOVF	STACK_0, 0
$0354	$00C1			MOVWF	_strtoint_local_tmp
$0355	$0871			MOVF	STACK_0+1, 0
$0356	$00C2			MOVWF	_strtoint_local_tmp+1
$0357	$0872			MOVF	STACK_0+2, 0
$0358	$00C3			MOVWF	_strtoint_local_tmp+2
$0359	$0873			MOVF	STACK_0+3, 0
$035A	$00C4			MOVWF	_strtoint_local_tmp+3
;conv.ppas,376 :: 		
$035B	$0ABB			INCF	_strtoint_local_i, 1
$035C	$1903			BTFSC	STATUS, Z
$035D	$0ABC			INCF	_strtoint_local_i+1, 1
;conv.ppas,377 :: 		
$035E	$2B3D			GOTO	conv_L_186
$035F	$	conv_L_187:
;conv.ppas,380 :: 		
$035F	$0841			MOVF	_strtoint_local_tmp, 0
$0360	$00B9			MOVWF	_strtoint_local_result
$0361	$0842			MOVF	_strtoint_local_tmp+1, 0
$0362	$00BA			MOVWF	_strtoint_local_result+1
;conv.ppas,382 :: 		
$0363	$3000			MOVLW	0
$0364	$0640			XORWF	_strtoint_local_negative+1, 0
$0365	$1D03			BTFSS	STATUS, Z
$0366	$2B69			GOTO	L_StrToInt_21
$0367	$30FF			MOVLW	255
$0368	$063F			XORWF	_strtoint_local_negative, 0
$0369	$	L_StrToInt_21:
$0369	$1D03			BTFSS	STATUS, Z
$036A	$2B73			GOTO	conv_L_191
$036B	$	conv_L_190:
;conv.ppas,383 :: 		
$036B	$0839			MOVF	_strtoint_local_result, 0
$036C	$3C00			SUBLW	0
$036D	$00B9			MOVWF	_strtoint_local_result
$036E	$083A			MOVF	_strtoint_local_result+1, 0
$036F	$1C03			BTFSS	STATUS, C
$0370	$3F01			ADDLW	1
$0371	$01BA			CLRF	_strtoint_local_result+1
$0372	$02BA			SUBWF	_strtoint_local_result+1, 1
$0373	$	conv_L_191:
$0373	$	conv_L_192:
$0373	$	conv_L_170:
;conv.ppas,384 :: 		
$0373	$0839			MOVF	_strtoint_local_result, 0
$0374	$00F0			MOVWF	STACK_0
$0375	$083A			MOVF	_strtoint_local_result+1, 0
$0376	$00F1			MOVWF	STACK_0+1
$0377	$0008			RETURN
$05B4	$	_usart_init:
;USART_b75.ppas,22 :: 		
;USART_b75.ppas,24 :: 		
$05B4	$	USART_b75_L_1:
$05B4	$1303			BCF	STATUS, RP1
$05B5	$1683			BSF	STATUS, RP0
$05B6	$1698			BSF	TXSTA, 5
$05B7	$	USART_b75_L_2:
;USART_b75.ppas,25 :: 		
$05B7	$3090			MOVLW	144
$05B8	$1283			BCF	STATUS, RP0
$05B9	$0098			MOVWF	RCSTA
;USART_b75.ppas,31 :: 		
$05BA	$	USART_b75_L_3:
$05BA	$1683			BSF	STATUS, RP0
$05BB	$1686			BSF	TRISB, 5
$05BC	$	USART_b75_L_4:
;USART_b75.ppas,32 :: 		
$05BC	$	USART_b75_L_5:
$05BC	$1786			BSF	TRISB, 7
$05BD	$	USART_b75_L_6:
;USART_b75.ppas,35 :: 		
$05BD	$	USART_b75_L_8:
$05BD	$1283			BCF	STATUS, RP0
$05BE	$080C			MOVF	PIR1, 0
$05BF	$00F1			MOVWF	STACK_1
$05C0	$3000			MOVLW	0
$05C1	$1AF1			BTFSC	STACK_1, 5
$05C2	$3001			MOVLW	1
$05C3	$00F1			MOVWF	STACK_1
$05C4	$0871			MOVF	STACK_1, 0
$05C5	$3A01			XORLW	1
$05C6	$1903			BTFSC	STATUS, Z
$05C7	$2DBD			GOTO	USART_b75_L_8
;USART_b75.ppas,36 :: 		
$05C8	$	USART_b75_L_9:
$05C8	$	USART_b75_L_0:
;USART_b75.ppas,37 :: 		
$05C8	$0008			RETURN
$0412	$	_div_16x16_s:
$0412	$1303			BCF	STATUS, RP1
$0413	$1283			BCF	STATUS, RP0
;math.ppas,346 :: 		
;math.ppas,348 :: 		
$0414	$01FD			CLRF	STACK_13
;math.ppas,349 :: 		
$0415	$01F9			CLRF	STACK_9
;math.ppas,350 :: 		
$0416	$01F8			CLRF	STACK_8
;math.ppas,351 :: 		
$0417	$0871			MOVF	STACK_1, W
;math.ppas,352 :: 		
$0418	$0470			IORWF	STACK_0, W
;math.ppas,353 :: 		
$0419	$1903			BTFSC	STATUS, Z
;math.ppas,355 :: 		
$041A	$3400			RETLW	0
;math.ppas,356 :: 		
$041B	$0871			MOVF	STACK_1, W
;math.ppas,357 :: 		
$041C	$0675			XORWF	STACK_5, W
;math.ppas,358 :: 		
$041D	$00FA			MOVWF	STACK_10
;math.ppas,359 :: 		
$041E	$1BFA			BTFSC	STACK_10, 7
;math.ppas,361 :: 		
$041F	$09FD			COMF	STACK_13, F
;math.ppas,363 :: 		
$0420	$01FB			CLRF	STACK_11
;math.ppas,364 :: 		
$0421	$1FF5			BTFSS	STACK_5, 7
;math.ppas,366 :: 		
$0422	$2C28			GOTO	$+6
;math.ppas,367 :: 		
$0423	$09F4			COMF	STACK_4, F
;math.ppas,368 :: 		
$0424	$09F5			COMF	STACK_5, F
;math.ppas,369 :: 		
$0425	$0AF4			INCF	STACK_4, F
;math.ppas,370 :: 		
$0426	$1903			BTFSC	STATUS, Z
;math.ppas,372 :: 		
$0427	$0AF5			INCF	STACK_5, F
;math.ppas,373 :: 		
$0428	$1FF1			BTFSS	STACK_1, 7
;math.ppas,375 :: 		
$0429	$2C2F			GOTO	$+6
;math.ppas,376 :: 		
$042A	$09F0			COMF	STACK_0, F
;math.ppas,377 :: 		
$042B	$09F1			COMF	STACK_1, F
;math.ppas,378 :: 		
$042C	$0AF0			INCF	STACK_0, F
;math.ppas,379 :: 		
$042D	$1903			BTFSC	STATUS, Z
;math.ppas,381 :: 		
$042E	$0AF1			INCF	STACK_1, F
;math.ppas,382 :: 		
$042F	$0871			MOVF	STACK_1, W
;math.ppas,383 :: 		
$0430	$0475			IORWF	STACK_5, W
;math.ppas,384 :: 		
$0431	$00FA			MOVWF	STACK_10
;math.ppas,385 :: 		
$0432	$1BFA			BTFSC	STACK_10, 7
;math.ppas,386 :: 		
$0433	$2C44			GOTO	$+17
;math.ppas,388 :: 		
$0434	$256A			CALL	_div_16x16_s_l
;math.ppas,390 :: 		
$0435	$187B			BTFSC	STACK_11, 0
;math.ppas,392 :: 		
$0436	$2C57			GOTO	$+33
;math.ppas,393 :: 		
$0437	$1FFD			BTFSS	STACK_13, 7
;math.ppas,395 :: 		
$0438	$3400			RETLW	0
;math.ppas,396 :: 		
$0439	$09F0			COMF	STACK_0, F
;math.ppas,397 :: 		
$043A	$09F1			COMF	STACK_1, F
;math.ppas,398 :: 		
$043B	$0AF0			INCF	STACK_0, F
;math.ppas,399 :: 		
$043C	$1903			BTFSC	STATUS, Z
;math.ppas,401 :: 		
$043D	$0AF1			INCF	STACK_1, F
;math.ppas,402 :: 		
$043E	$09F8			COMF	STACK_8, F
;math.ppas,403 :: 		
$043F	$09F9			COMF	STACK_9, F
;math.ppas,404 :: 		
$0440	$0AF8			INCF	STACK_8, F
;math.ppas,405 :: 		
$0441	$1903			BTFSC	STATUS, Z
;math.ppas,407 :: 		
$0442	$0AF9			INCF	STACK_9, F
;math.ppas,409 :: 		
$0443	$3400			RETLW	0
;math.ppas,410 :: 		
$0444	$1FF5			BTFSS	STACK_5, 7
;math.ppas,411 :: 		
$0445	$2C53			GOTO	$+14
;math.ppas,412 :: 		
$0446	$1BF1			BTFSC	STACK_1, 7
;math.ppas,413 :: 		
$0447	$2C4F			GOTO	$+8
;math.ppas,414 :: 		
$0448	$0871			MOVF	STACK_1, W
;math.ppas,415 :: 		
$0449	$00F9			MOVWF	STACK_9
;math.ppas,416 :: 		
$044A	$0870			MOVF	STACK_0, W
;math.ppas,417 :: 		
$044B	$00F8			MOVWF	STACK_8
;math.ppas,418 :: 		
$044C	$01F1			CLRF	STACK_1
;math.ppas,419 :: 		
$044D	$01F0			CLRF	STACK_0
;math.ppas,420 :: 		
$044E	$2C37			GOTO	$-23
;math.ppas,421 :: 		
$044F	$01F1			CLRF	STACK_1
;math.ppas,422 :: 		
$0450	$01F0			CLRF	STACK_0
;math.ppas,423 :: 		
$0451	$0AF0			INCF	STACK_0, F
;math.ppas,425 :: 		
$0452	$3400			RETLW	0
;math.ppas,426 :: 		
$0453	$09F1			COMF	STACK_1, F
;math.ppas,427 :: 		
$0454	$09F0			COMF	STACK_0, F
;math.ppas,428 :: 		
$0455	$0AFB			INCF	STACK_11, F
;math.ppas,430 :: 		
$0456	$2C34			GOTO	$-34
;math.ppas,431 :: 		
$0457	$0AF8			INCF	STACK_8, F
;math.ppas,432 :: 		
$0458	$1903			BTFSC	STATUS, Z
;math.ppas,433 :: 		
$0459	$0AF9			INCF	STACK_9, F
;math.ppas,434 :: 		
$045A	$0874			MOVF	STACK_4, W
;math.ppas,435 :: 		
$045B	$0278			SUBWF	STACK_8, W
;math.ppas,436 :: 		
$045C	$1D03			BTFSS	STATUS, Z
;math.ppas,437 :: 		
$045D	$2C37			GOTO	$-38
;math.ppas,438 :: 		
$045E	$0875			MOVF	STACK_5, W
;math.ppas,439 :: 		
$045F	$0279			SUBWF	STACK_9, W
;math.ppas,440 :: 		
$0460	$1D03			BTFSS	STATUS, Z
;math.ppas,441 :: 		
$0461	$2C37			GOTO	$-42
;math.ppas,442 :: 		
$0462	$01F9			CLRF	STACK_9
;math.ppas,443 :: 		
$0463	$01F8			CLRF	STACK_8
;math.ppas,444 :: 		
$0464	$0AF0			INCF	STACK_0, F
;math.ppas,445 :: 		
$0465	$1903			BTFSC	STATUS, Z
;math.ppas,446 :: 		
$0466	$0AF1			INCF	STACK_1, F
;math.ppas,447 :: 		
$0467	$1FF1			BTFSS	STACK_1, 7
;math.ppas,448 :: 		
$0468	$2C37			GOTO	$-49
;math.ppas,449 :: 		
$0469	$0000			NOP
;math.ppas,450 :: 		
$046A	$34FF			RETLW	255
;math.ppas,451 :: 		
$046B	$	math_L_7:
;math.ppas,452 :: 		
$046B	$0008			RETURN
$04AF	$	_mul_16x16_s:
$04AF	$1303			BCF	STATUS, RP1
$04B0	$1283			BCF	STATUS, RP0
;math.ppas,203 :: 		
;math.ppas,205 :: 		
$04B1	$01FB			CLRF	STACK_11
;math.ppas,206 :: 		
$04B2	$01FA			CLRF	STACK_10
;math.ppas,207 :: 		
$04B3	$01F9			CLRF	STACK_9
;math.ppas,208 :: 		
$04B4	$3080			MOVLW	128
;math.ppas,210 :: 		
$04B5	$00F8			MOVWF	STACK_8
;math.ppas,212 :: 		
$04B6	$01FD			CLRF	STACK_13
;math.ppas,213 :: 		
$04B7	$1FF1			BTFSS	STACK_1, 7
;math.ppas,214 :: 		
$04B8	$2CBF			GOTO	$+7
;math.ppas,215 :: 		
$04B9	$09F1			COMF	STACK_1, F
;math.ppas,216 :: 		
$04BA	$09F0			COMF	STACK_0, F
;math.ppas,217 :: 		
$04BB	$0AF0			INCF	STACK_0, F
;math.ppas,218 :: 		
$04BC	$1903			BTFSC	STATUS, Z
;math.ppas,219 :: 		
$04BD	$0AF1			INCF	STACK_1, F
;math.ppas,221 :: 		
$04BE	$0AFD			INCF	STACK_13, F
;math.ppas,222 :: 		
$04BF	$1FF5			BTFSS	STACK_5, 7
;math.ppas,223 :: 		
$04C0	$2CC7			GOTO	$+7
;math.ppas,224 :: 		
$04C1	$09F5			COMF	STACK_5, F
;math.ppas,225 :: 		
$04C2	$09F4			COMF	STACK_4, F
;math.ppas,226 :: 		
$04C3	$0AF4			INCF	STACK_4, F
;math.ppas,227 :: 		
$04C4	$1903			BTFSC	STATUS, Z
;math.ppas,228 :: 		
$04C5	$0AF5			INCF	STACK_5, F
;math.ppas,230 :: 		
$04C6	$0AFD			INCF	STACK_13, F
;math.ppas,231 :: 		
$04C7	$0CF1			RRF	STACK_1, F
;math.ppas,233 :: 		
$04C8	$0CF0			RRF	STACK_0, F
;math.ppas,234 :: 		
$04C9	$1C03			BTFSS	STATUS, C
;math.ppas,235 :: 		
$04CA	$2CD4			GOTO	$+10
;math.ppas,236 :: 		
$04CB	$0874			MOVF	STACK_4, W
;math.ppas,238 :: 		
$04CC	$07F9			ADDWF	STACK_9, F
;math.ppas,239 :: 		
$04CD	$0875			MOVF	STACK_5, W
;math.ppas,240 :: 		
$04CE	$1803			BTFSC	STATUS, C
;math.ppas,241 :: 		
$04CF	$0F75			INCFSZ	STACK_5, W
;math.ppas,242 :: 		
$04D0	$07FA			ADDWF	STACK_10, F
;math.ppas,243 :: 		
$04D1	$1803			BTFSC	STATUS, C
;math.ppas,244 :: 		
$04D2	$0AFB			INCF	STACK_11, F
;math.ppas,246 :: 		
$04D3	$1003			BCF	STATUS, C
;math.ppas,247 :: 		
$04D4	$1FF0			BTFSS	STACK_0, 7
;math.ppas,248 :: 		
$04D5	$2CDC			GOTO	$+7
;math.ppas,249 :: 		
$04D6	$0874			MOVF	STACK_4, W
;math.ppas,250 :: 		
$04D7	$07FA			ADDWF	STACK_10, F
;math.ppas,251 :: 		
$04D8	$1803			BTFSC	STATUS, C
;math.ppas,252 :: 		
$04D9	$0AFB			INCF	STACK_11, F
;math.ppas,253 :: 		
$04DA	$0875			MOVF	STACK_5, W
;math.ppas,255 :: 		
$04DB	$07FB			ADDWF	STACK_11, F
;math.ppas,256 :: 		
$04DC	$0CFB			RRF	STACK_11, F
;math.ppas,257 :: 		
$04DD	$0CFA			RRF	STACK_10, F
;math.ppas,258 :: 		
$04DE	$0CF9			RRF	STACK_9, F
;math.ppas,260 :: 		
$04DF	$0CF8			RRF	STACK_8, F
;math.ppas,261 :: 		
$04E0	$1C03			BTFSS	STATUS, C
;math.ppas,262 :: 		
$04E1	$2CC7			GOTO	$-26
;math.ppas,263 :: 		
$04E2	$1C7D			BTFSS	STACK_13, 0
;math.ppas,265 :: 		
$04E3	$2CEF			GOTO	$+12
;math.ppas,266 :: 		
$04E4	$09FB			COMF	STACK_11, F
;math.ppas,267 :: 		
$04E5	$09FA			COMF	STACK_10, F
;math.ppas,268 :: 		
$04E6	$09F9			COMF	STACK_9, F
;math.ppas,270 :: 		
$04E7	$09F8			COMF	STACK_8, F
;math.ppas,271 :: 		
$04E8	$0AF8			INCF	STACK_8, F
;math.ppas,272 :: 		
$04E9	$1903			BTFSC	STATUS, Z
;math.ppas,273 :: 		
$04EA	$0AF9			INCF	STACK_9, F
;math.ppas,274 :: 		
$04EB	$1903			BTFSC	STATUS, Z
;math.ppas,275 :: 		
$04EC	$0AFA			INCF	STACK_10, F
;math.ppas,276 :: 		
$04ED	$1903			BTFSC	STATUS, Z
;math.ppas,278 :: 		
$04EE	$0AFB			INCF	STACK_11, F
;math.ppas,279 :: 		
$04EF	$087B			MOVF	STACK_11, W
;math.ppas,280 :: 		
$04F0	$00F3			MOVWF	STACK_3
;math.ppas,281 :: 		
$04F1	$087A			MOVF	STACK_10, W
;math.ppas,282 :: 		
$04F2	$00F2			MOVWF	STACK_2
;math.ppas,283 :: 		
$04F3	$0879			MOVF	STACK_9, W
;math.ppas,284 :: 		
$04F4	$00F1			MOVWF	STACK_1
;math.ppas,285 :: 		
$04F5	$0878			MOVF	STACK_8, W
;math.ppas,286 :: 		
$04F6	$00F0			MOVWF	STACK_0
;math.ppas,287 :: 		
$04F7	$	math_L_5:
;math.ppas,288 :: 		
$04F7	$0008			RETURN
$0004	$	_main:
;Pic2.pbas,10 :: 		main:
$0004	$	_main_main:
;Pic2.pbas,12 :: 		TRISA=%11011111
$0004	$30DF			MOVLW	223
$0005	$1303			BCF	STATUS, RP1
$0006	$1683			BSF	STATUS, RP0
$0007	$0085			MOVWF	TRISA
;Pic2.pbas,13 :: 		TRISB=%01111111
$0008	$307F			MOVLW	127
$0009	$0086			MOVWF	TRISB
;Pic2.pbas,14 :: 		TRISC=%00000000
$000A	$0187			CLRF	TRISC, 1
;Pic2.pbas,15 :: 		INTCON=%00000000
$000B	$018B			CLRF	INTCON, 1
;Pic2.pbas,16 :: 		ANSEL=%00000000
$000C	$1703			BSF	STATUS, RP1
$000D	$1283			BCF	STATUS, RP0
$000E	$019E			CLRF	ANSEL, 1
;Pic2.pbas,17 :: 		ANSELH=%00000000
$000F	$019F			CLRF	ANSELH, 1
;Pic2.pbas,19 :: 		portc = 0
$0010	$1303			BCF	STATUS, RP1
$0011	$0187			CLRF	PORTC, 1
;Pic2.pbas,20 :: 		senha = 0
$0012	$01A1			CLRF	_senha
$0013	$01A2			CLRF	_senha+1
;Pic2.pbas,21 :: 		uni = 0
$0014	$01A3			CLRF	_uni
$0015	$01A4			CLRF	_uni+1
;Pic2.pbas,22 :: 		dez = 0
$0016	$01A5			CLRF	_dez
$0017	$01A6			CLRF	_dez+1
;Pic2.pbas,23 :: 		cent = 0
$0018	$01A7			CLRF	_cent
$0019	$01A8			CLRF	_cent+1
;Pic2.pbas,24 :: 		tipo = 0
$001A	$01A9			CLRF	_tipo
$001B	$01AA			CLRF	_tipo+1
;Pic2.pbas,25 :: 		USART_INIT(9600)
$001C	$3019			MOVLW	25
$001D	$1683			BSF	STATUS, RP0
$001E	$0099			MOVWF	SPBRG
$001F	$1518			BSF	TXSTA, BRGH
$0020	$25B4			CALL	_usart_init
;Pic2.pbas,27 :: 		executa:
$0021	$	_main_executa:
;Pic2.pbas,29 :: 		if USART_Data_Ready > 0 then
$0021	$25EA			CALL	_usart_data_ready
$0022	$0870			MOVF	STACK_0, 0
$0023	$3C00			SUBLW	0
$0024	$1803			BTFSC	STATUS, C
$0025	$2935			GOTO	Pic2_L_2
$0026	$	Pic2_L_1:
;Pic2.pbas,30 :: 		Usart_Read_Text(recebe,"/")
$0026	$302B			MOVLW	_recebe
$0027	$00B8			MOVWF	FARG_Usart_Read_Text
$0028	$302F			MOVLW	47
$0029	$00B2			MOVWF	?main_Local_Text+0
$002A	$01B3			CLRF	?main_Local_Text+1
$002B	$3032			MOVLW	?main_Local_Text
$002C	$00B9			MOVWF	FARG_Usart_Read_Text+1
$002D	$246C			CALL	_usart_read_text
;Pic2.pbas,32 :: 		senha = StrToInt(recebe)
$002E	$302B			MOVLW	_recebe
$002F	$00B8			MOVWF	FARG_StrToInt
$0030	$22B6			CALL	_strtoint
$0031	$0870			MOVF	STACK_0, 0
$0032	$00A1			MOVWF	_senha
$0033	$0871			MOVF	STACK_0+1, 0
$0034	$00A2			MOVWF	_senha+1
;Pic2.pbas,33 :: 		tipo = senha div 1000
$0035	$30E8			MOVLW	232
$0036	$00F4			MOVWF	STACK_4
$0037	$3003			MOVLW	3
$0038	$00F5			MOVWF	STACK_4+1
$0039	$2412			CALL	_div_16x16_s
$003A	$0870			MOVF	STACK_0, 0
$003B	$00A9			MOVWF	_tipo
$003C	$0871			MOVF	STACK_0+1, 0
$003D	$00AA			MOVWF	_tipo+1
;Pic2.pbas,34 :: 		if tipo = 1 then
$003E	$3000			MOVLW	0
$003F	$0671			XORWF	STACK_0+1, 0
$0040	$1D03			BTFSS	STATUS, Z
$0041	$2844			GOTO	L_main_0
$0042	$3001			MOVLW	1
$0043	$0670			XORWF	STACK_0, 0
$0044	$	L_main_0:
$0044	$1D03			BTFSS	STATUS, Z
$0045	$28BE			GOTO	Pic2_L_5
$0046	$	Pic2_L_4:
;Pic2.pbas,35 :: 		cent = senha div 100 - (tipo * 10)
$0046	$3064			MOVLW	100
$0047	$00F4			MOVWF	STACK_4
$0048	$01F5			CLRF	STACK_4+1
$0049	$0821			MOVF	_senha, 0
$004A	$00F0			MOVWF	STACK_0
$004B	$0822			MOVF	_senha+1, 0
$004C	$00F1			MOVWF	STACK_0+1
$004D	$2412			CALL	_div_16x16_s
$004E	$0870			MOVF	STACK_0, 0
$004F	$00B4			MOVWF	FLOC_main+2
$0050	$0871			MOVF	STACK_0+1, 0
$0051	$00B5			MOVWF	FLOC_main+3
$0052	$0829			MOVF	_tipo, 0
$0053	$00F0			MOVWF	STACK_0
$0054	$082A			MOVF	_tipo+1, 0
$0055	$00F1			MOVWF	STACK_0+1
$0056	$300A			MOVLW	10
$0057	$00F4			MOVWF	STACK_4
$0058	$01F5			CLRF	STACK_4+1
$0059	$24AF			CALL	_mul_16x16_s
$005A	$0870			MOVF	STACK_0, 0
$005B	$0234			SUBWF	FLOC_main+2, 0
$005C	$00B6			MOVWF	FLOC_main+4
$005D	$0871			MOVF	STACK_0+1, 0
$005E	$1C03			BTFSS	STATUS, C
$005F	$3F01			ADDLW	1
$0060	$0235			SUBWF	FLOC_main+3, 0
$0061	$00B7			MOVWF	FLOC_main+5
$0062	$0836			MOVF	FLOC_main+4, 0
$0063	$00A7			MOVWF	_cent
$0064	$0837			MOVF	FLOC_main+5, 0
$0065	$00A8			MOVWF	_cent+1
;Pic2.pbas,36 :: 		dez = senha div 10 - (cent * 10) - (tipo * 100)
$0066	$300A			MOVLW	10
$0067	$00F4			MOVWF	STACK_4
$0068	$01F5			CLRF	STACK_4+1
$0069	$0821			MOVF	_senha, 0
$006A	$00F0			MOVWF	STACK_0
$006B	$0822			MOVF	_senha+1, 0
$006C	$00F1			MOVWF	STACK_0+1
$006D	$2412			CALL	_div_16x16_s
$006E	$0870			MOVF	STACK_0, 0
$006F	$00B4			MOVWF	FLOC_main+2
$0070	$0871			MOVF	STACK_0+1, 0
$0071	$00B5			MOVWF	FLOC_main+3
$0072	$0836			MOVF	FLOC_main+4, 0
$0073	$00F0			MOVWF	STACK_0
$0074	$0837			MOVF	FLOC_main+5, 0
$0075	$00F1			MOVWF	STACK_0+1
$0076	$300A			MOVLW	10
$0077	$00F4			MOVWF	STACK_4
$0078	$01F5			CLRF	STACK_4+1
$0079	$24AF			CALL	_mul_16x16_s
$007A	$0870			MOVF	STACK_0, 0
$007B	$02B4			SUBWF	FLOC_main+2, 1
$007C	$1C03			BTFSS	STATUS, C
$007D	$03B5			DECF	FLOC_main+3, 1
$007E	$0871			MOVF	STACK_0+1, 0
$007F	$02B5			SUBWF	FLOC_main+3, 1
$0080	$0829			MOVF	_tipo, 0
$0081	$00F0			MOVWF	STACK_0
$0082	$082A			MOVF	_tipo+1, 0
$0083	$00F1			MOVWF	STACK_0+1
$0084	$3064			MOVLW	100
$0085	$00F4			MOVWF	STACK_4
$0086	$01F5			CLRF	STACK_4+1
$0087	$24AF			CALL	_mul_16x16_s
$0088	$0870			MOVF	STACK_0, 0
$0089	$0234			SUBWF	FLOC_main+2, 0
$008A	$00F0			MOVWF	STACK_0
$008B	$0871			MOVF	STACK_0+1, 0
$008C	$1C03			BTFSS	STATUS, C
$008D	$3F01			ADDLW	1
$008E	$0235			SUBWF	FLOC_main+3, 0
$008F	$00F1			MOVWF	STACK_0+1
$0090	$0870			MOVF	STACK_0, 0
$0091	$00A5			MOVWF	_dez
$0092	$0871			MOVF	STACK_0+1, 0
$0093	$00A6			MOVWF	_dez+1
;Pic2.pbas,37 :: 		uni = senha - (dez * 10) - (cent * 100) - (tipo * 1000)
$0094	$300A			MOVLW	10
$0095	$00F4			MOVWF	STACK_4
$0096	$01F5			CLRF	STACK_4+1
$0097	$24AF			CALL	_mul_16x16_s
$0098	$0870			MOVF	STACK_0, 0
$0099	$0221			SUBWF	_senha, 0
$009A	$00A3			MOVWF	_uni
$009B	$0871			MOVF	STACK_0+1, 0
$009C	$1C03			BTFSS	STATUS, C
$009D	$3F01			ADDLW	1
$009E	$0222			SUBWF	_senha+1, 0
$009F	$00A4			MOVWF	_uni+1
$00A0	$0836			MOVF	FLOC_main+4, 0
$00A1	$00F0			MOVWF	STACK_0
$00A2	$0837			MOVF	FLOC_main+5, 0
$00A3	$00F1			MOVWF	STACK_0+1
$00A4	$3064			MOVLW	100
$00A5	$00F4			MOVWF	STACK_4
$00A6	$01F5			CLRF	STACK_4+1
$00A7	$24AF			CALL	_mul_16x16_s
$00A8	$0870			MOVF	STACK_0, 0
$00A9	$02A3			SUBWF	_uni, 1
$00AA	$1C03			BTFSS	STATUS, C
$00AB	$03A4			DECF	_uni+1, 1
$00AC	$0871			MOVF	STACK_0+1, 0
$00AD	$02A4			SUBWF	_uni+1, 1
$00AE	$0829			MOVF	_tipo, 0
$00AF	$00F0			MOVWF	STACK_0
$00B0	$082A			MOVF	_tipo+1, 0
$00B1	$00F1			MOVWF	STACK_0+1
$00B2	$30E8			MOVLW	232
$00B3	$00F4			MOVWF	STACK_4
$00B4	$3003			MOVLW	3
$00B5	$00F5			MOVWF	STACK_4+1
$00B6	$24AF			CALL	_mul_16x16_s
$00B7	$0870			MOVF	STACK_0, 0
$00B8	$02A3			SUBWF	_uni, 1
$00B9	$1C03			BTFSS	STATUS, C
$00BA	$03A4			DECF	_uni+1, 1
$00BB	$0871			MOVF	STACK_0+1, 0
$00BC	$02A4			SUBWF	_uni+1, 1
$00BD	$2935			GOTO	Pic2_L_6
;Pic2.pbas,41 :: 		else
$00BE	$	Pic2_L_5:
;Pic2.pbas,42 :: 		cent = senha div 100 - (tipo * 10)
$00BE	$3064			MOVLW	100
$00BF	$00F4			MOVWF	STACK_4
$00C0	$01F5			CLRF	STACK_4+1
$00C1	$0821			MOVF	_senha, 0
$00C2	$00F0			MOVWF	STACK_0
$00C3	$0822			MOVF	_senha+1, 0
$00C4	$00F1			MOVWF	STACK_0+1
$00C5	$2412			CALL	_div_16x16_s
$00C6	$0870			MOVF	STACK_0, 0
$00C7	$00B4			MOVWF	FLOC_main+2
$00C8	$0871			MOVF	STACK_0+1, 0
$00C9	$00B5			MOVWF	FLOC_main+3
$00CA	$0829			MOVF	_tipo, 0
$00CB	$00F0			MOVWF	STACK_0
$00CC	$082A			MOVF	_tipo+1, 0
$00CD	$00F1			MOVWF	STACK_0+1
$00CE	$300A			MOVLW	10
$00CF	$00F4			MOVWF	STACK_4
$00D0	$01F5			CLRF	STACK_4+1
$00D1	$24AF			CALL	_mul_16x16_s
$00D2	$0870			MOVF	STACK_0, 0
$00D3	$0234			SUBWF	FLOC_main+2, 0
$00D4	$00B6			MOVWF	FLOC_main+4
$00D5	$0871			MOVF	STACK_0+1, 0
$00D6	$1C03			BTFSS	STATUS, C
$00D7	$3F01			ADDLW	1
$00D8	$0235			SUBWF	FLOC_main+3, 0
$00D9	$00B7			MOVWF	FLOC_main+5
$00DA	$0836			MOVF	FLOC_main+4, 0
$00DB	$00A7			MOVWF	_cent
$00DC	$0837			MOVF	FLOC_main+5, 0
$00DD	$00A8			MOVWF	_cent+1
;Pic2.pbas,43 :: 		dez = senha div 10 - (cent * 10) - (tipo * 100)
$00DE	$300A			MOVLW	10
$00DF	$00F4			MOVWF	STACK_4
$00E0	$01F5			CLRF	STACK_4+1
$00E1	$0821			MOVF	_senha, 0
$00E2	$00F0			MOVWF	STACK_0
$00E3	$0822			MOVF	_senha+1, 0
$00E4	$00F1			MOVWF	STACK_0+1
$00E5	$2412			CALL	_div_16x16_s
$00E6	$0870			MOVF	STACK_0, 0
$00E7	$00B4			MOVWF	FLOC_main+2
$00E8	$0871			MOVF	STACK_0+1, 0
$00E9	$00B5			MOVWF	FLOC_main+3
$00EA	$0836			MOVF	FLOC_main+4, 0
$00EB	$00F0			MOVWF	STACK_0
$00EC	$0837			MOVF	FLOC_main+5, 0
$00ED	$00F1			MOVWF	STACK_0+1
$00EE	$300A			MOVLW	10
$00EF	$00F4			MOVWF	STACK_4
$00F0	$01F5			CLRF	STACK_4+1
$00F1	$24AF			CALL	_mul_16x16_s
$00F2	$0870			MOVF	STACK_0, 0
$00F3	$02B4			SUBWF	FLOC_main+2, 1
$00F4	$1C03			BTFSS	STATUS, C
$00F5	$03B5			DECF	FLOC_main+3, 1
$00F6	$0871			MOVF	STACK_0+1, 0
$00F7	$02B5			SUBWF	FLOC_main+3, 1
$00F8	$0829			MOVF	_tipo, 0
$00F9	$00F0			MOVWF	STACK_0
$00FA	$082A			MOVF	_tipo+1, 0
$00FB	$00F1			MOVWF	STACK_0+1
$00FC	$3064			MOVLW	100
$00FD	$00F4			MOVWF	STACK_4
$00FE	$01F5			CLRF	STACK_4+1
$00FF	$24AF			CALL	_mul_16x16_s
$0100	$0870			MOVF	STACK_0, 0
$0101	$0234			SUBWF	FLOC_main+2, 0
$0102	$00F0			MOVWF	STACK_0
$0103	$0871			MOVF	STACK_0+1, 0
$0104	$1C03			BTFSS	STATUS, C
$0105	$3F01			ADDLW	1
$0106	$0235			SUBWF	FLOC_main+3, 0
$0107	$00F1			MOVWF	STACK_0+1
$0108	$0870			MOVF	STACK_0, 0
$0109	$00A5			MOVWF	_dez
$010A	$0871			MOVF	STACK_0+1, 0
$010B	$00A6			MOVWF	_dez+1
;Pic2.pbas,44 :: 		uni = senha - (dez * 10) - (cent * 100) - (tipo * 1000)
$010C	$300A			MOVLW	10
$010D	$00F4			MOVWF	STACK_4
$010E	$01F5			CLRF	STACK_4+1
$010F	$24AF			CALL	_mul_16x16_s
$0110	$0870			MOVF	STACK_0, 0
$0111	$0221			SUBWF	_senha, 0
$0112	$00A3			MOVWF	_uni
$0113	$0871			MOVF	STACK_0+1, 0
$0114	$1C03			BTFSS	STATUS, C
$0115	$3F01			ADDLW	1
$0116	$0222			SUBWF	_senha+1, 0
$0117	$00A4			MOVWF	_uni+1
$0118	$0836			MOVF	FLOC_main+4, 0
$0119	$00F0			MOVWF	STACK_0
$011A	$0837			MOVF	FLOC_main+5, 0
$011B	$00F1			MOVWF	STACK_0+1
$011C	$3064			MOVLW	100
$011D	$00F4			MOVWF	STACK_4
$011E	$01F5			CLRF	STACK_4+1
$011F	$24AF			CALL	_mul_16x16_s
$0120	$0870			MOVF	STACK_0, 0
$0121	$02A3			SUBWF	_uni, 1
$0122	$1C03			BTFSS	STATUS, C
$0123	$03A4			DECF	_uni+1, 1
$0124	$0871			MOVF	STACK_0+1, 0
$0125	$02A4			SUBWF	_uni+1, 1
$0126	$0829			MOVF	_tipo, 0
$0127	$00F0			MOVWF	STACK_0
$0128	$082A			MOVF	_tipo+1, 0
$0129	$00F1			MOVWF	STACK_0+1
$012A	$30E8			MOVLW	232
$012B	$00F4			MOVWF	STACK_4
$012C	$3003			MOVLW	3
$012D	$00F5			MOVWF	STACK_4+1
$012E	$24AF			CALL	_mul_16x16_s
$012F	$0870			MOVF	STACK_0, 0
$0130	$02A3			SUBWF	_uni, 1
$0131	$1C03			BTFSS	STATUS, C
$0132	$03A4			DECF	_uni+1, 1
$0133	$0871			MOVF	STACK_0+1, 0
$0134	$02A4			SUBWF	_uni+1, 1
;Pic2.pbas,48 :: 		end if
$0135	$	Pic2_L_6:
$0135	$	Pic2_L_2:
;Pic2.pbas,50 :: 		end if
$0135	$	Pic2_L_3:
;Pic2.pbas,52 :: 		portc = uni + 16
$0135	$3010			MOVLW	16
$0136	$0723			ADDWF	_uni, 0
$0137	$00F0			MOVWF	STACK_0
$0138	$0824			MOVF	_uni+1, 0
$0139	$1803			BTFSC	STATUS, C
$013A	$3F01			ADDLW	1
$013B	$00F1			MOVWF	STACK_0+1
$013C	$3000			MOVLW	0
$013D	$07F1			ADDWF	STACK_0+1, 1
$013E	$0870			MOVF	STACK_0, 0
$013F	$0087			MOVWF	PORTC
;Pic2.pbas,53 :: 		delay_ms(5)
$0140	$3007			MOVLW	7
$0141	$00FB			MOVWF	STACK_11
$0142	$30FF			MOVLW	255
$0143	$00FA			MOVWF	STACK_10
$0144	$0BFB			DECFSZ	STACK_11, F
$0145	$2947			GOTO	$+2
$0146	$294A			GOTO	$+4
$0147	$0BFA			DECFSZ	STACK_10, F
$0148	$2947			GOTO	$-1
$0149	$2944			GOTO	$-5
$014A	$3078			MOVLW	120
$014B	$00FA			MOVWF	STACK_10
$014C	$0BFA			DECFSZ	STACK_10, F
$014D	$294C			GOTO	$-1
$014E	$0000			NOP
$014F	$0000			NOP
;Pic2.pbas,55 :: 		portc = dez + 32
$0150	$3020			MOVLW	32
$0151	$0725			ADDWF	_dez, 0
$0152	$00F0			MOVWF	STACK_0
$0153	$0826			MOVF	_dez+1, 0
$0154	$1803			BTFSC	STATUS, C
$0155	$3F01			ADDLW	1
$0156	$00F1			MOVWF	STACK_0+1
$0157	$3000			MOVLW	0
$0158	$07F1			ADDWF	STACK_0+1, 1
$0159	$0870			MOVF	STACK_0, 0
$015A	$0087			MOVWF	PORTC
;Pic2.pbas,56 :: 		delay_ms(5)
$015B	$3007			MOVLW	7
$015C	$00FB			MOVWF	STACK_11
$015D	$30FF			MOVLW	255
$015E	$00FA			MOVWF	STACK_10
$015F	$0BFB			DECFSZ	STACK_11, F
$0160	$2962			GOTO	$+2
$0161	$2965			GOTO	$+4
$0162	$0BFA			DECFSZ	STACK_10, F
$0163	$2962			GOTO	$-1
$0164	$295F			GOTO	$-5
$0165	$3078			MOVLW	120
$0166	$00FA			MOVWF	STACK_10
$0167	$0BFA			DECFSZ	STACK_10, F
$0168	$2967			GOTO	$-1
$0169	$0000			NOP
$016A	$0000			NOP
;Pic2.pbas,58 :: 		portc = cent + 64
$016B	$3040			MOVLW	64
$016C	$0727			ADDWF	_cent, 0
$016D	$00F0			MOVWF	STACK_0
$016E	$0828			MOVF	_cent+1, 0
$016F	$1803			BTFSC	STATUS, C
$0170	$3F01			ADDLW	1
$0171	$00F1			MOVWF	STACK_0+1
$0172	$3000			MOVLW	0
$0173	$07F1			ADDWF	STACK_0+1, 1
$0174	$0870			MOVF	STACK_0, 0
$0175	$0087			MOVWF	PORTC
;Pic2.pbas,59 :: 		delay_ms(5)
$0176	$3007			MOVLW	7
$0177	$00FB			MOVWF	STACK_11
$0178	$30FF			MOVLW	255
$0179	$00FA			MOVWF	STACK_10
$017A	$0BFB			DECFSZ	STACK_11, F
$017B	$297D			GOTO	$+2
$017C	$2980			GOTO	$+4
$017D	$0BFA			DECFSZ	STACK_10, F
$017E	$297D			GOTO	$-1
$017F	$297A			GOTO	$-5
$0180	$3078			MOVLW	120
$0181	$00FA			MOVWF	STACK_10
$0182	$0BFA			DECFSZ	STACK_10, F
$0183	$2982			GOTO	$-1
$0184	$0000			NOP
$0185	$0000			NOP
;Pic2.pbas,62 :: 		goto executa
$0186	$2821			GOTO	_main_executa
$0187	$2987			GOTO	$


//** Procedures locations **
//ADDRESS		PROCEDURE
//----------------------------------------------
$0004		main
$0188		SDIV3232L
$02B6		StrToInt
$0378		Div_32x32_S
$0412		Div_16x16_S
$046C		Usart_Read_Text
$04AF		Mul_16x16_S
$04F8		Mul_32x32_S
$0533		Mul_32x32_U
$056A		Div_16x16_S_L
$0597		Div_16x16_U
$05B4		USART_Init
$05C9		USART_Read
$05DC		COMFREM
$05EA		USART_Data_Ready


//** Labels locations **
//ADDRESS		LABEL
//----------------------------------------------
$0004		_main:
$0004		_main_main:
$0021		_main_executa:
$0026		Pic2_L_1:
$0044		L_main_0:
$0046		Pic2_L_4:
$00BE		Pic2_L_5:
$0135		Pic2_L_2:
$0135		Pic2_L_3:
$0135		Pic2_L_6:
$0188		_sdiv3232l:
$019B		LOOPS3232A:
$01B1		SADD22LA:
$01BE		SOK22LA:
$01D7		SADD22L8:
$01E4		SOK22L8:
$01E7		LOOPS3232B:
$01FD		SADD22LB:
$020A		SOK22LB:
$0223		SADD22L16:
$0230		SOK22L16:
$0233		LOOPS3232C:
$0249		SADD22LC:
$0256		SOK22LC:
$026F		SADD22L24:
$027C		SOK22L24:
$027F		LOOPS3232D:
$0295		SADD22LD:
$02A2		SOK22LD:
$02B5		math_L_9:
$02B5		SOK22L:
$02B6		_strtoint:
$02C6		conv_L_172:
$02D8		conv_L_176:
$02DF		conv_L_177:
$02DF		conv_L_178:
$02E8		conv_L_179:
$0322		conv_L_180:
$0322		conv_L_181:
$0332		conv_L_173:
$0336		conv_L_182:
$033A		conv_L_183:
$033D		conv_L_184:
$033D		conv_L_186:
$0343		L_StrToInt_20:
$035F		conv_L_187:
$0369		L_StrToInt_21:
$036B		conv_L_190:
$0373		conv_L_170:
$0373		conv_L_191:
$0373		conv_L_192:
$0378		_div_32x32_s:
$037A		FXD3232S:
$039A		CA3232S:
$03A7		C3232SX:
$03AC		C3232S:
$03AD		C3232S2:
$03AF		C3232SOK:
$03C8		C3232SX1:
$03D9		C3232SX2:
$03DF		C3232SX3:
$03E5		C3232SX4:
$040C		END_ALL:
$0410		AVOID_COMFREM:
$0411		math_L_11:
$0412		_div_16x16_s:
$046B		math_L_7:
$046C		_usart_read_text:
$0475		USART_b75_L_29:
$047A		USART_b75_L_33:
$048A		USART_b75_L_36:
$048F		USART_b75_L_37:
$0491		USART_b75_L_38:
$049C		USART_b75_L_39:
$049D		USART_b75_L_40:
$049D		USART_b75_L_41:
$04A2		USART_b75_L_42:
$04A5		USART_b75_L_34:
$04A5		USART_b75_L_35:
$04A5		USART_b75_L_43:
$04A5		USART_b75_L_44:
$04A6		USART_b75_L_30:
$04AE		USART_b75_L_27:
$04AF		_mul_16x16_s:
$04F7		math_L_5:
$04F8		_mul_32x32_s:
$04FB		_IF_FIRST:
$04FD		_INVERCE_FIRST:
$050A		_IF_SECOND:
$050C		_INBERSE_SECOND:
$0518		_MULT:
$0532		_EXIT:
$0532		math_L_14:
$0533		_mul_32x32_u:
$053B		_NEXT:
$053F		_LOOP:
$055B		_EXIT1:
$0569		_EXIT2:
$0569		math_L_13:
$056A		_div_16x16_s_l:
$0596		math_L_6:
$0597		_div_16x16_u:
$05B3		math_L_3:
$05B4		_usart_init:
$05B4		USART_b75_L_1:
$05B7		USART_b75_L_2:
$05BA		USART_b75_L_3:
$05BC		USART_b75_L_4:
$05BC		USART_b75_L_5:
$05BD		USART_b75_L_6:
$05BD		USART_b75_L_8:
$05C8		USART_b75_L_0:
$05C8		USART_b75_L_9:
$05C9		_usart_read:
$05D7		USART_b75_L_20:
$05D8		USART_b75_L_24:
$05D8		USART_b75_L_25:
$05D9		USART_b75_L_19:
$05D9		USART_b75_L_21:
$05D9		USART_b75_L_22:
$05D9		USART_b75_L_26:
$05DC		_comfrem:
$05E9		math_L_10:
$05EA		_usart_data_ready:
$05F4		USART_b75_L_18:


//** Variables locations **
//ADDRESS		VARIABLE
//----------------------------------------------
$0000		INDF
$0002		PCL
$0003		STATUS
$0004		FSR
$0007		PORTC
$000A		PCLATH
$000B		INTCON
$000C		PIR1
$0018		RCSTA
$001A		RCREG
$0020		math___math_tempb
$0021		_senha
$0023		_uni
$0025		_dez
$0027		_cent
$0029		_tipo
$002B		_recebe
$0032		?main_Local_Text
$0034		?T3__main
$0038		FARG_StrToInt
$0038		FARG_USART_Init
$0038		FARG_Usart_Read_Text
$0039		_strtoint_local_result
$0039		FARG_Usart_Read_Text+1
$003A		_usart_read_text_local_i
$003B		_strtoint_local_i
$003B		_usart_read_text_local_j
$003C		_usart_read_text_local_data
$003D		_strtoint_local_ep
$003D		_usart_read_text_local_data2
$003E		_usart_read_text_local_lasti
$003F		_strtoint_local_negative
$0041		_strtoint_local_tmp
$0045		_usart_data_ready_local_result
$0045		_usart_read_local_result
$0070		STACK_0
$0071		STACK_1
$0072		STACK_2
$0073		STACK_3
$0074		STACK_4
$0075		STACK_5
$0076		STACK_6
$0077		STACK_7
$0078		STACK_8
$0079		STACK_9
$007A		STACK_10
$007B		STACK_11
$007C		STACK_12
$007D		STACK_13
$007E		STACK_14
$007F		STACK_15
$0085		TRISA
$0086		TRISB
$0087		TRISC
$0098		TXSTA
$0099		SPBRG
$011E		ANSEL
$011F		ANSELH


